<?xml version="1.0" encoding="UTF-8" ?>
<testsuite tests="11" failures="1" name="TestSuite" time="12.319" errors="0" skipped="10">
  <properties>
    <property name="java.vendor" value="Oracle Corporation"/>
    <property name="JOB_NAME" value="leto tests 2"/>
    <property name="sun.java.launcher" value="SUN_STANDARD"/>
    <property name="windows_tracing_logfile" value="C:\BVTBin\Tests\installpackage\csilogfile.log"/>
    <property name="NUMBER_OF_PROCESSORS" value="4"/>
    <property name="sun.management.compiler" value="HotSpot 64-Bit Tiered Compilers"/>
    <property name="JENKINS_HOME" value="C:\Program Files (x86)\Jenkins"/>
    <property name="HUDSON_SERVER_COOKIE" value="5dd489d28a1e365d"/>
    <property name="POM_ARTIFACTID" value="app-tests"/>
    <property name="os.name" value="Windows 7"/>
    <property name="sun.boot.class.path" value="C:\Program Files\Java\jdk1.8.0_51\jre\lib\resources.jar;C:\Program Files\Java\jdk1.8.0_51\jre\lib\rt.jar;C:\Program Files\Java\jdk1.8.0_51\jre\lib\sunrsasign.jar;C:\Program Files\Java\jdk1.8.0_51\jre\lib\jsse.jar;C:\Program Files\Java\jdk1.8.0_51\jre\lib\jce.jar;C:\Program Files\Java\jdk1.8.0_51\jre\lib\charsets.jar;C:\Program Files\Java\jdk1.8.0_51\jre\lib\jfr.jar;C:\Program Files\Java\jdk1.8.0_51\jre\classes"/>
    <property name="EXECUTOR_NUMBER" value="0"/>
    <property name="user.country.format" value="RU"/>
    <property name="sun.desktop" value="windows"/>
    <property name="PATHEXT" value=".COM;.EXE;.BAT;.CMD;.VBS;.VBE;.JS;.JSE;.WSF;.WSH;.MSC"/>
    <property name="java.vm.specification.vendor" value="Oracle Corporation"/>
    <property name="POM_DISPLAYNAME" value="Leto Bank Application Tests"/>
    <property name="NODE_LABELS" value="master"/>
    <property name="TEMP" value="C:\Users\CHEPEL~1.COR\AppData\Local\Temp"/>
    <property name="java.runtime.version" value="1.8.0_51-b16"/>
    <property name="user.name" value="ChepelVE"/>
    <property name="user.language.format" value="ru"/>
    <property name="guice.disable.misplaced.annotation.check" value="true"/>
    <property name="CommonProgramW6432" value="C:\Program Files\Common Files"/>
    <property name="ProgramFiles" value="C:\Program Files (x86)"/>
    <property name="user.language" value="en"/>
    <property name="BUILD_DISPLAY_NAME" value="#3"/>
    <property name="sun.boot.library.path" value="C:\Program Files\Java\jdk1.8.0_51\jre\bin"/>
    <property name="VS110COMNTOOLS" value="C:\Program Files (x86)\Microsoft Visual Studio 11.0\Common7\Tools\"/>
    <property name="LOCALAPPDATA" value="C:\Users\Chepelve.CORP\AppData\Local"/>
    <property name="java.version" value="1.8.0_51"/>
    <property name="PROCESSOR_LEVEL" value="6"/>
    <property name="user.timezone" value="Europe/Moscow"/>
    <property name="USERNAME" value="ChepelVE"/>
    <property name="sun.arch.data.model" value="64"/>
    <property name="NODE_NAME" value="master"/>
    <property name="PROCESSOR_ARCHITEW6432" value="AMD64"/>
    <property name="java.endorsed.dirs" value="C:\Program Files\Java\jdk1.8.0_51\jre\lib\endorsed"/>
    <property name="BUILD_ID" value="3"/>
    <property name="sun.cpu.isalist" value="amd64"/>
    <property name="sun.jnu.encoding" value="Cp1251"/>
    <property name="file.encoding.pkg" value="sun.io"/>
    <property name="file.separator" value="\"/>
    <property name="java.specification.name" value="Java Platform API Specification"/>
    <property name="java.class.version" value="52.0"/>
    <property name="org.slf4j.simpleLogger.defaultLogLevel" value="info"/>
    <property name="user.country" value="US"/>
    <property name="ALLUSERSPROFILE" value="C:\ProgramData"/>
    <property name="java.home" value="C:\Program Files\Java\jdk1.8.0_51\jre"/>
    <property name="java.vm.info" value="mixed mode"/>
    <property name="os.version" value="6.1"/>
    <property name="POM_VERSION" value="0.0.1-SNAPSHOT"/>
    <property name="TMP" value="C:\Users\CHEPEL~1.COR\AppData\Local\Temp"/>
    <property name="path.separator" value=";"/>
    <property name="java.vm.version" value="25.51-b03"/>
    <property name="user.variant" value=""/>
    <property name="CommonProgramFiles(x86)" value="C:\Program Files (x86)\Common Files"/>
    <property name="java.awt.printerjob" value="sun.awt.windows.WPrinterJob"/>
    <property name="FP_NO_HOST_CHECK" value="NO"/>
    <property name="JAVA_HOME" value="C:\Program Files\Java\jdk1.8.0_51"/>
    <property name="sun.io.unicode.encoding" value="UnicodeLittle"/>
    <property name="CommonProgramFiles" value="C:\Program Files (x86)\Common Files"/>
    <property name="ComSpec" value="C:\Windows\system32\cmd.exe"/>
    <property name="awt.toolkit" value="sun.awt.windows.WToolkit"/>
    <property name="USERDNSDOMAIN" value="CORP.EKASSIR.COM"/>
    <property name="POM_PACKAGING" value="jar"/>
    <property name="SERVICE_ID" value="jenkins"/>
    <property name="COMPUTERNAME" value="WS-QA-08"/>
    <property name="user.script" value=""/>
    <property name="POM_GROUPID" value="ru.letoapp"/>
    <property name="user.home" value="C:\Users\Chepelve.CORP"/>
    <property name="PUBLIC" value="C:\Users\Public"/>
    <property name="BUILD_TAG" value="jenkins-leto tests 2-3"/>
    <property name="JENKINS_SERVER_COOKIE" value="5dd489d28a1e365d"/>
    <property name="HUDSON_URL" value="http://localhost:8080/"/>
    <property name="ProgramData" value="C:\ProgramData"/>
    <property name="java.specification.vendor" value="Oracle Corporation"/>
    <property name="USERPROFILE" value="C:\Users\Chepelve.CORP"/>
    <property name="CLASSPATH" value=""/>
    <property name="java.vendor.url" value="http://java.oracle.com/"/>
    <property name="java.library.path" value="C:\Program Files\Java\jdk1.8.0_51\bin;C:\Windows\Sun\Java\bin;C:\Windows\system32;C:\Windows;C:\apache-maven-3.2.5/bin;C:\Program Files\Java\jdk1.8.0_51/bin;C:\Program Files\Java\jdk1.8.0_51/bin;C:\ProgramData\Oracle\Java\javapath;C:\Windows\system32;C:\Windows;C:\Windows\System32\Wbem;C:\Windows\System32\WindowsPowerShell\v1.0\;C:\Program Files\Microsoft\Web Platform Installer\;C:\Program Files (x86)\Microsoft ASP.NET\ASP.NET Web Pages\v1.0\;C:\Program Files (x86)\Windows Kits\8.0\Windows Performance Toolkit\;C:\Program Files\Microsoft SQL Server\110\Tools\Binn\;C:\Program Files (x86)\Microsoft SQL Server\100\Tools\Binn\;C:\Program Files\Microsoft SQL Server\100\Tools\Binn\;C:\Program Files\Microsoft SQL Server\100\DTS\Binn\;C:\Program Files (x86)\Microsoft SQL Server\100\Tools\Binn\VSShell\Common7\IDE\;C:\Program Files (x86)\Microsoft Visual Studio 9.0\Common7\IDE\PrivateAssemblies\;C:\Program Files (x86)\Microsoft SQL Server\100\DTS\Binn\;C:\Program Files\Java\jdk1.8.0_51\bin;C:\ChromeDriver\chromedriver.exe;C:\IEDriverServer\IEDriverServer.exe;C:\Android\sdk\platform-tools;C:\Android\sdk\tools;C:\apache-maven-3.2.5\bin;C:\Program Files (x86)\Skype\Phone\;C:\apache-jmeter-2.10\bin;."/>
    <property name="java.vm.vendor" value="Oracle Corporation"/>
    <property name="APPDATA" value="C:\Users\Chepelve.CORP\AppData\Roaming"/>
    <property name="JMETER_HOME" value="C:\apache-jmeter-2.10"/>
    <property name="java.runtime.name" value="Java(TM) SE Runtime Environment"/>
    <property name="maven.home" value="C:\apache-maven-3.2.5"/>
    <property name="java.class.path" value="C:\Program Files (x86)\Jenkins\plugins\maven-plugin\WEB-INF\lib\maven31-agent-1.5.jar;C:\apache-maven-3.2.5\boot\plexus-classworlds-2.5.2.jar;C:\apache-maven-3.2.5/conf/logging"/>
    <property name="sun.java.command" value="jenkins.maven3.agent.Maven31Main C:\apache-maven-3.2.5 C:\Program Files (x86)\Jenkins\war\WEB-INF\lib\remoting-2.52.jar C:\Program Files (x86)\Jenkins\plugins\maven-plugin\WEB-INF\lib\maven31-interceptor-1.5.jar C:\Program Files (x86)\Jenkins\plugins\maven-plugin\WEB-INF\lib\maven3-interceptor-commons-1.5.jar 64154"/>
    <property name="Path" value="C:\Program Files\Java\jdk1.8.0_51/bin;C:\ProgramData\Oracle\Java\javapath;C:\Windows\system32;C:\Windows;C:\Windows\System32\Wbem;C:\Windows\System32\WindowsPowerShell\v1.0\;C:\Program Files\Microsoft\Web Platform Installer\;C:\Program Files (x86)\Microsoft ASP.NET\ASP.NET Web Pages\v1.0\;C:\Program Files (x86)\Windows Kits\8.0\Windows Performance Toolkit\;C:\Program Files\Microsoft SQL Server\110\Tools\Binn\;C:\Program Files (x86)\Microsoft SQL Server\100\Tools\Binn\;C:\Program Files\Microsoft SQL Server\100\Tools\Binn\;C:\Program Files\Microsoft SQL Server\100\DTS\Binn\;C:\Program Files (x86)\Microsoft SQL Server\100\Tools\Binn\VSShell\Common7\IDE\;C:\Program Files (x86)\Microsoft Visual Studio 9.0\Common7\IDE\PrivateAssemblies\;C:\Program Files (x86)\Microsoft SQL Server\100\DTS\Binn\;C:\Program Files\Java\jdk1.8.0_51\bin;C:\ChromeDriver\chromedriver.exe;C:\IEDriverServer\IEDriverServer.exe;C:\Android\sdk\platform-tools;C:\Android\sdk\tools;C:\apache-maven-3.2.5\bin;C:\Program Files (x86)\Skype\Phone\;C:\apache-jmeter-2.10\bin"/>
    <property name="java.vm.specification.name" value="Java Virtual Machine Specification"/>
    <property name="PROCESSOR_ARCHITECTURE" value="x86"/>
    <property name="PATH+JDK" value="C:\Program Files\Java\jdk1.8.0_51/bin"/>
    <property name="PROCESSOR_IDENTIFIER" value="Intel64 Family 6 Model 60 Stepping 3, GenuineIntel"/>
    <property name="java.vm.specification.version" value="1.8"/>
    <property name="sun.os.patch.level" value="Service Pack 1"/>
    <property name="sun.cpu.endian" value="little"/>
    <property name="M2_HOME" value="C:\apache-maven-3.2.5"/>
    <property name="java.io.tmpdir" value="C:\Users\CHEPEL~1.COR\AppData\Local\Temp\"/>
    <property name="OS" value="Windows_NT"/>
    <property name="HUDSON_HOME" value="C:\Program Files (x86)\Jenkins"/>
    <property name="PATH+MAVEN" value="C:\apache-maven-3.2.5/bin"/>
    <property name="ProgramFiles(x86)" value="C:\Program Files (x86)"/>
    <property name="BUILD_URL" value="http://localhost:8080/job/leto%20tests%202/3/"/>
    <property name="java.vendor.url.bug" value="http://bugreport.sun.com/bugreport/"/>
    <property name="java.awt.graphicsenv" value="sun.awt.Win32GraphicsEnvironment"/>
    <property name="os.arch" value="amd64"/>
    <property name="SystemRoot" value="C:\Windows"/>
    <property name="windows_tracing_flags" value="3"/>
    <property name="java.ext.dirs" value="C:\Program Files\Java\jdk1.8.0_51\jre\lib\ext;C:\Windows\Sun\Java\lib\ext"/>
    <property name="user.dir" value="C:\Users\Chepelve.CORP\workspace\app-tests"/>
    <property name="JOB_URL" value="http://localhost:8080/job/leto%20tests%202/"/>
    <property name="USERDOMAIN" value="CORP"/>
    <property name="line.separator" value="
"/>
    <property name="MAVEN_HOME" value="C:\apache-maven-3.2.5"/>
    <property name="java.vm.name" value="Java HotSpot(TM) 64-Bit Server VM"/>
    <property name="BUILD_NUMBER" value="3"/>
    <property name="BASE" value="C:\Program Files (x86)\Jenkins"/>
    <property name="ANDROID_HOME" value="C:\Android\sdk"/>
    <property name="JENKINS_URL" value="http://localhost:8080/"/>
    <property name="PROCESSOR_REVISION" value="3c03"/>
    <property name="TEAMCITY_DATA_PATH" value="C:\ProgramData\JetBrains\TeamCity"/>
    <property name="ProgramW6432" value="C:\Program Files"/>
    <property name="windir" value="C:\Windows"/>
    <property name="file.encoding" value="Cp1251"/>
    <property name="GIT_HOME" value="C:\Program Files (x86)\Git\bin\git.exe"/>
    <property name="SystemDrive" value="C:"/>
    <property name="maven3.interceptor" value="C:\Program Files (x86)\Jenkins\plugins\maven-plugin\WEB-INF\lib\maven31-interceptor-1.5.jar"/>
    <property name="WORKSPACE" value="C:\Program Files (x86)\Jenkins\workspace\leto tests 2"/>
    <property name="maven3.interceptor.common" value="C:\Program Files (x86)\Jenkins\plugins\maven-plugin\WEB-INF\lib\maven3-interceptor-commons-1.5.jar"/>
    <property name="WINSW_EXECUTABLE" value="C:\Program Files (x86)\Jenkins\jenkins.exe"/>
    <property name="java.specification.version" value="1.8"/>
    <property name="PSModulePath" value="C:\Windows\system32\WindowsPowerShell\v1.0\Modules\"/>
  </properties>
  <testcase classname="letoapp.tests.CanceledDepositScreensTest" name="setUp" time="12.279">
    <failure message="Error starting Selendroid session
Command duration or timeout: 346 milliseconds
Build info: version: &apos;2.47.0&apos;, revision: &apos;0e4837e94b1fad0db93e88cd972ed3e235a22892&apos;, time: &apos;2015-07-29 15:58:41&apos;
System info: host: &apos;WS-QA-08&apos;, ip: &apos;192.168.4.33&apos;, os.name: &apos;Windows 7&apos;, os.arch: &apos;amd64&apos;, os.version: &apos;6.1&apos;, java.version: &apos;1.8.0_51&apos;
Driver info: io.selendroid.client.SelendroidDriver" type="org.openqa.selenium.SessionNotCreatedException">org.openqa.selenium.SessionNotCreatedException: Error starting Selendroid session
Command duration or timeout: 346 milliseconds
Build info: version: &apos;2.47.0&apos;, revision: &apos;0e4837e94b1fad0db93e88cd972ed3e235a22892&apos;, time: &apos;2015-07-29 15:58:41&apos;
System info: host: &apos;WS-QA-08&apos;, ip: &apos;192.168.4.33&apos;, os.name: &apos;Windows 7&apos;, os.arch: &apos;amd64&apos;, os.version: &apos;6.1&apos;, java.version: &apos;1.8.0_51&apos;
Driver info: io.selendroid.client.SelendroidDriver
	at sun.reflect.NativeConstructorAccessorImpl.newInstance0(Native Method)
	at sun.reflect.NativeConstructorAccessorImpl.newInstance(NativeConstructorAccessorImpl.java:62)
	at sun.reflect.DelegatingConstructorAccessorImpl.newInstance(DelegatingConstructorAccessorImpl.java:45)
	at java.lang.reflect.Constructor.newInstance(Constructor.java:422)
	at org.openqa.selenium.remote.ErrorHandler.createThrowable(ErrorHandler.java:206)
	at org.openqa.selenium.remote.ErrorHandler.throwIfResponseFailed(ErrorHandler.java:158)
	at org.openqa.selenium.remote.RemoteWebDriver.execute(RemoteWebDriver.java:595)
	at org.openqa.selenium.remote.RemoteWebDriver.startSession(RemoteWebDriver.java:242)
	at org.openqa.selenium.remote.RemoteWebDriver.&lt;init&gt;(RemoteWebDriver.java:128)
	at org.openqa.selenium.remote.RemoteWebDriver.&lt;init&gt;(RemoteWebDriver.java:141)
	at io.selendroid.client.SelendroidDriver.&lt;init&gt;(SelendroidDriver.java:75)
	at io.selendroid.client.SelendroidDriver.&lt;init&gt;(SelendroidDriver.java:84)
	at letoapp.AppManager.initDriver(AppManager.java:446)
	at letoapp.SetUpForSuiteBase.setUp(SetUpForSuiteBase.java:31)
	at sun.reflect.NativeMethodAccessorImpl.invoke0(Native Method)
	at sun.reflect.NativeMethodAccessorImpl.invoke(NativeMethodAccessorImpl.java:62)
	at sun.reflect.DelegatingMethodAccessorImpl.invoke(DelegatingMethodAccessorImpl.java:43)
	at java.lang.reflect.Method.invoke(Method.java:497)
	at org.testng.internal.MethodInvocationHelper.invokeMethod(MethodInvocationHelper.java:85)
	at org.testng.internal.Invoker.invokeConfigurationMethod(Invoker.java:517)
	at org.testng.internal.Invoker.invokeConfigurations(Invoker.java:213)
	at org.testng.internal.Invoker.invokeConfigurations(Invoker.java:140)
	at org.testng.internal.TestMethodWorker.invokeBeforeClassMethods(TestMethodWorker.java:170)
	at org.testng.internal.TestMethodWorker.run(TestMethodWorker.java:104)
	at org.testng.TestRunner.privateRun(TestRunner.java:771)
	at org.testng.TestRunner.run(TestRunner.java:621)
	at org.testng.SuiteRunner.runTest(SuiteRunner.java:357)
	at org.testng.SuiteRunner.runSequentially(SuiteRunner.java:352)
	at org.testng.SuiteRunner.privateRun(SuiteRunner.java:310)
	at org.testng.SuiteRunner.run(SuiteRunner.java:259)
	at org.testng.SuiteRunnerWorker.runSuite(SuiteRunnerWorker.java:52)
	at org.testng.SuiteRunnerWorker.run(SuiteRunnerWorker.java:86)
	at org.testng.TestNG.runSuitesSequentially(TestNG.java:1199)
	at org.testng.TestNG.runSuitesLocally(TestNG.java:1124)
	at org.testng.TestNG.run(TestNG.java:1032)
	at org.apache.maven.surefire.testng.TestNGExecutor.run(TestNGExecutor.java:178)
	at org.apache.maven.surefire.testng.TestNGXmlTestSuite.execute(TestNGXmlTestSuite.java:92)
	at org.apache.maven.surefire.testng.TestNGProvider.invoke(TestNGProvider.java:96)
	at sun.reflect.NativeMethodAccessorImpl.invoke0(Native Method)
	at sun.reflect.NativeMethodAccessorImpl.invoke(NativeMethodAccessorImpl.java:62)
	at sun.reflect.DelegatingMethodAccessorImpl.invoke(DelegatingMethodAccessorImpl.java:43)
	at java.lang.reflect.Method.invoke(Method.java:497)
	at org.apache.maven.surefire.util.ReflectionUtils.invokeMethodWithArray(ReflectionUtils.java:189)
	at org.apache.maven.surefire.booter.ProviderFactory$ProviderProxy.invoke(ProviderFactory.java:165)
	at org.apache.maven.surefire.booter.ProviderFactory.invokeProvider(ProviderFactory.java:85)
	at org.apache.maven.surefire.booter.ForkedBooter.runSuitesInProcess(ForkedBooter.java:113)
	at org.apache.maven.surefire.booter.ForkedBooter.main(ForkedBooter.java:75)
Caused by: io.selendroid.server.common.exceptions.SessionNotCreatedException: Error starting Selendroid session
Caused by: io.selendroid.server.common.exceptions.SessionNotCreatedException: Error starting Selendroid session
</failure>
    <system-out>DEBUG|16-16 04:16: Using Log4J as the default logging framework
DEBUG|16-16 04:16: -Dio.netty.eventLoopThreads: 8
DEBUG|16-16 04:16: java.nio.Buffer.address: available
DEBUG|16-16 04:16: sun.misc.Unsafe.theUnsafe: available
DEBUG|16-16 04:16: sun.misc.Unsafe.copyMemory: available
DEBUG|16-16 04:16: java.nio.Bits.unaligned: true
DEBUG|16-16 04:16: Platform: Windows
DEBUG|16-16 04:16: Java version: 8
DEBUG|16-16 04:16: -Dio.netty.noUnsafe: false
DEBUG|16-16 04:16: sun.misc.Unsafe: available
DEBUG|16-16 04:16: -Dio.netty.noJavassist: false
DEBUG|16-16 04:16: Javassist: unavailable
DEBUG|16-16 04:16: You don&apos;t have Javassist in your class path or you don&apos;t have enough permission to load dynamically generated classes.  Please check the configuration for better performance.
DEBUG|16-16 04:16: -Dio.netty.tmpdir: C:\Users\CHEPEL~1.COR\AppData\Local\Temp (java.io.tmpdir)
DEBUG|16-16 04:16: -Dio.netty.bitMode: 64 (sun.arch.data.model)
DEBUG|16-16 04:16: -Dio.netty.noPreferDirect: false
DEBUG|16-16 04:16: -Dio.netty.noKeySetOptimization: false
DEBUG|16-16 04:16: -Dio.netty.selectorAutoRebuildThreshold: 512
DEBUG|16-16 04:16: -Dio.netty.initialSeedUniquifier: 0xa55ae2d711a1e1e0
DEBUG|16-16 04:16: -Dio.netty.threadLocalDirectBufferSize: 65536
DEBUG|16-16 04:16: -Dio.netty.recycler.maxCapacity.default: 262144
DEBUG|16-16 04:16: -Dio.netty.allocator.type: unpooled
DEBUG|16-16 04:16: Loopback interface: lo (Software Loopback Interface 1, 127.0.0.1)
DEBUG|16-16 04:16: Get connection for route {}-&gt;http://localhost:4444
DEBUG|16-16 04:16: Connecting to localhost:4444
DEBUG|16-16 04:16: CookieSpec selected: best-match
DEBUG|16-16 04:16: -Dio.netty.leakDetectionLevel: simple
DEBUG|16-16 04:16: Auth cache not set in the context
DEBUG|16-16 04:16: Target auth state: UNCHALLENGED
DEBUG|16-16 04:16: Proxy auth state: UNCHALLENGED
DEBUG|16-16 04:16: Attempt 1 to execute request
DEBUG|16-16 04:16: Sending request: GET /wd/hub/sessions HTTP/1.1
DEBUG|16-16 04:16:  &gt;&gt; &quot;GET /wd/hub/sessions HTTP/1.1[\r][\n]&quot;
DEBUG|16-16 04:16:  &gt;&gt; &quot;Host: localhost:4444[\r][\n]&quot;
DEBUG|16-16 04:16:  &gt;&gt; &quot;Connection: Keep-Alive[\r][\n]&quot;
DEBUG|16-16 04:16:  &gt;&gt; &quot;User-Agent: Apache-HttpClient/4.3.4 (java 1.5)[\r][\n]&quot;
DEBUG|16-16 04:16:  &gt;&gt; &quot;[\r][\n]&quot;
DEBUG|16-16 04:16: &gt;&gt; GET /wd/hub/sessions HTTP/1.1
DEBUG|16-16 04:16: &gt;&gt; Host: localhost:4444
DEBUG|16-16 04:16: &gt;&gt; Connection: Keep-Alive
DEBUG|16-16 04:16: &gt;&gt; User-Agent: Apache-HttpClient/4.3.4 (java 1.5)
DEBUG|16-16 04:16: java.nio.ByteBuffer.cleaner(): available
DEBUG|16-16 04:16: Discarded inbound message DefaultFullHttpRequest(decodeResult: success)
GET /wd/hub/sessions HTTP/1.1
Host: localhost:4444
Connection: Keep-Alive
User-Agent: Apache-HttpClient/4.3.4 (java 1.5)
Content-Length: 0 that reached at the tail of the pipeline. Please check your pipeline configuration.
DEBUG|16-16 04:16:  &lt;&lt; &quot;HTTP/1.1 200 OK[\r][\n]&quot;
DEBUG|16-16 04:16:  &lt;&lt; &quot;Connection: close[\r][\n]&quot;
DEBUG|16-16 04:16:  &lt;&lt; &quot;Content-Encoding: identity[\r][\n]&quot;
DEBUG|16-16 04:16:  &lt;&lt; &quot;Content-Type: application/json[\r][\n]&quot;
DEBUG|16-16 04:16:  &lt;&lt; &quot;Content-Length: 23[\r][\n]&quot;
DEBUG|16-16 04:16:  &lt;&lt; &quot;[\r][\n]&quot;
DEBUG|16-16 04:16: Receiving response: HTTP/1.1 200 OK
DEBUG|16-16 04:16: &lt;&lt; HTTP/1.1 200 OK
DEBUG|16-16 04:16: &lt;&lt; Connection: close
DEBUG|16-16 04:16: &lt;&lt; Content-Encoding: identity
DEBUG|16-16 04:16: &lt;&lt; Content-Type: application/json
DEBUG|16-16 04:16: &lt;&lt; Content-Length: 23
DEBUG|16-16 04:16:  &lt;&lt; &quot;{&quot;value&quot;:[],&quot;status&quot;:0}&quot;
DEBUG|16-16 04:16: Releasing connection org.apache.http.impl.conn.ManagedClientConnectionImpl@75db5df9
DEBUG|16-16 04:16: Connection 0.0.0.0:64204&lt;-&gt;127.0.0.1:4444 shut down
DEBUG|16-16 04:16: Get connection for route {}-&gt;http://localhost:4444
DEBUG|16-16 04:16: Connecting to localhost:4444
DEBUG|16-16 04:16: CookieSpec selected: best-match
DEBUG|16-16 04:16: Auth cache not set in the context
DEBUG|16-16 04:16: Target auth state: UNCHALLENGED
DEBUG|16-16 04:16: Proxy auth state: UNCHALLENGED
DEBUG|16-16 04:16: Attempt 1 to execute request
DEBUG|16-16 04:16: Sending request: GET /wd/hub/sessions HTTP/1.1
DEBUG|16-16 04:16:  &gt;&gt; &quot;GET /wd/hub/sessions HTTP/1.1[\r][\n]&quot;
DEBUG|16-16 04:16:  &gt;&gt; &quot;Host: localhost:4444[\r][\n]&quot;
DEBUG|16-16 04:16:  &gt;&gt; &quot;Connection: Keep-Alive[\r][\n]&quot;
DEBUG|16-16 04:16:  &gt;&gt; &quot;User-Agent: Apache-HttpClient/4.3.4 (java 1.5)[\r][\n]&quot;
DEBUG|16-16 04:16:  &gt;&gt; &quot;[\r][\n]&quot;
DEBUG|16-16 04:16: &gt;&gt; GET /wd/hub/sessions HTTP/1.1
DEBUG|16-16 04:16: &gt;&gt; Host: localhost:4444
DEBUG|16-16 04:16: &gt;&gt; Connection: Keep-Alive
DEBUG|16-16 04:16: &gt;&gt; User-Agent: Apache-HttpClient/4.3.4 (java 1.5)
DEBUG|16-16 04:16: Discarded inbound message DefaultFullHttpRequest(decodeResult: success)
GET /wd/hub/sessions HTTP/1.1
Host: localhost:4444
Connection: Keep-Alive
User-Agent: Apache-HttpClient/4.3.4 (java 1.5)
Content-Length: 0 that reached at the tail of the pipeline. Please check your pipeline configuration.
DEBUG|16-16 04:16:  &lt;&lt; &quot;HTTP/1.1 200 OK[\r][\n]&quot;
DEBUG|16-16 04:16:  &lt;&lt; &quot;Connection: close[\r][\n]&quot;
DEBUG|16-16 04:16:  &lt;&lt; &quot;Content-Encoding: identity[\r][\n]&quot;
DEBUG|16-16 04:16:  &lt;&lt; &quot;Content-Type: application/json[\r][\n]&quot;
DEBUG|16-16 04:16:  &lt;&lt; &quot;Content-Length: 23[\r][\n]&quot;
DEBUG|16-16 04:16:  &lt;&lt; &quot;[\r][\n]&quot;
DEBUG|16-16 04:16: Receiving response: HTTP/1.1 200 OK
DEBUG|16-16 04:16: &lt;&lt; HTTP/1.1 200 OK
DEBUG|16-16 04:16: &lt;&lt; Connection: close
DEBUG|16-16 04:16: &lt;&lt; Content-Encoding: identity
DEBUG|16-16 04:16: &lt;&lt; Content-Type: application/json
DEBUG|16-16 04:16: &lt;&lt; Content-Length: 23
DEBUG|16-16 04:16:  &lt;&lt; &quot;{&quot;value&quot;:[],&quot;status&quot;:0}&quot;
DEBUG|16-16 04:16: Releasing connection org.apache.http.impl.conn.ManagedClientConnectionImpl@757277dc
DEBUG|16-16 04:16: Connection 0.0.0.0:64226&lt;-&gt;127.0.0.1:4444 shut down
DEBUG|16-16 04:16: CookieSpec selected: best-match
DEBUG|16-16 04:16: Auth cache not set in the context
DEBUG|16-16 04:16: Connection request: [route: {}-&gt;http://localhost:4444][total kept alive: 0; route allocated: 0 of 2000; total allocated: 0 of 2000]
DEBUG|16-16 04:16: Connection leased: [id: 0][route: {}-&gt;http://localhost:4444][total kept alive: 0; route allocated: 1 of 2000; total allocated: 1 of 2000]
DEBUG|16-16 04:16: Opening connection {}-&gt;http://localhost:4444
DEBUG|16-16 04:16: Connecting to localhost/127.0.0.1:4444
DEBUG|16-16 04:16: Connection established 127.0.0.1:64241&lt;-&gt;127.0.0.1:4444
DEBUG|16-16 04:16: Executing request POST /wd/hub/session HTTP/1.1
DEBUG|16-16 04:16: Target auth state: UNCHALLENGED
DEBUG|16-16 04:16: Proxy auth state: UNCHALLENGED
DEBUG|16-16 04:16: http-outgoing-0 &gt;&gt; POST /wd/hub/session HTTP/1.1
DEBUG|16-16 04:16: http-outgoing-0 &gt;&gt; Content-Type: application/json; charset=utf-8
DEBUG|16-16 04:16: http-outgoing-0 &gt;&gt; Content-Length: 184
DEBUG|16-16 04:16: http-outgoing-0 &gt;&gt; Host: localhost:4444
DEBUG|16-16 04:16: http-outgoing-0 &gt;&gt; Connection: Keep-Alive
DEBUG|16-16 04:16: http-outgoing-0 &gt;&gt; User-Agent: Apache-HttpClient/4.3.4 (java 1.5)
DEBUG|16-16 04:16: http-outgoing-0 &gt;&gt; Accept-Encoding: gzip,deflate
DEBUG|16-16 04:16: http-outgoing-0 &gt;&gt; &quot;POST /wd/hub/session HTTP/1.1[\r][\n]&quot;
DEBUG|16-16 04:16: http-outgoing-0 &gt;&gt; &quot;Content-Type: application/json; charset=utf-8[\r][\n]&quot;
DEBUG|16-16 04:16: http-outgoing-0 &gt;&gt; &quot;Content-Length: 184[\r][\n]&quot;
DEBUG|16-16 04:16: http-outgoing-0 &gt;&gt; &quot;Host: localhost:4444[\r][\n]&quot;
DEBUG|16-16 04:16: http-outgoing-0 &gt;&gt; &quot;Connection: Keep-Alive[\r][\n]&quot;
DEBUG|16-16 04:16: http-outgoing-0 &gt;&gt; &quot;User-Agent: Apache-HttpClient/4.3.4 (java 1.5)[\r][\n]&quot;
DEBUG|16-16 04:16: http-outgoing-0 &gt;&gt; &quot;Accept-Encoding: gzip,deflate[\r][\n]&quot;
DEBUG|16-16 04:16: http-outgoing-0 &gt;&gt; &quot;[\r][\n]&quot;
DEBUG|16-16 04:16: http-outgoing-0 &gt;&gt; &quot;{&quot;desiredCapabilities&quot;:{&quot;aut&quot;:&quot;ru.letobank.Prometheus:1.2.10&quot;,&quot;emulator&quot;:true,&quot;platformVersion&quot;:&quot;19&quot;,&quot;automationName&quot;:&quot;selendroid&quot;,&quot;browserName&quot;:&quot;selendroid&quot;,&quot;platformName&quot;:&quot;android&quot;}}&quot;
DEBUG|16-16 04:16: Discarded inbound message DefaultFullHttpRequest(decodeResult: success)
POST /wd/hub/session HTTP/1.1
Content-Type: application/json; charset=utf-8
Host: localhost:4444
Connection: Keep-Alive
User-Agent: Apache-HttpClient/4.3.4 (java 1.5)
Accept-Encoding: gzip,deflate
Content-Length: 184 that reached at the tail of the pipeline. Please check your pipeline configuration.
DEBUG|16-16 04:16: http-outgoing-0 &lt;&lt; &quot;HTTP/1.1 200 OK[\r][\n]&quot;
DEBUG|16-16 04:16: http-outgoing-0 &lt;&lt; &quot;Connection: close[\r][\n]&quot;
DEBUG|16-16 04:16: http-outgoing-0 &lt;&lt; &quot;Content-Encoding: identity[\r][\n]&quot;
DEBUG|16-16 04:16: http-outgoing-0 &lt;&lt; &quot;Content-Type: application/json[\r][\n]&quot;
DEBUG|16-16 04:16: http-outgoing-0 &lt;&lt; &quot;Content-Length: 160[\r][\n]&quot;
DEBUG|16-16 04:16: http-outgoing-0 &lt;&lt; &quot;[\r][\n]&quot;
DEBUG|16-16 04:16: http-outgoing-0 &lt;&lt; &quot;{&quot;sessionId&quot;:&quot;&quot;,&quot;value&quot;:{&quot;message&quot;:&quot;Error starting Selendroid session&quot;,&quot;class&quot;:&quot;io.selendroid.server.common.exceptions.SessionNotCreatedException&quot;},&quot;status&quot;:33}&quot;
DEBUG|16-16 04:16: http-outgoing-0 &lt;&lt; HTTP/1.1 200 OK
DEBUG|16-16 04:16: http-outgoing-0 &lt;&lt; Connection: close
DEBUG|16-16 04:16: http-outgoing-0 &lt;&lt; Content-Encoding: identity
DEBUG|16-16 04:16: http-outgoing-0 &lt;&lt; Content-Type: application/json
DEBUG|16-16 04:16: http-outgoing-0 &lt;&lt; Content-Length: 160
DEBUG|16-16 04:16: http-outgoing-0: Shutdown connection
DEBUG|16-16 04:16: Connection discarded
DEBUG|16-16 04:16: http-outgoing-0: Close connection
DEBUG|16-16 04:16: Connection released: [id: 0][route: {}-&gt;http://localhost:4444][total kept alive: 0; route allocated: 0 of 2000; total allocated: 0 of 2000]
</system-out>
    <system-err>сен 16, 2015 4:16:01 PM io.selendroid.standalone.SelendroidLauncher launchServer
INFO: Starting Selendroid standalone on port 4444
сен 16, 2015 4:16:01 PM io.selendroid.standalone.io.ShellCommand exec
INFO: Executing shell command: C:\Android\sdk\build-tools\android-4.4W\aapt.exe remove C:\Users\Chepelve.CORP\workspace\app-tests\src\main\resources\ru.letobank.Prometheus-1.2.10.apk META-INF/MANIFEST.MF
сен 16, 2015 4:16:01 PM io.selendroid.standalone.io.ShellCommand exec
INFO: Executing shell command: C:\Android\sdk\build-tools\android-4.4W\aapt.exe remove C:\Users\Chepelve.CORP\workspace\app-tests\src\main\resources\ru.letobank.Prometheus-1.2.10.apk META-INF/CERT.RSA
сен 16, 2015 4:16:01 PM io.selendroid.standalone.io.ShellCommand exec
INFO: Executing shell command: C:\Android\sdk\build-tools\android-4.4W\aapt.exe remove C:\Users\Chepelve.CORP\workspace\app-tests\src\main\resources\ru.letobank.Prometheus-1.2.10.apk META-INF/CERT.SF
сен 16, 2015 4:16:01 PM io.selendroid.standalone.io.ShellCommand exec
INFO: Executing shell command: C:\Android\sdk\build-tools\android-4.4W\aapt.exe remove C:\Users\Chepelve.CORP\workspace\app-tests\src\main\resources\ru.letobank.Prometheus-1.2.10.apk META-INF/ANDROIDD.SF
сен 16, 2015 4:16:01 PM io.selendroid.standalone.io.ShellCommand exec
INFO: Executing shell command: C:\Android\sdk\build-tools\android-4.4W\aapt.exe remove C:\Users\Chepelve.CORP\workspace\app-tests\src\main\resources\ru.letobank.Prometheus-1.2.10.apk META-INF/ANDROIDD.RSA
сен 16, 2015 4:16:01 PM io.selendroid.standalone.io.ShellCommand exec
INFO: Executing shell command: C:\Android\sdk\build-tools\android-4.4W\aapt.exe remove C:\Users\Chepelve.CORP\workspace\app-tests\src\main\resources\ru.letobank.Prometheus-1.2.10.apk META-INF/NDKEYSTO.SF
сен 16, 2015 4:16:01 PM io.selendroid.standalone.io.ShellCommand exec
INFO: Executing shell command: C:\Android\sdk\build-tools\android-4.4W\aapt.exe remove C:\Users\Chepelve.CORP\workspace\app-tests\src\main\resources\ru.letobank.Prometheus-1.2.10.apk META-INF/NDKEYSTO.RSA
сен 16, 2015 4:16:01 PM io.selendroid.standalone.io.ShellCommand exec
INFO: Executing shell command: C:\Program Files\Java\jdk1.8.0_51\bin\jarsigner.exe -sigalg MD5withRSA -digestalg SHA1 -signedjar C:\Users\Chepelve.CORP\workspace\app-tests\src\main\resources\resigned-ru.letobank.Prometheus-1.2.10.apk -storepass android -keystore C:\Users\Chepelve.CORP\.android\debug.keystore C:\Users\Chepelve.CORP\workspace\app-tests\src\main\resources\ru.letobank.Prometheus-1.2.10.apk androiddebugkey
сен 16, 2015 4:16:03 PM io.selendroid.standalone.io.ShellCommand exec
INFO: Shell command output
--&gt;
jar signed.

Warning: 
No -tsa or -tsacert is provided and this jar is not timestamped. Without a timestamp, users may not be able to validate this jar after the signer certificate&apos;s expiration date (2042-02-28) or after any future revocation date.
&lt;--
сен 16, 2015 4:16:03 PM io.selendroid.standalone.builder.SelendroidServerBuilder signTestServer
INFO: App signing output: jar signed.

Warning: 
No -tsa or -tsacert is provided and this jar is not timestamped. Without a timestamp, users may not be able to validate this jar after the signer certificate&apos;s expiration date (2042-02-28) or after any future revocation date.
сен 16, 2015 4:16:03 PM io.selendroid.standalone.builder.SelendroidServerBuilder signTestServer
INFO: The app has been signed: C:\Users\Chepelve.CORP\workspace\app-tests\src\main\resources\resigned-ru.letobank.Prometheus-1.2.10.apk
сен 16, 2015 4:16:03 PM io.selendroid.standalone.io.ShellCommand exec
INFO: Executing shell command: C:\Android\sdk\build-tools\android-4.4W\aapt.exe dump badging C:\Users\Chepelve.CORP\workspace\app-tests\src\main\resources\resigned-ru.letobank.Prometheus-1.2.10.apk
сен 16, 2015 4:16:03 PM io.selendroid.standalone.io.ShellCommand exec
INFO: Shell command output
--&gt;
package: name=&apos;ru.letobank.Prometheus&apos; versionCode=&apos;231&apos; versionName=&apos;1.2.10&apos;
sdkVersion:&apos;10&apos;
targetSdkVersion:&apos;19&apos;
uses-permission:&apos;android.permission.INTERNET&apos;
uses-permission:&apos;android.permission.ACCESS_NETWORK_STATE&apos;
uses-permission:&apos;com.google.android.providers.gsf.permission.READ_GSERVICES&apos;
uses-permission:&apos;android.permission.WAKE_LOCK&apos;
uses-permission:&apos;android.permission.VIBRATE&apos;
uses-permission:&apos;com.google.android.c2dm.permission.RECEIVE&apos;
uses-permission:&apos;ru.letobank.Prometheus.permission.C2D_MESSAGE&apos;
uses-permission:&apos;android.permission.ACCESS_COARSE_LOCATION&apos;
uses-permission:&apos;android.permission.ACCESS_FINE_LOCATION&apos;
uses-permission:&apos;android.permission.CALL_PHONE&apos;
uses-permission:&apos;android.permission.RECEIVE_SMS&apos;
uses-permission:&apos;android.permission.WRITE_EXTERNAL_STORAGE&apos;
uses-permission:&apos;android.permission.WRITE_SETTINGS&apos;
uses-feature-not-required:&apos;android.hardware.telephony&apos;
uses-feature-not-required:&apos;android.hardware.location&apos;
uses-feature-not-required:&apos;android.hardware.location.network&apos;
uses-feature-not-required:&apos;android.hardware.location.gps&apos;
uses-gl-es:&apos;0x20000&apos;
uses-permission:&apos;android.permission.READ_EXTERNAL_STORAGE&apos;
application-label:&apos;Р›РµС‚Рѕ Р‘Р°РЅРє&apos;
application-label-en:&apos;Р›РµС‚Рѕ Р‘Р°РЅРє&apos;
application-label-ca:&apos;Р›РµС‚Рѕ Р‘Р°РЅРє&apos;
application-label-da:&apos;Р›РµС‚Рѕ Р‘Р°РЅРє&apos;
application-label-fa:&apos;Р›РµС‚Рѕ Р‘Р°РЅРє&apos;
application-label-ja:&apos;Р›РµС‚Рѕ Р‘Р°РЅРє&apos;
application-label-nb:&apos;Р›РµС‚Рѕ Р‘Р°РЅРє&apos;
application-label-de:&apos;Р›РµС‚Рѕ Р‘Р°РЅРє&apos;
application-label-af:&apos;Р›РµС‚Рѕ Р‘Р°РЅРє&apos;
application-label-bg:&apos;Р›РµС‚Рѕ Р‘Р°РЅРє&apos;
application-label-th:&apos;Р›РµС‚Рѕ Р‘Р°РЅРє&apos;
application-label-fi:&apos;Р›РµС‚Рѕ Р‘Р°РЅРє&apos;
application-label-hi:&apos;Р›РµС‚Рѕ Р‘Р°РЅРє&apos;
application-label-vi:&apos;Р›РµС‚Рѕ Р‘Р°РЅРє&apos;
application-label-sk:&apos;Р›РµС‚Рѕ Р‘Р°РЅРє&apos;
application-label-uk:&apos;Р›РµС‚Рѕ Р‘Р°РЅРє&apos;
application-label-el:&apos;Р›РµС‚Рѕ Р‘Р°РЅРє&apos;
application-label-nl:&apos;Р›РµС‚Рѕ Р‘Р°РЅРє&apos;
application-label-pl:&apos;Р›РµС‚Рѕ Р‘Р°РЅРє&apos;
application-label-sl:&apos;Р›РµС‚Рѕ Р‘Р°РЅРє&apos;
application-label-tl:&apos;Р›РµС‚Рѕ Р‘Р°РЅРє&apos;
application-label-am:&apos;Р›РµС‚Рѕ Р‘Р°РЅРє&apos;
application-label-in:&apos;Р›РµС‚Рѕ Р‘Р°РЅРє&apos;
application-label-ko:&apos;Р›РµС‚Рѕ Р‘Р°РЅРє&apos;
application-label-ro:&apos;Р›РµС‚Рѕ Р‘Р°РЅРє&apos;
application-label-ar:&apos;Р›РµС‚Рѕ Р‘Р°РЅРє&apos;
application-label-fr:&apos;Р›РµС‚Рѕ Р‘Р°РЅРє&apos;
application-label-hr:&apos;Р›РµС‚Рѕ Р‘Р°РЅРє&apos;
application-label-sr:&apos;Р›РµС‚Рѕ Р‘Р°РЅРє&apos;
application-label-tr:&apos;Р›РµС‚Рѕ Р‘Р°РЅРє&apos;
application-label-cs:&apos;Р›РµС‚Рѕ Р‘Р°РЅРє&apos;
application-label-es:&apos;Р›РµС‚Рѕ Р‘Р°РЅРє&apos;
application-label-it:&apos;Р›РµС‚Рѕ Р‘Р°РЅРє&apos;
application-label-lt:&apos;Р›РµС‚Рѕ Р‘Р°РЅРє&apos;
application-label-pt:&apos;Р›РµС‚Рѕ Р‘Р°РЅРє&apos;
application-label-hu:&apos;Р›РµС‚Рѕ Р‘Р°РЅРє&apos;
application-label-ru:&apos;Р›РµС‚Рѕ Р‘Р°РЅРє&apos;
application-label-zu:&apos;Р›РµС‚Рѕ Р‘Р°РЅРє&apos;
application-label-lv:&apos;Р›РµС‚Рѕ Р‘Р°РЅРє&apos;
application-label-sv:&apos;Р›РµС‚Рѕ Р‘Р°РЅРє&apos;
application-label-iw:&apos;Р›РµС‚Рѕ Р‘Р°РЅРє&apos;
application-label-sw:&apos;Р›РµС‚Рѕ Р‘Р°РЅРє&apos;
application-label-fr_CA:&apos;Р›РµС‚Рѕ Р‘Р°РЅРє&apos;
application-label-lo_LA:&apos;Р›РµС‚Рѕ Р‘Р°РЅРє&apos;
application-label-en_GB:&apos;Р›РµС‚Рѕ Р‘Р°РЅРє&apos;
application-label-bn_BD:&apos;Р›РµС‚Рѕ Р‘Р°РЅРє&apos;
application-label-et_EE:&apos;Р›РµС‚Рѕ Р‘Р°РЅРє&apos;
application-label-ka_GE:&apos;Р›РµС‚Рѕ Р‘Р°РЅРє&apos;
application-label-ky_KG:&apos;Р›РµС‚Рѕ Р‘Р°РЅРє&apos;
application-label-km_KH:&apos;Р›РµС‚Рѕ Р‘Р°РЅРє&apos;
application-label-zh_HK:&apos;Р›РµС‚Рѕ Р‘Р°РЅРє&apos;
application-label-si_LK:&apos;Р›РµС‚Рѕ Р‘Р°РЅРє&apos;
application-label-mk_MK:&apos;Р›РµС‚Рѕ Р‘Р°РЅРє&apos;
application-label-ur_PK:&apos;Р›РµС‚Рѕ Р‘Р°РЅРє&apos;
application-label-hy_AM:&apos;Р›РµС‚Рѕ Р‘Р°РЅРє&apos;
application-label-my_MM:&apos;Р›РµС‚Рѕ Р‘Р°РЅРє&apos;
application-label-zh_CN:&apos;Р›РµС‚Рѕ Р‘Р°РЅРє&apos;
application-label-ta_IN:&apos;Р›РµС‚Рѕ Р‘Р°РЅРє&apos;
application-label-te_IN:&apos;Р›РµС‚Рѕ Р‘Р°РЅРє&apos;
application-label-ml_IN:&apos;Р›РµС‚Рѕ Р‘Р°РЅРє&apos;
application-label-en_IN:&apos;Р›РµС‚Рѕ Р‘Р°РЅРє&apos;
application-label-kn_IN:&apos;Р›РµС‚Рѕ Р‘Р°РЅРє&apos;
application-label-mr_IN:&apos;Р›РµС‚Рѕ Р‘Р°РЅРє&apos;
application-label-mn_MN:&apos;Р›РµС‚Рѕ Р‘Р°РЅРє&apos;
application-label-ne_NP:&apos;Р›РµС‚Рѕ Р‘Р°РЅРє&apos;
application-label-pt_BR:&apos;Р›РµС‚Рѕ Р‘Р°РЅРє&apos;
application-label-gl_ES:&apos;Р›РµС‚Рѕ Р‘Р°РЅРє&apos;
application-label-eu_ES:&apos;Р›РµС‚Рѕ Р‘Р°РЅРє&apos;
application-label-is_IS:&apos;Р›РµС‚Рѕ Р‘Р°РЅРє&apos;
application-label-es_US:&apos;Р›РµС‚Рѕ Р‘Р°РЅРє&apos;
application-label-pt_PT:&apos;Р›РµС‚Рѕ Р‘Р°РЅРє&apos;
application-label-en_AU:&apos;Р›РµС‚Рѕ Р‘Р°РЅРє&apos;
application-label-zh_TW:&apos;Р›РµС‚Рѕ Р‘Р°РЅРє&apos;
application-label-ms_MY:&apos;Р›РµС‚Рѕ Р‘Р°РЅРє&apos;
application-label-kk_KZ:&apos;Р›РµС‚Рѕ Р‘Р°РЅРє&apos;
application-label-uz_UZ:&apos;Р›РµС‚Рѕ Р‘Р°РЅРє&apos;
application-icon-120:&apos;res/drawable-mdpi-v4/ic_launcher.png&apos;
application-icon-160:&apos;res/drawable-mdpi-v4/ic_launcher.png&apos;
application-icon-213:&apos;res/drawable-hdpi-v4/ic_launcher.png&apos;
application-icon-240:&apos;res/drawable-hdpi-v4/ic_launcher.png&apos;
application-icon-320:&apos;res/drawable-xhdpi-v4/ic_launcher.png&apos;
application-icon-480:&apos;res/drawable-xxhdpi-v4/ic_launcher.png&apos;
application: label=&apos;Р›РµС‚Рѕ Р‘Р°РЅРє&apos; icon=&apos;res/drawable-mdpi-v4/ic_launcher.png&apos;
launchable-activity: name=&apos;ru.letobank.Prometheus.ui.activity.common.InitialActivity_&apos;  label=&apos;Р›РµС‚Рѕ Р‘Р°РЅРє&apos; icon=&apos;&apos;
uses-feature:&apos;android.hardware.touchscreen&apos;
uses-implied-feature:&apos;android.hardware.touchscreen&apos;,&apos;assumed you require a touch screen unless explicitly made optional&apos;
main
other-activities
other-receivers
other-services
supports-screens: &apos;normal&apos; &apos;large&apos; &apos;xlarge&apos;
supports-any-density: &apos;true&apos;
locales: &apos;--_--&apos; &apos;en&apos; &apos;ca&apos; &apos;da&apos; &apos;fa&apos; &apos;ja&apos; &apos;nb&apos; &apos;de&apos; &apos;af&apos; &apos;bg&apos; &apos;th&apos; &apos;fi&apos; &apos;hi&apos; &apos;vi&apos; &apos;sk&apos; &apos;uk&apos; &apos;el&apos; &apos;nl&apos; &apos;pl&apos; &apos;sl&apos; &apos;tl&apos; &apos;am&apos; &apos;in&apos; &apos;ko&apos; &apos;ro&apos; &apos;ar&apos; &apos;fr&apos; &apos;hr&apos; &apos;sr&apos; &apos;tr&apos; &apos;cs&apos; &apos;es&apos; &apos;it&apos; &apos;lt&apos; &apos;pt&apos; &apos;hu&apos; &apos;ru&apos; &apos;zu&apos; &apos;lv&apos; &apos;sv&apos; &apos;iw&apos; &apos;sw&apos; &apos;fr_CA&apos; &apos;lo_LA&apos; &apos;en_GB&apos; &apos;bn_BD&apos; &apos;et_EE&apos; &apos;ka_GE&apos; &apos;ky_KG&apos; &apos;km_KH&apos; &apos;zh_HK&apos; &apos;si_LK&apos; &apos;mk_MK&apos; &apos;ur_PK&apos; &apos;hy_AM&apos; &apos;my_MM&apos; &apos;zh_CN&apos; &apos;ta_IN&apos; &apos;te_IN&apos; &apos;ml_IN&apos; &apos;en_IN&apos; &apos;kn_IN&apos; &apos;mr_IN&apos; &apos;mn_MN&apos; &apos;ne_NP&apos; &apos;pt_BR&apos; &apos;gl_ES&apos; &apos;eu_ES&apos; &apos;is_IS&apos; &apos;es_US&apos; &apos;pt_PT&apos; &apos;en_AU&apos; &apos;zh_TW&apos; &apos;ms_MY&apos; &apos;kk_KZ&apos; &apos;uz_UZ&apos;
densities: &apos;120&apos; &apos;160&apos; &apos;213&apos; &apos;240&apos; &apos;320&apos; &apos;480&apos;
native-code: &apos;armeabi&apos; &apos;armeabi-v7a&apos;
&lt;--
сен 16, 2015 4:16:03 PM io.selendroid.standalone.io.ShellCommand exec
INFO: Executing shell command: C:\Android\sdk\build-tools\android-4.4W\aapt.exe dump badging C:\Users\Chepelve.CORP\workspace\app-tests\src\main\resources\resigned-ru.letobank.Prometheus-1.2.10.apk
сен 16, 2015 4:16:03 PM io.selendroid.standalone.io.ShellCommand exec
INFO: Shell command output
--&gt;
package: name=&apos;ru.letobank.Prometheus&apos; versionCode=&apos;231&apos; versionName=&apos;1.2.10&apos;
sdkVersion:&apos;10&apos;
targetSdkVersion:&apos;19&apos;
uses-permission:&apos;android.permission.INTERNET&apos;
uses-permission:&apos;android.permission.ACCESS_NETWORK_STATE&apos;
uses-permission:&apos;com.google.android.providers.gsf.permission.READ_GSERVICES&apos;
uses-permission:&apos;android.permission.WAKE_LOCK&apos;
uses-permission:&apos;android.permission.VIBRATE&apos;
uses-permission:&apos;com.google.android.c2dm.permission.RECEIVE&apos;
uses-permission:&apos;ru.letobank.Prometheus.permission.C2D_MESSAGE&apos;
uses-permission:&apos;android.permission.ACCESS_COARSE_LOCATION&apos;
uses-permission:&apos;android.permission.ACCESS_FINE_LOCATION&apos;
uses-permission:&apos;android.permission.CALL_PHONE&apos;
uses-permission:&apos;android.permission.RECEIVE_SMS&apos;
uses-permission:&apos;android.permission.WRITE_EXTERNAL_STORAGE&apos;
uses-permission:&apos;android.permission.WRITE_SETTINGS&apos;
uses-feature-not-required:&apos;android.hardware.telephony&apos;
uses-feature-not-required:&apos;android.hardware.location&apos;
uses-feature-not-required:&apos;android.hardware.location.network&apos;
uses-feature-not-required:&apos;android.hardware.location.gps&apos;
uses-gl-es:&apos;0x20000&apos;
uses-permission:&apos;android.permission.READ_EXTERNAL_STORAGE&apos;
application-label:&apos;Р›РµС‚Рѕ Р‘Р°РЅРє&apos;
application-label-en:&apos;Р›РµС‚Рѕ Р‘Р°РЅРє&apos;
application-label-ca:&apos;Р›РµС‚Рѕ Р‘Р°РЅРє&apos;
application-label-da:&apos;Р›РµС‚Рѕ Р‘Р°РЅРє&apos;
application-label-fa:&apos;Р›РµС‚Рѕ Р‘Р°РЅРє&apos;
application-label-ja:&apos;Р›РµС‚Рѕ Р‘Р°РЅРє&apos;
application-label-nb:&apos;Р›РµС‚Рѕ Р‘Р°РЅРє&apos;
application-label-de:&apos;Р›РµС‚Рѕ Р‘Р°РЅРє&apos;
application-label-af:&apos;Р›РµС‚Рѕ Р‘Р°РЅРє&apos;
application-label-bg:&apos;Р›РµС‚Рѕ Р‘Р°РЅРє&apos;
application-label-th:&apos;Р›РµС‚Рѕ Р‘Р°РЅРє&apos;
application-label-fi:&apos;Р›РµС‚Рѕ Р‘Р°РЅРє&apos;
application-label-hi:&apos;Р›РµС‚Рѕ Р‘Р°РЅРє&apos;
application-label-vi:&apos;Р›РµС‚Рѕ Р‘Р°РЅРє&apos;
application-label-sk:&apos;Р›РµС‚Рѕ Р‘Р°РЅРє&apos;
application-label-uk:&apos;Р›РµС‚Рѕ Р‘Р°РЅРє&apos;
application-label-el:&apos;Р›РµС‚Рѕ Р‘Р°РЅРє&apos;
application-label-nl:&apos;Р›РµС‚Рѕ Р‘Р°РЅРє&apos;
application-label-pl:&apos;Р›РµС‚Рѕ Р‘Р°РЅРє&apos;
application-label-sl:&apos;Р›РµС‚Рѕ Р‘Р°РЅРє&apos;
application-label-tl:&apos;Р›РµС‚Рѕ Р‘Р°РЅРє&apos;
application-label-am:&apos;Р›РµС‚Рѕ Р‘Р°РЅРє&apos;
application-label-in:&apos;Р›РµС‚Рѕ Р‘Р°РЅРє&apos;
application-label-ko:&apos;Р›РµС‚Рѕ Р‘Р°РЅРє&apos;
application-label-ro:&apos;Р›РµС‚Рѕ Р‘Р°РЅРє&apos;
application-label-ar:&apos;Р›РµС‚Рѕ Р‘Р°РЅРє&apos;
application-label-fr:&apos;Р›РµС‚Рѕ Р‘Р°РЅРє&apos;
application-label-hr:&apos;Р›РµС‚Рѕ Р‘Р°РЅРє&apos;
application-label-sr:&apos;Р›РµС‚Рѕ Р‘Р°РЅРє&apos;
application-label-tr:&apos;Р›РµС‚Рѕ Р‘Р°РЅРє&apos;
application-label-cs:&apos;Р›РµС‚Рѕ Р‘Р°РЅРє&apos;
application-label-es:&apos;Р›РµС‚Рѕ Р‘Р°РЅРє&apos;
application-label-it:&apos;Р›РµС‚Рѕ Р‘Р°РЅРє&apos;
application-label-lt:&apos;Р›РµС‚Рѕ Р‘Р°РЅРє&apos;
application-label-pt:&apos;Р›РµС‚Рѕ Р‘Р°РЅРє&apos;
application-label-hu:&apos;Р›РµС‚Рѕ Р‘Р°РЅРє&apos;
application-label-ru:&apos;Р›РµС‚Рѕ Р‘Р°РЅРє&apos;
application-label-zu:&apos;Р›РµС‚Рѕ Р‘Р°РЅРє&apos;
application-label-lv:&apos;Р›РµС‚Рѕ Р‘Р°РЅРє&apos;
application-label-sv:&apos;Р›РµС‚Рѕ Р‘Р°РЅРє&apos;
application-label-iw:&apos;Р›РµС‚Рѕ Р‘Р°РЅРє&apos;
application-label-sw:&apos;Р›РµС‚Рѕ Р‘Р°РЅРє&apos;
application-label-fr_CA:&apos;Р›РµС‚Рѕ Р‘Р°РЅРє&apos;
application-label-lo_LA:&apos;Р›РµС‚Рѕ Р‘Р°РЅРє&apos;
application-label-en_GB:&apos;Р›РµС‚Рѕ Р‘Р°РЅРє&apos;
application-label-bn_BD:&apos;Р›РµС‚Рѕ Р‘Р°РЅРє&apos;
application-label-et_EE:&apos;Р›РµС‚Рѕ Р‘Р°РЅРє&apos;
application-label-ka_GE:&apos;Р›РµС‚Рѕ Р‘Р°РЅРє&apos;
application-label-ky_KG:&apos;Р›РµС‚Рѕ Р‘Р°РЅРє&apos;
application-label-km_KH:&apos;Р›РµС‚Рѕ Р‘Р°РЅРє&apos;
application-label-zh_HK:&apos;Р›РµС‚Рѕ Р‘Р°РЅРє&apos;
application-label-si_LK:&apos;Р›РµС‚Рѕ Р‘Р°РЅРє&apos;
application-label-mk_MK:&apos;Р›РµС‚Рѕ Р‘Р°РЅРє&apos;
application-label-ur_PK:&apos;Р›РµС‚Рѕ Р‘Р°РЅРє&apos;
application-label-hy_AM:&apos;Р›РµС‚Рѕ Р‘Р°РЅРє&apos;
application-label-my_MM:&apos;Р›РµС‚Рѕ Р‘Р°РЅРє&apos;
application-label-zh_CN:&apos;Р›РµС‚Рѕ Р‘Р°РЅРє&apos;
application-label-ta_IN:&apos;Р›РµС‚Рѕ Р‘Р°РЅРє&apos;
application-label-te_IN:&apos;Р›РµС‚Рѕ Р‘Р°РЅРє&apos;
application-label-ml_IN:&apos;Р›РµС‚Рѕ Р‘Р°РЅРє&apos;
application-label-en_IN:&apos;Р›РµС‚Рѕ Р‘Р°РЅРє&apos;
application-label-kn_IN:&apos;Р›РµС‚Рѕ Р‘Р°РЅРє&apos;
application-label-mr_IN:&apos;Р›РµС‚Рѕ Р‘Р°РЅРє&apos;
application-label-mn_MN:&apos;Р›РµС‚Рѕ Р‘Р°РЅРє&apos;
application-label-ne_NP:&apos;Р›РµС‚Рѕ Р‘Р°РЅРє&apos;
application-label-pt_BR:&apos;Р›РµС‚Рѕ Р‘Р°РЅРє&apos;
application-label-gl_ES:&apos;Р›РµС‚Рѕ Р‘Р°РЅРє&apos;
application-label-eu_ES:&apos;Р›РµС‚Рѕ Р‘Р°РЅРє&apos;
application-label-is_IS:&apos;Р›РµС‚Рѕ Р‘Р°РЅРє&apos;
application-label-es_US:&apos;Р›РµС‚Рѕ Р‘Р°РЅРє&apos;
application-label-pt_PT:&apos;Р›РµС‚Рѕ Р‘Р°РЅРє&apos;
application-label-en_AU:&apos;Р›РµС‚Рѕ Р‘Р°РЅРє&apos;
application-label-zh_TW:&apos;Р›РµС‚Рѕ Р‘Р°РЅРє&apos;
application-label-ms_MY:&apos;Р›РµС‚Рѕ Р‘Р°РЅРє&apos;
application-label-kk_KZ:&apos;Р›РµС‚Рѕ Р‘Р°РЅРє&apos;
application-label-uz_UZ:&apos;Р›РµС‚Рѕ Р‘Р°РЅРє&apos;
application-icon-120:&apos;res/drawable-mdpi-v4/ic_launcher.png&apos;
application-icon-160:&apos;res/drawable-mdpi-v4/ic_launcher.png&apos;
application-icon-213:&apos;res/drawable-hdpi-v4/ic_launcher.png&apos;
application-icon-240:&apos;res/drawable-hdpi-v4/ic_launcher.png&apos;
application-icon-320:&apos;res/drawable-xhdpi-v4/ic_launcher.png&apos;
application-icon-480:&apos;res/drawable-xxhdpi-v4/ic_launcher.png&apos;
application: label=&apos;Р›РµС‚Рѕ Р‘Р°РЅРє&apos; icon=&apos;res/drawable-mdpi-v4/ic_launcher.png&apos;
launchable-activity: name=&apos;ru.letobank.Prometheus.ui.activity.common.InitialActivity_&apos;  label=&apos;Р›РµС‚Рѕ Р‘Р°РЅРє&apos; icon=&apos;&apos;
uses-feature:&apos;android.hardware.touchscreen&apos;
uses-implied-feature:&apos;android.hardware.touchscreen&apos;,&apos;assumed you require a touch screen unless explicitly made optional&apos;
main
other-activities
other-receivers
other-services
supports-screens: &apos;normal&apos; &apos;large&apos; &apos;xlarge&apos;
supports-any-density: &apos;true&apos;
locales: &apos;--_--&apos; &apos;en&apos; &apos;ca&apos; &apos;da&apos; &apos;fa&apos; &apos;ja&apos; &apos;nb&apos; &apos;de&apos; &apos;af&apos; &apos;bg&apos; &apos;th&apos; &apos;fi&apos; &apos;hi&apos; &apos;vi&apos; &apos;sk&apos; &apos;uk&apos; &apos;el&apos; &apos;nl&apos; &apos;pl&apos; &apos;sl&apos; &apos;tl&apos; &apos;am&apos; &apos;in&apos; &apos;ko&apos; &apos;ro&apos; &apos;ar&apos; &apos;fr&apos; &apos;hr&apos; &apos;sr&apos; &apos;tr&apos; &apos;cs&apos; &apos;es&apos; &apos;it&apos; &apos;lt&apos; &apos;pt&apos; &apos;hu&apos; &apos;ru&apos; &apos;zu&apos; &apos;lv&apos; &apos;sv&apos; &apos;iw&apos; &apos;sw&apos; &apos;fr_CA&apos; &apos;lo_LA&apos; &apos;en_GB&apos; &apos;bn_BD&apos; &apos;et_EE&apos; &apos;ka_GE&apos; &apos;ky_KG&apos; &apos;km_KH&apos; &apos;zh_HK&apos; &apos;si_LK&apos; &apos;mk_MK&apos; &apos;ur_PK&apos; &apos;hy_AM&apos; &apos;my_MM&apos; &apos;zh_CN&apos; &apos;ta_IN&apos; &apos;te_IN&apos; &apos;ml_IN&apos; &apos;en_IN&apos; &apos;kn_IN&apos; &apos;mr_IN&apos; &apos;mn_MN&apos; &apos;ne_NP&apos; &apos;pt_BR&apos; &apos;gl_ES&apos; &apos;eu_ES&apos; &apos;is_IS&apos; &apos;es_US&apos; &apos;pt_PT&apos; &apos;en_AU&apos; &apos;zh_TW&apos; &apos;ms_MY&apos; &apos;kk_KZ&apos; &apos;uz_UZ&apos;
densities: &apos;120&apos; &apos;160&apos; &apos;213&apos; &apos;240&apos; &apos;320&apos; &apos;480&apos;
native-code: &apos;armeabi&apos; &apos;armeabi-v7a&apos;
&lt;--
сен 16, 2015 4:16:03 PM io.selendroid.standalone.server.model.SelendroidStandaloneDriver addToAppsStore
INFO: App ru.letobank.Prometheus:1.2.10 has been added to selendroid standalone server.
сен 16, 2015 4:16:03 PM io.selendroid.standalone.io.ShellCommand exec
INFO: Executing shell command: C:\Android\sdk\build-tools\android-4.4W\aapt.exe remove C:\Users\CHEPEL~1.COR\AppData\Local\Temp\android-driver7568961222510919207.apk META-INF/MANIFEST.MF
сен 16, 2015 4:16:03 PM io.selendroid.standalone.io.ShellCommand exec
INFO: Shell command output
--&gt;

&lt;--
сен 16, 2015 4:16:03 PM io.selendroid.standalone.io.ShellCommand exec
INFO: Executing shell command: C:\Android\sdk\build-tools\android-4.4W\aapt.exe remove C:\Users\CHEPEL~1.COR\AppData\Local\Temp\android-driver7568961222510919207.apk META-INF/CERT.RSA
сен 16, 2015 4:16:03 PM io.selendroid.standalone.io.ShellCommand exec
INFO: Shell command output
--&gt;

&lt;--
сен 16, 2015 4:16:03 PM io.selendroid.standalone.io.ShellCommand exec
INFO: Executing shell command: C:\Android\sdk\build-tools\android-4.4W\aapt.exe remove C:\Users\CHEPEL~1.COR\AppData\Local\Temp\android-driver7568961222510919207.apk META-INF/CERT.SF
сен 16, 2015 4:16:03 PM io.selendroid.standalone.io.ShellCommand exec
INFO: Shell command output
--&gt;

&lt;--
сен 16, 2015 4:16:03 PM io.selendroid.standalone.io.ShellCommand exec
INFO: Executing shell command: C:\Android\sdk\build-tools\android-4.4W\aapt.exe remove C:\Users\CHEPEL~1.COR\AppData\Local\Temp\android-driver7568961222510919207.apk META-INF/ANDROIDD.SF
сен 16, 2015 4:16:03 PM io.selendroid.standalone.io.ShellCommand exec
INFO: Executing shell command: C:\Android\sdk\build-tools\android-4.4W\aapt.exe remove C:\Users\CHEPEL~1.COR\AppData\Local\Temp\android-driver7568961222510919207.apk META-INF/ANDROIDD.RSA
сен 16, 2015 4:16:03 PM io.selendroid.standalone.io.ShellCommand exec
INFO: Executing shell command: C:\Android\sdk\build-tools\android-4.4W\aapt.exe remove C:\Users\CHEPEL~1.COR\AppData\Local\Temp\android-driver7568961222510919207.apk META-INF/NDKEYSTO.SF
сен 16, 2015 4:16:03 PM io.selendroid.standalone.io.ShellCommand exec
INFO: Executing shell command: C:\Android\sdk\build-tools\android-4.4W\aapt.exe remove C:\Users\CHEPEL~1.COR\AppData\Local\Temp\android-driver7568961222510919207.apk META-INF/NDKEYSTO.RSA
сен 16, 2015 4:16:03 PM io.selendroid.standalone.io.ShellCommand exec
INFO: Executing shell command: C:\Program Files\Java\jdk1.8.0_51\bin\jarsigner.exe -sigalg MD5withRSA -digestalg SHA1 -signedjar C:\Users\CHEPEL~1.COR\AppData\Local\Temp\resigned-android-driver7568961222510919207.apk -storepass android -keystore C:\Users\Chepelve.CORP\.android\debug.keystore C:\Users\CHEPEL~1.COR\AppData\Local\Temp\android-driver7568961222510919207.apk androiddebugkey
сен 16, 2015 4:16:04 PM io.selendroid.standalone.io.ShellCommand exec
INFO: Shell command output
--&gt;
jar signed.

Warning: 
No -tsa or -tsacert is provided and this jar is not timestamped. Without a timestamp, users may not be able to validate this jar after the signer certificate&apos;s expiration date (2042-02-28) or after any future revocation date.
&lt;--
сен 16, 2015 4:16:04 PM io.selendroid.standalone.builder.SelendroidServerBuilder signTestServer
INFO: App signing output: jar signed.

Warning: 
No -tsa or -tsacert is provided and this jar is not timestamped. Without a timestamp, users may not be able to validate this jar after the signer certificate&apos;s expiration date (2042-02-28) or after any future revocation date.
сен 16, 2015 4:16:04 PM io.selendroid.standalone.builder.SelendroidServerBuilder signTestServer
INFO: The app has been signed: C:\Users\CHEPEL~1.COR\AppData\Local\Temp\resigned-android-driver7568961222510919207.apk
сен 16, 2015 4:16:08 PM io.selendroid.standalone.android.impl.DefaultDeviceManager initializeAdbConnection
INFO: my devices: null
сен 16, 2015 4:16:08 PM io.selendroid.standalone.io.ShellCommand exec
INFO: Executing shell command: C:\Android\sdk\tools\android.bat list avds
сен 16, 2015 4:16:09 PM io.selendroid.standalone.io.ShellCommand exec
INFO: Shell command output
--&gt;
Available Android Virtual Devices:
    Name: Nexus5
  Device: Nexus 5 (Google)
    Path: C:\Users\Chepelve.CORP\.android\avd\Nexus5.avd
  Target: Google APIs (x86 System Image) (Google Inc.)
          Based on Android 4.4.2 (API level 19)
 Tag/ABI: default/x86
    Skin: HVGA
  Sdcard: 200M
&lt;--
сен 16, 2015 4:16:09 PM io.selendroid.standalone.io.ShellCommand exec
INFO: Executing shell command: C:\Android\sdk\platform-tools\adb.exe devices
сен 16, 2015 4:16:09 PM io.selendroid.standalone.io.ShellCommand exec
INFO: Shell command output
--&gt;
List of devices attached
emulator-5554	offline
&lt;--
сен 16, 2015 4:16:09 PM io.selendroid.standalone.server.model.DeviceStore addEmulators
INFO: Adding: AndroidEmulator [screenSize=(320, 480), targetPlatform=ANDROID19, serial=emulator-5554, avdName=Nexus5, model=Nexus 5 (Google), apiTargetType=google]
сен 16, 2015 4:16:09 PM io.selendroid.standalone.server.SelendroidStandaloneServer start
INFO: Selendroid standalone server has been started on port: 4444
сен 16, 2015 4:16:09 PM io.selendroid.standalone.SelendroidLauncher launchServer
INFO: Starting Selendroid standalone on port 4444
сен 16, 2015 4:16:09 PM io.selendroid.standalone.io.ShellCommand exec
INFO: Executing shell command: C:\Android\sdk\build-tools\android-4.4W\aapt.exe remove C:\Users\Chepelve.CORP\workspace\app-tests\src\main\resources\ru.letobank.Prometheus-1.2.10.apk META-INF/MANIFEST.MF
сен 16, 2015 4:16:09 PM io.selendroid.standalone.io.ShellCommand exec
INFO: Executing shell command: C:\Android\sdk\build-tools\android-4.4W\aapt.exe remove C:\Users\Chepelve.CORP\workspace\app-tests\src\main\resources\ru.letobank.Prometheus-1.2.10.apk META-INF/CERT.RSA
сен 16, 2015 4:16:09 PM io.selendroid.standalone.io.ShellCommand exec
INFO: Executing shell command: C:\Android\sdk\build-tools\android-4.4W\aapt.exe remove C:\Users\Chepelve.CORP\workspace\app-tests\src\main\resources\ru.letobank.Prometheus-1.2.10.apk META-INF/CERT.SF
сен 16, 2015 4:16:09 PM io.selendroid.standalone.io.ShellCommand exec
INFO: Executing shell command: C:\Android\sdk\build-tools\android-4.4W\aapt.exe remove C:\Users\Chepelve.CORP\workspace\app-tests\src\main\resources\ru.letobank.Prometheus-1.2.10.apk META-INF/ANDROIDD.SF
сен 16, 2015 4:16:09 PM io.selendroid.standalone.io.ShellCommand exec
INFO: Executing shell command: C:\Android\sdk\build-tools\android-4.4W\aapt.exe remove C:\Users\Chepelve.CORP\workspace\app-tests\src\main\resources\ru.letobank.Prometheus-1.2.10.apk META-INF/ANDROIDD.RSA
сен 16, 2015 4:16:09 PM io.selendroid.standalone.io.ShellCommand exec
INFO: Executing shell command: C:\Android\sdk\build-tools\android-4.4W\aapt.exe remove C:\Users\Chepelve.CORP\workspace\app-tests\src\main\resources\ru.letobank.Prometheus-1.2.10.apk META-INF/NDKEYSTO.SF
сен 16, 2015 4:16:09 PM io.selendroid.standalone.io.ShellCommand exec
INFO: Executing shell command: C:\Android\sdk\build-tools\android-4.4W\aapt.exe remove C:\Users\Chepelve.CORP\workspace\app-tests\src\main\resources\ru.letobank.Prometheus-1.2.10.apk META-INF/NDKEYSTO.RSA
сен 16, 2015 4:16:09 PM io.selendroid.standalone.io.ShellCommand exec
INFO: Executing shell command: C:\Program Files\Java\jdk1.8.0_51\bin\jarsigner.exe -sigalg MD5withRSA -digestalg SHA1 -signedjar C:\Users\Chepelve.CORP\workspace\app-tests\src\main\resources\resigned-ru.letobank.Prometheus-1.2.10.apk -storepass android -keystore C:\Users\Chepelve.CORP\.android\debug.keystore C:\Users\Chepelve.CORP\workspace\app-tests\src\main\resources\ru.letobank.Prometheus-1.2.10.apk androiddebugkey
сен 16, 2015 4:16:11 PM io.selendroid.standalone.io.ShellCommand exec
INFO: Shell command output
--&gt;
jar signed.

Warning: 
No -tsa or -tsacert is provided and this jar is not timestamped. Without a timestamp, users may not be able to validate this jar after the signer certificate&apos;s expiration date (2042-02-28) or after any future revocation date.
&lt;--
сен 16, 2015 4:16:11 PM io.selendroid.standalone.builder.SelendroidServerBuilder signTestServer
INFO: App signing output: jar signed.

Warning: 
No -tsa or -tsacert is provided and this jar is not timestamped. Without a timestamp, users may not be able to validate this jar after the signer certificate&apos;s expiration date (2042-02-28) or after any future revocation date.
сен 16, 2015 4:16:11 PM io.selendroid.standalone.builder.SelendroidServerBuilder signTestServer
INFO: The app has been signed: C:\Users\Chepelve.CORP\workspace\app-tests\src\main\resources\resigned-ru.letobank.Prometheus-1.2.10.apk
сен 16, 2015 4:16:11 PM io.selendroid.standalone.io.ShellCommand exec
INFO: Executing shell command: C:\Android\sdk\build-tools\android-4.4W\aapt.exe dump badging C:\Users\Chepelve.CORP\workspace\app-tests\src\main\resources\resigned-ru.letobank.Prometheus-1.2.10.apk
сен 16, 2015 4:16:11 PM io.selendroid.standalone.io.ShellCommand exec
INFO: Shell command output
--&gt;
package: name=&apos;ru.letobank.Prometheus&apos; versionCode=&apos;231&apos; versionName=&apos;1.2.10&apos;
sdkVersion:&apos;10&apos;
targetSdkVersion:&apos;19&apos;
uses-permission:&apos;android.permission.INTERNET&apos;
uses-permission:&apos;android.permission.ACCESS_NETWORK_STATE&apos;
uses-permission:&apos;com.google.android.providers.gsf.permission.READ_GSERVICES&apos;
uses-permission:&apos;android.permission.WAKE_LOCK&apos;
uses-permission:&apos;android.permission.VIBRATE&apos;
uses-permission:&apos;com.google.android.c2dm.permission.RECEIVE&apos;
uses-permission:&apos;ru.letobank.Prometheus.permission.C2D_MESSAGE&apos;
uses-permission:&apos;android.permission.ACCESS_COARSE_LOCATION&apos;
uses-permission:&apos;android.permission.ACCESS_FINE_LOCATION&apos;
uses-permission:&apos;android.permission.CALL_PHONE&apos;
uses-permission:&apos;android.permission.RECEIVE_SMS&apos;
uses-permission:&apos;android.permission.WRITE_EXTERNAL_STORAGE&apos;
uses-permission:&apos;android.permission.WRITE_SETTINGS&apos;
uses-feature-not-required:&apos;android.hardware.telephony&apos;
uses-feature-not-required:&apos;android.hardware.location&apos;
uses-feature-not-required:&apos;android.hardware.location.network&apos;
uses-feature-not-required:&apos;android.hardware.location.gps&apos;
uses-gl-es:&apos;0x20000&apos;
uses-permission:&apos;android.permission.READ_EXTERNAL_STORAGE&apos;
application-label:&apos;Р›РµС‚Рѕ Р‘Р°РЅРє&apos;
application-label-en:&apos;Р›РµС‚Рѕ Р‘Р°РЅРє&apos;
application-label-ca:&apos;Р›РµС‚Рѕ Р‘Р°РЅРє&apos;
application-label-da:&apos;Р›РµС‚Рѕ Р‘Р°РЅРє&apos;
application-label-fa:&apos;Р›РµС‚Рѕ Р‘Р°РЅРє&apos;
application-label-ja:&apos;Р›РµС‚Рѕ Р‘Р°РЅРє&apos;
application-label-nb:&apos;Р›РµС‚Рѕ Р‘Р°РЅРє&apos;
application-label-de:&apos;Р›РµС‚Рѕ Р‘Р°РЅРє&apos;
application-label-af:&apos;Р›РµС‚Рѕ Р‘Р°РЅРє&apos;
application-label-bg:&apos;Р›РµС‚Рѕ Р‘Р°РЅРє&apos;
application-label-th:&apos;Р›РµС‚Рѕ Р‘Р°РЅРє&apos;
application-label-fi:&apos;Р›РµС‚Рѕ Р‘Р°РЅРє&apos;
application-label-hi:&apos;Р›РµС‚Рѕ Р‘Р°РЅРє&apos;
application-label-vi:&apos;Р›РµС‚Рѕ Р‘Р°РЅРє&apos;
application-label-sk:&apos;Р›РµС‚Рѕ Р‘Р°РЅРє&apos;
application-label-uk:&apos;Р›РµС‚Рѕ Р‘Р°РЅРє&apos;
application-label-el:&apos;Р›РµС‚Рѕ Р‘Р°РЅРє&apos;
application-label-nl:&apos;Р›РµС‚Рѕ Р‘Р°РЅРє&apos;
application-label-pl:&apos;Р›РµС‚Рѕ Р‘Р°РЅРє&apos;
application-label-sl:&apos;Р›РµС‚Рѕ Р‘Р°РЅРє&apos;
application-label-tl:&apos;Р›РµС‚Рѕ Р‘Р°РЅРє&apos;
application-label-am:&apos;Р›РµС‚Рѕ Р‘Р°РЅРє&apos;
application-label-in:&apos;Р›РµС‚Рѕ Р‘Р°РЅРє&apos;
application-label-ko:&apos;Р›РµС‚Рѕ Р‘Р°РЅРє&apos;
application-label-ro:&apos;Р›РµС‚Рѕ Р‘Р°РЅРє&apos;
application-label-ar:&apos;Р›РµС‚Рѕ Р‘Р°РЅРє&apos;
application-label-fr:&apos;Р›РµС‚Рѕ Р‘Р°РЅРє&apos;
application-label-hr:&apos;Р›РµС‚Рѕ Р‘Р°РЅРє&apos;
application-label-sr:&apos;Р›РµС‚Рѕ Р‘Р°РЅРє&apos;
application-label-tr:&apos;Р›РµС‚Рѕ Р‘Р°РЅРє&apos;
application-label-cs:&apos;Р›РµС‚Рѕ Р‘Р°РЅРє&apos;
application-label-es:&apos;Р›РµС‚Рѕ Р‘Р°РЅРє&apos;
application-label-it:&apos;Р›РµС‚Рѕ Р‘Р°РЅРє&apos;
application-label-lt:&apos;Р›РµС‚Рѕ Р‘Р°РЅРє&apos;
application-label-pt:&apos;Р›РµС‚Рѕ Р‘Р°РЅРє&apos;
application-label-hu:&apos;Р›РµС‚Рѕ Р‘Р°РЅРє&apos;
application-label-ru:&apos;Р›РµС‚Рѕ Р‘Р°РЅРє&apos;
application-label-zu:&apos;Р›РµС‚Рѕ Р‘Р°РЅРє&apos;
application-label-lv:&apos;Р›РµС‚Рѕ Р‘Р°РЅРє&apos;
application-label-sv:&apos;Р›РµС‚Рѕ Р‘Р°РЅРє&apos;
application-label-iw:&apos;Р›РµС‚Рѕ Р‘Р°РЅРє&apos;
application-label-sw:&apos;Р›РµС‚Рѕ Р‘Р°РЅРє&apos;
application-label-fr_CA:&apos;Р›РµС‚Рѕ Р‘Р°РЅРє&apos;
application-label-lo_LA:&apos;Р›РµС‚Рѕ Р‘Р°РЅРє&apos;
application-label-en_GB:&apos;Р›РµС‚Рѕ Р‘Р°РЅРє&apos;
application-label-bn_BD:&apos;Р›РµС‚Рѕ Р‘Р°РЅРє&apos;
application-label-et_EE:&apos;Р›РµС‚Рѕ Р‘Р°РЅРє&apos;
application-label-ka_GE:&apos;Р›РµС‚Рѕ Р‘Р°РЅРє&apos;
application-label-ky_KG:&apos;Р›РµС‚Рѕ Р‘Р°РЅРє&apos;
application-label-km_KH:&apos;Р›РµС‚Рѕ Р‘Р°РЅРє&apos;
application-label-zh_HK:&apos;Р›РµС‚Рѕ Р‘Р°РЅРє&apos;
application-label-si_LK:&apos;Р›РµС‚Рѕ Р‘Р°РЅРє&apos;
application-label-mk_MK:&apos;Р›РµС‚Рѕ Р‘Р°РЅРє&apos;
application-label-ur_PK:&apos;Р›РµС‚Рѕ Р‘Р°РЅРє&apos;
application-label-hy_AM:&apos;Р›РµС‚Рѕ Р‘Р°РЅРє&apos;
application-label-my_MM:&apos;Р›РµС‚Рѕ Р‘Р°РЅРє&apos;
application-label-zh_CN:&apos;Р›РµС‚Рѕ Р‘Р°РЅРє&apos;
application-label-ta_IN:&apos;Р›РµС‚Рѕ Р‘Р°РЅРє&apos;
application-label-te_IN:&apos;Р›РµС‚Рѕ Р‘Р°РЅРє&apos;
application-label-ml_IN:&apos;Р›РµС‚Рѕ Р‘Р°РЅРє&apos;
application-label-en_IN:&apos;Р›РµС‚Рѕ Р‘Р°РЅРє&apos;
application-label-kn_IN:&apos;Р›РµС‚Рѕ Р‘Р°РЅРє&apos;
application-label-mr_IN:&apos;Р›РµС‚Рѕ Р‘Р°РЅРє&apos;
application-label-mn_MN:&apos;Р›РµС‚Рѕ Р‘Р°РЅРє&apos;
application-label-ne_NP:&apos;Р›РµС‚Рѕ Р‘Р°РЅРє&apos;
application-label-pt_BR:&apos;Р›РµС‚Рѕ Р‘Р°РЅРє&apos;
application-label-gl_ES:&apos;Р›РµС‚Рѕ Р‘Р°РЅРє&apos;
application-label-eu_ES:&apos;Р›РµС‚Рѕ Р‘Р°РЅРє&apos;
application-label-is_IS:&apos;Р›РµС‚Рѕ Р‘Р°РЅРє&apos;
application-label-es_US:&apos;Р›РµС‚Рѕ Р‘Р°РЅРє&apos;
application-label-pt_PT:&apos;Р›РµС‚Рѕ Р‘Р°РЅРє&apos;
application-label-en_AU:&apos;Р›РµС‚Рѕ Р‘Р°РЅРє&apos;
application-label-zh_TW:&apos;Р›РµС‚Рѕ Р‘Р°РЅРє&apos;
application-label-ms_MY:&apos;Р›РµС‚Рѕ Р‘Р°РЅРє&apos;
application-label-kk_KZ:&apos;Р›РµС‚Рѕ Р‘Р°РЅРє&apos;
application-label-uz_UZ:&apos;Р›РµС‚Рѕ Р‘Р°РЅРє&apos;
application-icon-120:&apos;res/drawable-mdpi-v4/ic_launcher.png&apos;
application-icon-160:&apos;res/drawable-mdpi-v4/ic_launcher.png&apos;
application-icon-213:&apos;res/drawable-hdpi-v4/ic_launcher.png&apos;
application-icon-240:&apos;res/drawable-hdpi-v4/ic_launcher.png&apos;
application-icon-320:&apos;res/drawable-xhdpi-v4/ic_launcher.png&apos;
application-icon-480:&apos;res/drawable-xxhdpi-v4/ic_launcher.png&apos;
application: label=&apos;Р›РµС‚Рѕ Р‘Р°РЅРє&apos; icon=&apos;res/drawable-mdpi-v4/ic_launcher.png&apos;
launchable-activity: name=&apos;ru.letobank.Prometheus.ui.activity.common.InitialActivity_&apos;  label=&apos;Р›РµС‚Рѕ Р‘Р°РЅРє&apos; icon=&apos;&apos;
uses-feature:&apos;android.hardware.touchscreen&apos;
uses-implied-feature:&apos;android.hardware.touchscreen&apos;,&apos;assumed you require a touch screen unless explicitly made optional&apos;
main
other-activities
other-receivers
other-services
supports-screens: &apos;normal&apos; &apos;large&apos; &apos;xlarge&apos;
supports-any-density: &apos;true&apos;
locales: &apos;--_--&apos; &apos;en&apos; &apos;ca&apos; &apos;da&apos; &apos;fa&apos; &apos;ja&apos; &apos;nb&apos; &apos;de&apos; &apos;af&apos; &apos;bg&apos; &apos;th&apos; &apos;fi&apos; &apos;hi&apos; &apos;vi&apos; &apos;sk&apos; &apos;uk&apos; &apos;el&apos; &apos;nl&apos; &apos;pl&apos; &apos;sl&apos; &apos;tl&apos; &apos;am&apos; &apos;in&apos; &apos;ko&apos; &apos;ro&apos; &apos;ar&apos; &apos;fr&apos; &apos;hr&apos; &apos;sr&apos; &apos;tr&apos; &apos;cs&apos; &apos;es&apos; &apos;it&apos; &apos;lt&apos; &apos;pt&apos; &apos;hu&apos; &apos;ru&apos; &apos;zu&apos; &apos;lv&apos; &apos;sv&apos; &apos;iw&apos; &apos;sw&apos; &apos;fr_CA&apos; &apos;lo_LA&apos; &apos;en_GB&apos; &apos;bn_BD&apos; &apos;et_EE&apos; &apos;ka_GE&apos; &apos;ky_KG&apos; &apos;km_KH&apos; &apos;zh_HK&apos; &apos;si_LK&apos; &apos;mk_MK&apos; &apos;ur_PK&apos; &apos;hy_AM&apos; &apos;my_MM&apos; &apos;zh_CN&apos; &apos;ta_IN&apos; &apos;te_IN&apos; &apos;ml_IN&apos; &apos;en_IN&apos; &apos;kn_IN&apos; &apos;mr_IN&apos; &apos;mn_MN&apos; &apos;ne_NP&apos; &apos;pt_BR&apos; &apos;gl_ES&apos; &apos;eu_ES&apos; &apos;is_IS&apos; &apos;es_US&apos; &apos;pt_PT&apos; &apos;en_AU&apos; &apos;zh_TW&apos; &apos;ms_MY&apos; &apos;kk_KZ&apos; &apos;uz_UZ&apos;
densities: &apos;120&apos; &apos;160&apos; &apos;213&apos; &apos;240&apos; &apos;320&apos; &apos;480&apos;
native-code: &apos;armeabi&apos; &apos;armeabi-v7a&apos;
&lt;--
сен 16, 2015 4:16:11 PM io.selendroid.standalone.io.ShellCommand exec
INFO: Executing shell command: C:\Android\sdk\build-tools\android-4.4W\aapt.exe dump badging C:\Users\Chepelve.CORP\workspace\app-tests\src\main\resources\resigned-ru.letobank.Prometheus-1.2.10.apk
сен 16, 2015 4:16:11 PM io.selendroid.standalone.io.ShellCommand exec
INFO: Shell command output
--&gt;
package: name=&apos;ru.letobank.Prometheus&apos; versionCode=&apos;231&apos; versionName=&apos;1.2.10&apos;
sdkVersion:&apos;10&apos;
targetSdkVersion:&apos;19&apos;
uses-permission:&apos;android.permission.INTERNET&apos;
uses-permission:&apos;android.permission.ACCESS_NETWORK_STATE&apos;
uses-permission:&apos;com.google.android.providers.gsf.permission.READ_GSERVICES&apos;
uses-permission:&apos;android.permission.WAKE_LOCK&apos;
uses-permission:&apos;android.permission.VIBRATE&apos;
uses-permission:&apos;com.google.android.c2dm.permission.RECEIVE&apos;
uses-permission:&apos;ru.letobank.Prometheus.permission.C2D_MESSAGE&apos;
uses-permission:&apos;android.permission.ACCESS_COARSE_LOCATION&apos;
uses-permission:&apos;android.permission.ACCESS_FINE_LOCATION&apos;
uses-permission:&apos;android.permission.CALL_PHONE&apos;
uses-permission:&apos;android.permission.RECEIVE_SMS&apos;
uses-permission:&apos;android.permission.WRITE_EXTERNAL_STORAGE&apos;
uses-permission:&apos;android.permission.WRITE_SETTINGS&apos;
uses-feature-not-required:&apos;android.hardware.telephony&apos;
uses-feature-not-required:&apos;android.hardware.location&apos;
uses-feature-not-required:&apos;android.hardware.location.network&apos;
uses-feature-not-required:&apos;android.hardware.location.gps&apos;
uses-gl-es:&apos;0x20000&apos;
uses-permission:&apos;android.permission.READ_EXTERNAL_STORAGE&apos;
application-label:&apos;Р›РµС‚Рѕ Р‘Р°РЅРє&apos;
application-label-en:&apos;Р›РµС‚Рѕ Р‘Р°РЅРє&apos;
application-label-ca:&apos;Р›РµС‚Рѕ Р‘Р°РЅРє&apos;
application-label-da:&apos;Р›РµС‚Рѕ Р‘Р°РЅРє&apos;
application-label-fa:&apos;Р›РµС‚Рѕ Р‘Р°РЅРє&apos;
application-label-ja:&apos;Р›РµС‚Рѕ Р‘Р°РЅРє&apos;
application-label-nb:&apos;Р›РµС‚Рѕ Р‘Р°РЅРє&apos;
application-label-de:&apos;Р›РµС‚Рѕ Р‘Р°РЅРє&apos;
application-label-af:&apos;Р›РµС‚Рѕ Р‘Р°РЅРє&apos;
application-label-bg:&apos;Р›РµС‚Рѕ Р‘Р°РЅРє&apos;
application-label-th:&apos;Р›РµС‚Рѕ Р‘Р°РЅРє&apos;
application-label-fi:&apos;Р›РµС‚Рѕ Р‘Р°РЅРє&apos;
application-label-hi:&apos;Р›РµС‚Рѕ Р‘Р°РЅРє&apos;
application-label-vi:&apos;Р›РµС‚Рѕ Р‘Р°РЅРє&apos;
application-label-sk:&apos;Р›РµС‚Рѕ Р‘Р°РЅРє&apos;
application-label-uk:&apos;Р›РµС‚Рѕ Р‘Р°РЅРє&apos;
application-label-el:&apos;Р›РµС‚Рѕ Р‘Р°РЅРє&apos;
application-label-nl:&apos;Р›РµС‚Рѕ Р‘Р°РЅРє&apos;
application-label-pl:&apos;Р›РµС‚Рѕ Р‘Р°РЅРє&apos;
application-label-sl:&apos;Р›РµС‚Рѕ Р‘Р°РЅРє&apos;
application-label-tl:&apos;Р›РµС‚Рѕ Р‘Р°РЅРє&apos;
application-label-am:&apos;Р›РµС‚Рѕ Р‘Р°РЅРє&apos;
application-label-in:&apos;Р›РµС‚Рѕ Р‘Р°РЅРє&apos;
application-label-ko:&apos;Р›РµС‚Рѕ Р‘Р°РЅРє&apos;
application-label-ro:&apos;Р›РµС‚Рѕ Р‘Р°РЅРє&apos;
application-label-ar:&apos;Р›РµС‚Рѕ Р‘Р°РЅРє&apos;
application-label-fr:&apos;Р›РµС‚Рѕ Р‘Р°РЅРє&apos;
application-label-hr:&apos;Р›РµС‚Рѕ Р‘Р°РЅРє&apos;
application-label-sr:&apos;Р›РµС‚Рѕ Р‘Р°РЅРє&apos;
application-label-tr:&apos;Р›РµС‚Рѕ Р‘Р°РЅРє&apos;
application-label-cs:&apos;Р›РµС‚Рѕ Р‘Р°РЅРє&apos;
application-label-es:&apos;Р›РµС‚Рѕ Р‘Р°РЅРє&apos;
application-label-it:&apos;Р›РµС‚Рѕ Р‘Р°РЅРє&apos;
application-label-lt:&apos;Р›РµС‚Рѕ Р‘Р°РЅРє&apos;
application-label-pt:&apos;Р›РµС‚Рѕ Р‘Р°РЅРє&apos;
application-label-hu:&apos;Р›РµС‚Рѕ Р‘Р°РЅРє&apos;
application-label-ru:&apos;Р›РµС‚Рѕ Р‘Р°РЅРє&apos;
application-label-zu:&apos;Р›РµС‚Рѕ Р‘Р°РЅРє&apos;
application-label-lv:&apos;Р›РµС‚Рѕ Р‘Р°РЅРє&apos;
application-label-sv:&apos;Р›РµС‚Рѕ Р‘Р°РЅРє&apos;
application-label-iw:&apos;Р›РµС‚Рѕ Р‘Р°РЅРє&apos;
application-label-sw:&apos;Р›РµС‚Рѕ Р‘Р°РЅРє&apos;
application-label-fr_CA:&apos;Р›РµС‚Рѕ Р‘Р°РЅРє&apos;
application-label-lo_LA:&apos;Р›РµС‚Рѕ Р‘Р°РЅРє&apos;
application-label-en_GB:&apos;Р›РµС‚Рѕ Р‘Р°РЅРє&apos;
application-label-bn_BD:&apos;Р›РµС‚Рѕ Р‘Р°РЅРє&apos;
application-label-et_EE:&apos;Р›РµС‚Рѕ Р‘Р°РЅРє&apos;
application-label-ka_GE:&apos;Р›РµС‚Рѕ Р‘Р°РЅРє&apos;
application-label-ky_KG:&apos;Р›РµС‚Рѕ Р‘Р°РЅРє&apos;
application-label-km_KH:&apos;Р›РµС‚Рѕ Р‘Р°РЅРє&apos;
application-label-zh_HK:&apos;Р›РµС‚Рѕ Р‘Р°РЅРє&apos;
application-label-si_LK:&apos;Р›РµС‚Рѕ Р‘Р°РЅРє&apos;
application-label-mk_MK:&apos;Р›РµС‚Рѕ Р‘Р°РЅРє&apos;
application-label-ur_PK:&apos;Р›РµС‚Рѕ Р‘Р°РЅРє&apos;
application-label-hy_AM:&apos;Р›РµС‚Рѕ Р‘Р°РЅРє&apos;
application-label-my_MM:&apos;Р›РµС‚Рѕ Р‘Р°РЅРє&apos;
application-label-zh_CN:&apos;Р›РµС‚Рѕ Р‘Р°РЅРє&apos;
application-label-ta_IN:&apos;Р›РµС‚Рѕ Р‘Р°РЅРє&apos;
application-label-te_IN:&apos;Р›РµС‚Рѕ Р‘Р°РЅРє&apos;
application-label-ml_IN:&apos;Р›РµС‚Рѕ Р‘Р°РЅРє&apos;
application-label-en_IN:&apos;Р›РµС‚Рѕ Р‘Р°РЅРє&apos;
application-label-kn_IN:&apos;Р›РµС‚Рѕ Р‘Р°РЅРє&apos;
application-label-mr_IN:&apos;Р›РµС‚Рѕ Р‘Р°РЅРє&apos;
application-label-mn_MN:&apos;Р›РµС‚Рѕ Р‘Р°РЅРє&apos;
application-label-ne_NP:&apos;Р›РµС‚Рѕ Р‘Р°РЅРє&apos;
application-label-pt_BR:&apos;Р›РµС‚Рѕ Р‘Р°РЅРє&apos;
application-label-gl_ES:&apos;Р›РµС‚Рѕ Р‘Р°РЅРє&apos;
application-label-eu_ES:&apos;Р›РµС‚Рѕ Р‘Р°РЅРє&apos;
application-label-is_IS:&apos;Р›РµС‚Рѕ Р‘Р°РЅРє&apos;
application-label-es_US:&apos;Р›РµС‚Рѕ Р‘Р°РЅРє&apos;
application-label-pt_PT:&apos;Р›РµС‚Рѕ Р‘Р°РЅРє&apos;
application-label-en_AU:&apos;Р›РµС‚Рѕ Р‘Р°РЅРє&apos;
application-label-zh_TW:&apos;Р›РµС‚Рѕ Р‘Р°РЅРє&apos;
application-label-ms_MY:&apos;Р›РµС‚Рѕ Р‘Р°РЅРє&apos;
application-label-kk_KZ:&apos;Р›РµС‚Рѕ Р‘Р°РЅРє&apos;
application-label-uz_UZ:&apos;Р›РµС‚Рѕ Р‘Р°РЅРє&apos;
application-icon-120:&apos;res/drawable-mdpi-v4/ic_launcher.png&apos;
application-icon-160:&apos;res/drawable-mdpi-v4/ic_launcher.png&apos;
application-icon-213:&apos;res/drawable-hdpi-v4/ic_launcher.png&apos;
application-icon-240:&apos;res/drawable-hdpi-v4/ic_launcher.png&apos;
application-icon-320:&apos;res/drawable-xhdpi-v4/ic_launcher.png&apos;
application-icon-480:&apos;res/drawable-xxhdpi-v4/ic_launcher.png&apos;
application: label=&apos;Р›РµС‚Рѕ Р‘Р°РЅРє&apos; icon=&apos;res/drawable-mdpi-v4/ic_launcher.png&apos;
launchable-activity: name=&apos;ru.letobank.Prometheus.ui.activity.common.InitialActivity_&apos;  label=&apos;Р›РµС‚Рѕ Р‘Р°РЅРє&apos; icon=&apos;&apos;
uses-feature:&apos;android.hardware.touchscreen&apos;
uses-implied-feature:&apos;android.hardware.touchscreen&apos;,&apos;assumed you require a touch screen unless explicitly made optional&apos;
main
other-activities
other-receivers
other-services
supports-screens: &apos;normal&apos; &apos;large&apos; &apos;xlarge&apos;
supports-any-density: &apos;true&apos;
locales: &apos;--_--&apos; &apos;en&apos; &apos;ca&apos; &apos;da&apos; &apos;fa&apos; &apos;ja&apos; &apos;nb&apos; &apos;de&apos; &apos;af&apos; &apos;bg&apos; &apos;th&apos; &apos;fi&apos; &apos;hi&apos; &apos;vi&apos; &apos;sk&apos; &apos;uk&apos; &apos;el&apos; &apos;nl&apos; &apos;pl&apos; &apos;sl&apos; &apos;tl&apos; &apos;am&apos; &apos;in&apos; &apos;ko&apos; &apos;ro&apos; &apos;ar&apos; &apos;fr&apos; &apos;hr&apos; &apos;sr&apos; &apos;tr&apos; &apos;cs&apos; &apos;es&apos; &apos;it&apos; &apos;lt&apos; &apos;pt&apos; &apos;hu&apos; &apos;ru&apos; &apos;zu&apos; &apos;lv&apos; &apos;sv&apos; &apos;iw&apos; &apos;sw&apos; &apos;fr_CA&apos; &apos;lo_LA&apos; &apos;en_GB&apos; &apos;bn_BD&apos; &apos;et_EE&apos; &apos;ka_GE&apos; &apos;ky_KG&apos; &apos;km_KH&apos; &apos;zh_HK&apos; &apos;si_LK&apos; &apos;mk_MK&apos; &apos;ur_PK&apos; &apos;hy_AM&apos; &apos;my_MM&apos; &apos;zh_CN&apos; &apos;ta_IN&apos; &apos;te_IN&apos; &apos;ml_IN&apos; &apos;en_IN&apos; &apos;kn_IN&apos; &apos;mr_IN&apos; &apos;mn_MN&apos; &apos;ne_NP&apos; &apos;pt_BR&apos; &apos;gl_ES&apos; &apos;eu_ES&apos; &apos;is_IS&apos; &apos;es_US&apos; &apos;pt_PT&apos; &apos;en_AU&apos; &apos;zh_TW&apos; &apos;ms_MY&apos; &apos;kk_KZ&apos; &apos;uz_UZ&apos;
densities: &apos;120&apos; &apos;160&apos; &apos;213&apos; &apos;240&apos; &apos;320&apos; &apos;480&apos;
native-code: &apos;armeabi&apos; &apos;armeabi-v7a&apos;
&lt;--
сен 16, 2015 4:16:11 PM io.selendroid.standalone.server.model.SelendroidStandaloneDriver addToAppsStore
INFO: App ru.letobank.Prometheus:1.2.10 has been added to selendroid standalone server.
сен 16, 2015 4:16:11 PM io.selendroid.standalone.io.ShellCommand exec
INFO: Executing shell command: C:\Android\sdk\build-tools\android-4.4W\aapt.exe remove C:\Users\CHEPEL~1.COR\AppData\Local\Temp\android-driver5643022267971342954.apk META-INF/MANIFEST.MF
сен 16, 2015 4:16:11 PM io.selendroid.standalone.io.ShellCommand exec
INFO: Shell command output
--&gt;

&lt;--
сен 16, 2015 4:16:11 PM io.selendroid.standalone.io.ShellCommand exec
INFO: Executing shell command: C:\Android\sdk\build-tools\android-4.4W\aapt.exe remove C:\Users\CHEPEL~1.COR\AppData\Local\Temp\android-driver5643022267971342954.apk META-INF/CERT.RSA
сен 16, 2015 4:16:11 PM io.selendroid.standalone.io.ShellCommand exec
INFO: Shell command output
--&gt;

&lt;--
сен 16, 2015 4:16:11 PM io.selendroid.standalone.io.ShellCommand exec
INFO: Executing shell command: C:\Android\sdk\build-tools\android-4.4W\aapt.exe remove C:\Users\CHEPEL~1.COR\AppData\Local\Temp\android-driver5643022267971342954.apk META-INF/CERT.SF
сен 16, 2015 4:16:11 PM io.selendroid.standalone.io.ShellCommand exec
INFO: Shell command output
--&gt;

&lt;--
сен 16, 2015 4:16:11 PM io.selendroid.standalone.io.ShellCommand exec
INFO: Executing shell command: C:\Android\sdk\build-tools\android-4.4W\aapt.exe remove C:\Users\CHEPEL~1.COR\AppData\Local\Temp\android-driver5643022267971342954.apk META-INF/ANDROIDD.SF
сен 16, 2015 4:16:11 PM io.selendroid.standalone.io.ShellCommand exec
INFO: Executing shell command: C:\Android\sdk\build-tools\android-4.4W\aapt.exe remove C:\Users\CHEPEL~1.COR\AppData\Local\Temp\android-driver5643022267971342954.apk META-INF/ANDROIDD.RSA
сен 16, 2015 4:16:11 PM io.selendroid.standalone.io.ShellCommand exec
INFO: Executing shell command: C:\Android\sdk\build-tools\android-4.4W\aapt.exe remove C:\Users\CHEPEL~1.COR\AppData\Local\Temp\android-driver5643022267971342954.apk META-INF/NDKEYSTO.SF
сен 16, 2015 4:16:11 PM io.selendroid.standalone.io.ShellCommand exec
INFO: Executing shell command: C:\Android\sdk\build-tools\android-4.4W\aapt.exe remove C:\Users\CHEPEL~1.COR\AppData\Local\Temp\android-driver5643022267971342954.apk META-INF/NDKEYSTO.RSA
сен 16, 2015 4:16:11 PM io.selendroid.standalone.io.ShellCommand exec
INFO: Executing shell command: C:\Program Files\Java\jdk1.8.0_51\bin\jarsigner.exe -sigalg MD5withRSA -digestalg SHA1 -signedjar C:\Users\CHEPEL~1.COR\AppData\Local\Temp\resigned-android-driver5643022267971342954.apk -storepass android -keystore C:\Users\Chepelve.CORP\.android\debug.keystore C:\Users\CHEPEL~1.COR\AppData\Local\Temp\android-driver5643022267971342954.apk androiddebugkey
сен 16, 2015 4:16:11 PM io.selendroid.standalone.io.ShellCommand exec
INFO: Shell command output
--&gt;
jar signed.

Warning: 
No -tsa or -tsacert is provided and this jar is not timestamped. Without a timestamp, users may not be able to validate this jar after the signer certificate&apos;s expiration date (2042-02-28) or after any future revocation date.
&lt;--
сен 16, 2015 4:16:11 PM io.selendroid.standalone.builder.SelendroidServerBuilder signTestServer
INFO: App signing output: jar signed.

Warning: 
No -tsa or -tsacert is provided and this jar is not timestamped. Without a timestamp, users may not be able to validate this jar after the signer certificate&apos;s expiration date (2042-02-28) or after any future revocation date.
сен 16, 2015 4:16:11 PM io.selendroid.standalone.builder.SelendroidServerBuilder signTestServer
INFO: The app has been signed: C:\Users\CHEPEL~1.COR\AppData\Local\Temp\resigned-android-driver5643022267971342954.apk
сен 16, 2015 4:16:11 PM io.selendroid.standalone.android.impl.DefaultDeviceManager initializeAdbConnection
INFO: my devices: null
сен 16, 2015 4:16:11 PM io.selendroid.standalone.io.ShellCommand exec
INFO: Executing shell command: C:\Android\sdk\tools\android.bat list avds
сен 16, 2015 4:16:13 PM io.selendroid.standalone.io.ShellCommand exec
INFO: Shell command output
--&gt;
Available Android Virtual Devices:
    Name: Nexus5
  Device: Nexus 5 (Google)
    Path: C:\Users\Chepelve.CORP\.android\avd\Nexus5.avd
  Target: Google APIs (x86 System Image) (Google Inc.)
          Based on Android 4.4.2 (API level 19)
 Tag/ABI: default/x86
    Skin: HVGA
  Sdcard: 200M
&lt;--
сен 16, 2015 4:16:13 PM io.selendroid.standalone.io.ShellCommand exec
INFO: Executing shell command: C:\Android\sdk\platform-tools\adb.exe devices
сен 16, 2015 4:16:13 PM io.selendroid.standalone.io.ShellCommand exec
INFO: Shell command output
--&gt;
List of devices attached
emulator-5554	offline
&lt;--
сен 16, 2015 4:16:13 PM io.selendroid.standalone.server.model.DeviceStore addEmulators
INFO: Adding: AndroidEmulator [screenSize=(320, 480), targetPlatform=ANDROID19, serial=emulator-5554, avdName=Nexus5, model=Nexus 5 (Google), apiTargetType=google]
сен 16, 2015 4:16:13 PM io.selendroid.standalone.server.SelendroidStandaloneServer start
INFO: Selendroid standalone server has been started on port: 4444
Exception in thread &quot;Thread-85&quot; java.net.BindException: Address already in use: bind
	at sun.nio.ch.Net.bind0(Native Method)
	at sun.nio.ch.Net.bind(Net.java:437)
	at sun.nio.ch.Net.bind(Net.java:429)
	at sun.nio.ch.ServerSocketChannelImpl.bind(ServerSocketChannelImpl.java:223)
	at sun.nio.ch.ServerSocketAdaptor.bind(ServerSocketAdaptor.java:74)
	at io.netty.channel.socket.nio.NioServerSocketChannel.doBind(NioServerSocketChannel.java:125)
	at io.netty.channel.AbstractChannel$AbstractUnsafe.bind(AbstractChannel.java:476)
	at io.netty.channel.DefaultChannelPipeline$HeadContext.bind(DefaultChannelPipeline.java:1021)
	at io.netty.channel.AbstractChannelHandlerContext.invokeBind(AbstractChannelHandlerContext.java:455)
	at io.netty.channel.AbstractChannelHandlerContext.bind(AbstractChannelHandlerContext.java:440)
	at io.netty.channel.DefaultChannelPipeline.bind(DefaultChannelPipeline.java:844)
	at io.netty.channel.AbstractChannel.bind(AbstractChannel.java:195)
	at io.netty.bootstrap.AbstractBootstrap$2.run(AbstractBootstrap.java:339)
	at io.netty.util.concurrent.SingleThreadEventExecutor.runAllTasks(SingleThreadEventExecutor.java:370)
	at io.netty.channel.nio.NioEventLoop.run(NioEventLoop.java:357)
	at io.netty.util.concurrent.SingleThreadEventExecutor$2.run(SingleThreadEventExecutor.java:116)
	at io.netty.util.concurrent.DefaultThreadFactory$DefaultRunnableDecorator.run(DefaultThreadFactory.java:137)
	at java.lang.Thread.run(Thread.java:745)
сен 16, 2015 4:16:13 PM io.selendroid.standalone.server.model.SelendroidStandaloneDriver createNewTestSession
INFO: &apos;ru.letobank.Prometheus:1.2.10&apos; will be used as app under test.
сен 16, 2015 4:16:13 PM io.selendroid.standalone.io.ShellCommand exec
INFO: Executing shell command: C:\Android\sdk\platform-tools\adb.exe -s emulator-5554 shell input keyevent 82
сен 16, 2015 4:16:13 PM io.selendroid.standalone.server.model.SelendroidStandaloneDriver createNewTestSession
SEVERE: Error occurred while starting Selendroid session
io.selendroid.standalone.exceptions.AndroidDeviceException: io.selendroid.standalone.exceptions.ShellCommandException: Error executing shell command: C:\Android\sdk\platform-tools\adb.exe -s emulator-5554 shell input keyevent 82
	at io.selendroid.standalone.android.impl.DefaultAndroidEmulator.unlockEmulatorScreen(DefaultAndroidEmulator.java:383)
	at io.selendroid.standalone.server.model.SelendroidStandaloneDriver.startAndroidEmulator(SelendroidStandaloneDriver.java:369)
	at io.selendroid.standalone.server.model.SelendroidStandaloneDriver.createNewTestSession(SelendroidStandaloneDriver.java:227)
	at io.selendroid.standalone.server.model.SelendroidStandaloneDriver.createNewTestSession(SelendroidStandaloneDriver.java:210)
	at io.selendroid.standalone.server.handler.CreateSessionHandler.handleRequest(CreateSessionHandler.java:40)
	at io.selendroid.standalone.server.BaseSelendroidStandaloneHandler.handle(BaseSelendroidStandaloneHandler.java:45)
	at io.selendroid.standalone.server.SelendroidServlet.handleRequest(SelendroidServlet.java:131)
	at io.selendroid.server.common.BaseServlet.handleHttpRequest(BaseServlet.java:67)
	at io.selendroid.server.common.http.ServerHandler.channelRead(ServerHandler.java:53)
	at io.netty.channel.AbstractChannelHandlerContext.invokeChannelRead(AbstractChannelHandlerContext.java:333)
	at io.netty.channel.AbstractChannelHandlerContext.fireChannelRead(AbstractChannelHandlerContext.java:319)
	at io.netty.handler.traffic.AbstractTrafficShapingHandler.channelRead(AbstractTrafficShapingHandler.java:223)
	at io.netty.channel.AbstractChannelHandlerContext.invokeChannelRead(AbstractChannelHandlerContext.java:333)
	at io.netty.channel.AbstractChannelHandlerContext.fireChannelRead(AbstractChannelHandlerContext.java:319)
	at io.netty.handler.codec.MessageToMessageDecoder.channelRead(MessageToMessageDecoder.java:103)
	at io.netty.channel.AbstractChannelHandlerContext.invokeChannelRead(AbstractChannelHandlerContext.java:333)
	at io.netty.channel.AbstractChannelHandlerContext.fireChannelRead(AbstractChannelHandlerContext.java:319)
	at io.netty.handler.codec.ByteToMessageDecoder.channelRead(ByteToMessageDecoder.java:163)
	at io.netty.channel.CombinedChannelDuplexHandler.channelRead(CombinedChannelDuplexHandler.java:148)
	at io.netty.channel.AbstractChannelHandlerContext.invokeChannelRead(AbstractChannelHandlerContext.java:333)
	at io.netty.channel.AbstractChannelHandlerContext.fireChannelRead(AbstractChannelHandlerContext.java:319)
	at io.netty.channel.DefaultChannelPipeline.fireChannelRead(DefaultChannelPipeline.java:787)
	at io.netty.channel.nio.AbstractNioByteChannel$NioByteUnsafe.read(AbstractNioByteChannel.java:125)
	at io.netty.channel.nio.NioEventLoop.processSelectedKey(NioEventLoop.java:511)
	at io.netty.channel.nio.NioEventLoop.processSelectedKeysOptimized(NioEventLoop.java:468)
	at io.netty.channel.nio.NioEventLoop.processSelectedKeys(NioEventLoop.java:382)
	at io.netty.channel.nio.NioEventLoop.run(NioEventLoop.java:354)
	at io.netty.util.concurrent.SingleThreadEventExecutor$2.run(SingleThreadEventExecutor.java:116)
	at io.netty.util.concurrent.DefaultThreadFactory$DefaultRunnableDecorator.run(DefaultThreadFactory.java:137)
	at java.lang.Thread.run(Thread.java:745)
Caused by: io.selendroid.standalone.exceptions.ShellCommandException: Error executing shell command: C:\Android\sdk\platform-tools\adb.exe -s emulator-5554 shell input keyevent 82
	at io.selendroid.standalone.io.ShellCommand.exec(ShellCommand.java:49)
	at io.selendroid.standalone.android.impl.DefaultAndroidEmulator.unlockEmulatorScreen(DefaultAndroidEmulator.java:381)
	... 29 more
Caused by: io.selendroid.standalone.exceptions.ShellCommandException: error: device offline

	... 31 more

сен 16, 2015 4:16:13 PM io.selendroid.standalone.server.model.DeviceStore release
INFO: Releasing device AndroidEmulator [screenSize=(320, 480), targetPlatform=ANDROID19, serial=emulator-5554, avdName=Nexus5, model=Nexus 5 (Google), apiTargetType=google]
сен 16, 2015 4:16:13 PM io.selendroid.standalone.io.ShellCommand exec
INFO: Executing shell command: C:\Android\sdk\platform-tools\adb.exe -s emulator-5554 shell am force-stop ru.letobank.Prometheus
сен 16, 2015 4:16:13 PM io.selendroid.standalone.android.impl.AbstractDevice executeCommandQuietly
WARNING: Could not execute command: C:\Android\sdk\platform-tools\adb.exe -s emulator-5554 shell am force-stop ru.letobank.Prometheus
io.selendroid.standalone.exceptions.ShellCommandException: Error executing shell command: C:\Android\sdk\platform-tools\adb.exe -s emulator-5554 shell am force-stop ru.letobank.Prometheus
	at io.selendroid.standalone.io.ShellCommand.exec(ShellCommand.java:49)
	at io.selendroid.standalone.android.impl.AbstractDevice.executeCommandQuietly(AbstractDevice.java:179)
	at io.selendroid.standalone.android.impl.AbstractDevice.executeCommandQuietly(AbstractDevice.java:174)
	at io.selendroid.standalone.android.impl.AbstractDevice.kill(AbstractDevice.java:210)
	at io.selendroid.standalone.server.model.DeviceStore.release(DeviceStore.java:92)
	at io.selendroid.standalone.server.model.SelendroidStandaloneDriver.createNewTestSession(SelendroidStandaloneDriver.java:301)
	at io.selendroid.standalone.server.model.SelendroidStandaloneDriver.createNewTestSession(SelendroidStandaloneDriver.java:210)
	at io.selendroid.standalone.server.handler.CreateSessionHandler.handleRequest(CreateSessionHandler.java:40)
	at io.selendroid.standalone.server.BaseSelendroidStandaloneHandler.handle(BaseSelendroidStandaloneHandler.java:45)
	at io.selendroid.standalone.server.SelendroidServlet.handleRequest(SelendroidServlet.java:131)
	at io.selendroid.server.common.BaseServlet.handleHttpRequest(BaseServlet.java:67)
	at io.selendroid.server.common.http.ServerHandler.channelRead(ServerHandler.java:53)
	at io.netty.channel.AbstractChannelHandlerContext.invokeChannelRead(AbstractChannelHandlerContext.java:333)
	at io.netty.channel.AbstractChannelHandlerContext.fireChannelRead(AbstractChannelHandlerContext.java:319)
	at io.netty.handler.traffic.AbstractTrafficShapingHandler.channelRead(AbstractTrafficShapingHandler.java:223)
	at io.netty.channel.AbstractChannelHandlerContext.invokeChannelRead(AbstractChannelHandlerContext.java:333)
	at io.netty.channel.AbstractChannelHandlerContext.fireChannelRead(AbstractChannelHandlerContext.java:319)
	at io.netty.handler.codec.MessageToMessageDecoder.channelRead(MessageToMessageDecoder.java:103)
	at io.netty.channel.AbstractChannelHandlerContext.invokeChannelRead(AbstractChannelHandlerContext.java:333)
	at io.netty.channel.AbstractChannelHandlerContext.fireChannelRead(AbstractChannelHandlerContext.java:319)
	at io.netty.handler.codec.ByteToMessageDecoder.channelRead(ByteToMessageDecoder.java:163)
	at io.netty.channel.CombinedChannelDuplexHandler.channelRead(CombinedChannelDuplexHandler.java:148)
	at io.netty.channel.AbstractChannelHandlerContext.invokeChannelRead(AbstractChannelHandlerContext.java:333)
	at io.netty.channel.AbstractChannelHandlerContext.fireChannelRead(AbstractChannelHandlerContext.java:319)
	at io.netty.channel.DefaultChannelPipeline.fireChannelRead(DefaultChannelPipeline.java:787)
	at io.netty.channel.nio.AbstractNioByteChannel$NioByteUnsafe.read(AbstractNioByteChannel.java:125)
	at io.netty.channel.nio.NioEventLoop.processSelectedKey(NioEventLoop.java:511)
	at io.netty.channel.nio.NioEventLoop.processSelectedKeysOptimized(NioEventLoop.java:468)
	at io.netty.channel.nio.NioEventLoop.processSelectedKeys(NioEventLoop.java:382)
	at io.netty.channel.nio.NioEventLoop.run(NioEventLoop.java:354)
	at io.netty.util.concurrent.SingleThreadEventExecutor$2.run(SingleThreadEventExecutor.java:116)
	at io.netty.util.concurrent.DefaultThreadFactory$DefaultRunnableDecorator.run(DefaultThreadFactory.java:137)
	at java.lang.Thread.run(Thread.java:745)
Caused by: io.selendroid.standalone.exceptions.ShellCommandException: error: device offline

	... 33 more

сен 16, 2015 4:16:13 PM io.selendroid.standalone.io.ShellCommand exec
INFO: Executing shell command: C:\Android\sdk\platform-tools\adb.exe -s emulator-5554 forward --remove tcp:5554
сен 16, 2015 4:16:13 PM io.selendroid.standalone.android.impl.AbstractDevice freeSelendroidPort
WARNING: Could not free Selendroid port
io.selendroid.standalone.exceptions.ShellCommandException: Error executing shell command: C:\Android\sdk\platform-tools\adb.exe -s emulator-5554 forward --remove tcp:5554
	at io.selendroid.standalone.io.ShellCommand.exec(ShellCommand.java:49)
	at io.selendroid.standalone.android.impl.AbstractDevice.freeSelendroidPort(AbstractDevice.java:228)
	at io.selendroid.standalone.android.impl.AbstractDevice.kill(AbstractDevice.java:212)
	at io.selendroid.standalone.server.model.DeviceStore.release(DeviceStore.java:92)
	at io.selendroid.standalone.server.model.SelendroidStandaloneDriver.createNewTestSession(SelendroidStandaloneDriver.java:301)
	at io.selendroid.standalone.server.model.SelendroidStandaloneDriver.createNewTestSession(SelendroidStandaloneDriver.java:210)
	at io.selendroid.standalone.server.handler.CreateSessionHandler.handleRequest(CreateSessionHandler.java:40)
	at io.selendroid.standalone.server.BaseSelendroidStandaloneHandler.handle(BaseSelendroidStandaloneHandler.java:45)
	at io.selendroid.standalone.server.SelendroidServlet.handleRequest(SelendroidServlet.java:131)
	at io.selendroid.server.common.BaseServlet.handleHttpRequest(BaseServlet.java:67)
	at io.selendroid.server.common.http.ServerHandler.channelRead(ServerHandler.java:53)
	at io.netty.channel.AbstractChannelHandlerContext.invokeChannelRead(AbstractChannelHandlerContext.java:333)
	at io.netty.channel.AbstractChannelHandlerContext.fireChannelRead(AbstractChannelHandlerContext.java:319)
	at io.netty.handler.traffic.AbstractTrafficShapingHandler.channelRead(AbstractTrafficShapingHandler.java:223)
	at io.netty.channel.AbstractChannelHandlerContext.invokeChannelRead(AbstractChannelHandlerContext.java:333)
	at io.netty.channel.AbstractChannelHandlerContext.fireChannelRead(AbstractChannelHandlerContext.java:319)
	at io.netty.handler.codec.MessageToMessageDecoder.channelRead(MessageToMessageDecoder.java:103)
	at io.netty.channel.AbstractChannelHandlerContext.invokeChannelRead(AbstractChannelHandlerContext.java:333)
	at io.netty.channel.AbstractChannelHandlerContext.fireChannelRead(AbstractChannelHandlerContext.java:319)
	at io.netty.handler.codec.ByteToMessageDecoder.channelRead(ByteToMessageDecoder.java:163)
	at io.netty.channel.CombinedChannelDuplexHandler.channelRead(CombinedChannelDuplexHandler.java:148)
	at io.netty.channel.AbstractChannelHandlerContext.invokeChannelRead(AbstractChannelHandlerContext.java:333)
	at io.netty.channel.AbstractChannelHandlerContext.fireChannelRead(AbstractChannelHandlerContext.java:319)
	at io.netty.channel.DefaultChannelPipeline.fireChannelRead(DefaultChannelPipeline.java:787)
	at io.netty.channel.nio.AbstractNioByteChannel$NioByteUnsafe.read(AbstractNioByteChannel.java:125)
	at io.netty.channel.nio.NioEventLoop.processSelectedKey(NioEventLoop.java:511)
	at io.netty.channel.nio.NioEventLoop.processSelectedKeysOptimized(NioEventLoop.java:468)
	at io.netty.channel.nio.NioEventLoop.processSelectedKeys(NioEventLoop.java:382)
	at io.netty.channel.nio.NioEventLoop.run(NioEventLoop.java:354)
	at io.netty.util.concurrent.SingleThreadEventExecutor$2.run(SingleThreadEventExecutor.java:116)
	at io.netty.util.concurrent.DefaultThreadFactory$DefaultRunnableDecorator.run(DefaultThreadFactory.java:137)
	at java.lang.Thread.run(Thread.java:745)
Caused by: io.selendroid.standalone.exceptions.ShellCommandException: error: device offline
error: device offline

	... 32 more

сен 16, 2015 4:16:13 PM io.selendroid.standalone.io.ShellCommand exec
INFO: Executing shell command: C:\Android\sdk\platform-tools\adb.exe -s emulator-5554 shell pm clear ru.letobank.Prometheus
сен 16, 2015 4:16:13 PM io.selendroid.standalone.android.impl.AbstractDevice executeCommandQuietly
WARNING: Could not execute command: C:\Android\sdk\platform-tools\adb.exe -s emulator-5554 shell pm clear ru.letobank.Prometheus
io.selendroid.standalone.exceptions.ShellCommandException: Error executing shell command: C:\Android\sdk\platform-tools\adb.exe -s emulator-5554 shell pm clear ru.letobank.Prometheus
	at io.selendroid.standalone.io.ShellCommand.exec(ShellCommand.java:49)
	at io.selendroid.standalone.android.impl.AbstractDevice.executeCommandQuietly(AbstractDevice.java:179)
	at io.selendroid.standalone.android.impl.AbstractDevice.executeCommandQuietly(AbstractDevice.java:174)
	at io.selendroid.standalone.android.impl.AbstractDevice.clearUserData(AbstractDevice.java:203)
	at io.selendroid.standalone.server.model.DeviceStore.release(DeviceStore.java:99)
	at io.selendroid.standalone.server.model.SelendroidStandaloneDriver.createNewTestSession(SelendroidStandaloneDriver.java:301)
	at io.selendroid.standalone.server.model.SelendroidStandaloneDriver.createNewTestSession(SelendroidStandaloneDriver.java:210)
	at io.selendroid.standalone.server.handler.CreateSessionHandler.handleRequest(CreateSessionHandler.java:40)
	at io.selendroid.standalone.server.BaseSelendroidStandaloneHandler.handle(BaseSelendroidStandaloneHandler.java:45)
	at io.selendroid.standalone.server.SelendroidServlet.handleRequest(SelendroidServlet.java:131)
	at io.selendroid.server.common.BaseServlet.handleHttpRequest(BaseServlet.java:67)
	at io.selendroid.server.common.http.ServerHandler.channelRead(ServerHandler.java:53)
	at io.netty.channel.AbstractChannelHandlerContext.invokeChannelRead(AbstractChannelHandlerContext.java:333)
	at io.netty.channel.AbstractChannelHandlerContext.fireChannelRead(AbstractChannelHandlerContext.java:319)
	at io.netty.handler.traffic.AbstractTrafficShapingHandler.channelRead(AbstractTrafficShapingHandler.java:223)
	at io.netty.channel.AbstractChannelHandlerContext.invokeChannelRead(AbstractChannelHandlerContext.java:333)
	at io.netty.channel.AbstractChannelHandlerContext.fireChannelRead(AbstractChannelHandlerContext.java:319)
	at io.netty.handler.codec.MessageToMessageDecoder.channelRead(MessageToMessageDecoder.java:103)
	at io.netty.channel.AbstractChannelHandlerContext.invokeChannelRead(AbstractChannelHandlerContext.java:333)
	at io.netty.channel.AbstractChannelHandlerContext.fireChannelRead(AbstractChannelHandlerContext.java:319)
	at io.netty.handler.codec.ByteToMessageDecoder.channelRead(ByteToMessageDecoder.java:163)
	at io.netty.channel.CombinedChannelDuplexHandler.channelRead(CombinedChannelDuplexHandler.java:148)
	at io.netty.channel.AbstractChannelHandlerContext.invokeChannelRead(AbstractChannelHandlerContext.java:333)
	at io.netty.channel.AbstractChannelHandlerContext.fireChannelRead(AbstractChannelHandlerContext.java:319)
	at io.netty.channel.DefaultChannelPipeline.fireChannelRead(DefaultChannelPipeline.java:787)
	at io.netty.channel.nio.AbstractNioByteChannel$NioByteUnsafe.read(AbstractNioByteChannel.java:125)
	at io.netty.channel.nio.NioEventLoop.processSelectedKey(NioEventLoop.java:511)
	at io.netty.channel.nio.NioEventLoop.processSelectedKeysOptimized(NioEventLoop.java:468)
	at io.netty.channel.nio.NioEventLoop.processSelectedKeys(NioEventLoop.java:382)
	at io.netty.channel.nio.NioEventLoop.run(NioEventLoop.java:354)
	at io.netty.util.concurrent.SingleThreadEventExecutor$2.run(SingleThreadEventExecutor.java:116)
	at io.netty.util.concurrent.DefaultThreadFactory$DefaultRunnableDecorator.run(DefaultThreadFactory.java:137)
	at java.lang.Thread.run(Thread.java:745)
Caused by: io.selendroid.standalone.exceptions.ShellCommandException: error: device offline

	... 33 more

сен 16, 2015 4:16:13 PM io.selendroid.standalone.server.model.SelendroidStandaloneDriver createNewTestSession
INFO: &apos;ru.letobank.Prometheus:1.2.10&apos; will be used as app under test.
сен 16, 2015 4:16:13 PM io.selendroid.standalone.io.ShellCommand exec
INFO: Executing shell command: C:\Android\sdk\platform-tools\adb.exe -s emulator-5554 shell input keyevent 82
сен 16, 2015 4:16:13 PM io.selendroid.standalone.server.model.SelendroidStandaloneDriver createNewTestSession
SEVERE: Error occurred while starting Selendroid session
io.selendroid.standalone.exceptions.AndroidDeviceException: io.selendroid.standalone.exceptions.ShellCommandException: Error executing shell command: C:\Android\sdk\platform-tools\adb.exe -s emulator-5554 shell input keyevent 82
	at io.selendroid.standalone.android.impl.DefaultAndroidEmulator.unlockEmulatorScreen(DefaultAndroidEmulator.java:383)
	at io.selendroid.standalone.server.model.SelendroidStandaloneDriver.startAndroidEmulator(SelendroidStandaloneDriver.java:369)
	at io.selendroid.standalone.server.model.SelendroidStandaloneDriver.createNewTestSession(SelendroidStandaloneDriver.java:227)
	at io.selendroid.standalone.server.model.SelendroidStandaloneDriver.createNewTestSession(SelendroidStandaloneDriver.java:210)
	at io.selendroid.standalone.server.handler.CreateSessionHandler.handleRequest(CreateSessionHandler.java:40)
	at io.selendroid.standalone.server.BaseSelendroidStandaloneHandler.handle(BaseSelendroidStandaloneHandler.java:45)
	at io.selendroid.standalone.server.SelendroidServlet.handleRequest(SelendroidServlet.java:131)
	at io.selendroid.server.common.BaseServlet.handleHttpRequest(BaseServlet.java:67)
	at io.selendroid.server.common.http.ServerHandler.channelRead(ServerHandler.java:53)
	at io.netty.channel.AbstractChannelHandlerContext.invokeChannelRead(AbstractChannelHandlerContext.java:333)
	at io.netty.channel.AbstractChannelHandlerContext.fireChannelRead(AbstractChannelHandlerContext.java:319)
	at io.netty.handler.traffic.AbstractTrafficShapingHandler.channelRead(AbstractTrafficShapingHandler.java:223)
	at io.netty.channel.AbstractChannelHandlerContext.invokeChannelRead(AbstractChannelHandlerContext.java:333)
	at io.netty.channel.AbstractChannelHandlerContext.fireChannelRead(AbstractChannelHandlerContext.java:319)
	at io.netty.handler.codec.MessageToMessageDecoder.channelRead(MessageToMessageDecoder.java:103)
	at io.netty.channel.AbstractChannelHandlerContext.invokeChannelRead(AbstractChannelHandlerContext.java:333)
	at io.netty.channel.AbstractChannelHandlerContext.fireChannelRead(AbstractChannelHandlerContext.java:319)
	at io.netty.handler.codec.ByteToMessageDecoder.channelRead(ByteToMessageDecoder.java:163)
	at io.netty.channel.CombinedChannelDuplexHandler.channelRead(CombinedChannelDuplexHandler.java:148)
	at io.netty.channel.AbstractChannelHandlerContext.invokeChannelRead(AbstractChannelHandlerContext.java:333)
	at io.netty.channel.AbstractChannelHandlerContext.fireChannelRead(AbstractChannelHandlerContext.java:319)
	at io.netty.channel.DefaultChannelPipeline.fireChannelRead(DefaultChannelPipeline.java:787)
	at io.netty.channel.nio.AbstractNioByteChannel$NioByteUnsafe.read(AbstractNioByteChannel.java:125)
	at io.netty.channel.nio.NioEventLoop.processSelectedKey(NioEventLoop.java:511)
	at io.netty.channel.nio.NioEventLoop.processSelectedKeysOptimized(NioEventLoop.java:468)
	at io.netty.channel.nio.NioEventLoop.processSelectedKeys(NioEventLoop.java:382)
	at io.netty.channel.nio.NioEventLoop.run(NioEventLoop.java:354)
	at io.netty.util.concurrent.SingleThreadEventExecutor$2.run(SingleThreadEventExecutor.java:116)
	at io.netty.util.concurrent.DefaultThreadFactory$DefaultRunnableDecorator.run(DefaultThreadFactory.java:137)
	at java.lang.Thread.run(Thread.java:745)
Caused by: io.selendroid.standalone.exceptions.ShellCommandException: Error executing shell command: C:\Android\sdk\platform-tools\adb.exe -s emulator-5554 shell input keyevent 82
	at io.selendroid.standalone.io.ShellCommand.exec(ShellCommand.java:49)
	at io.selendroid.standalone.android.impl.DefaultAndroidEmulator.unlockEmulatorScreen(DefaultAndroidEmulator.java:381)
	... 29 more
Caused by: io.selendroid.standalone.exceptions.ShellCommandException: error: device offline

	... 31 more

сен 16, 2015 4:16:13 PM io.selendroid.standalone.server.model.DeviceStore release
INFO: Releasing device AndroidEmulator [screenSize=(320, 480), targetPlatform=ANDROID19, serial=emulator-5554, avdName=Nexus5, model=Nexus 5 (Google), apiTargetType=google]
сен 16, 2015 4:16:13 PM io.selendroid.standalone.io.ShellCommand exec
INFO: Executing shell command: C:\Android\sdk\platform-tools\adb.exe -s emulator-5554 shell am force-stop ru.letobank.Prometheus
сен 16, 2015 4:16:13 PM io.selendroid.standalone.android.impl.AbstractDevice executeCommandQuietly
WARNING: Could not execute command: C:\Android\sdk\platform-tools\adb.exe -s emulator-5554 shell am force-stop ru.letobank.Prometheus
io.selendroid.standalone.exceptions.ShellCommandException: Error executing shell command: C:\Android\sdk\platform-tools\adb.exe -s emulator-5554 shell am force-stop ru.letobank.Prometheus
	at io.selendroid.standalone.io.ShellCommand.exec(ShellCommand.java:49)
	at io.selendroid.standalone.android.impl.AbstractDevice.executeCommandQuietly(AbstractDevice.java:179)
	at io.selendroid.standalone.android.impl.AbstractDevice.executeCommandQuietly(AbstractDevice.java:174)
	at io.selendroid.standalone.android.impl.AbstractDevice.kill(AbstractDevice.java:210)
	at io.selendroid.standalone.server.model.DeviceStore.release(DeviceStore.java:92)
	at io.selendroid.standalone.server.model.SelendroidStandaloneDriver.createNewTestSession(SelendroidStandaloneDriver.java:301)
	at io.selendroid.standalone.server.model.SelendroidStandaloneDriver.createNewTestSession(SelendroidStandaloneDriver.java:210)
	at io.selendroid.standalone.server.handler.CreateSessionHandler.handleRequest(CreateSessionHandler.java:40)
	at io.selendroid.standalone.server.BaseSelendroidStandaloneHandler.handle(BaseSelendroidStandaloneHandler.java:45)
	at io.selendroid.standalone.server.SelendroidServlet.handleRequest(SelendroidServlet.java:131)
	at io.selendroid.server.common.BaseServlet.handleHttpRequest(BaseServlet.java:67)
	at io.selendroid.server.common.http.ServerHandler.channelRead(ServerHandler.java:53)
	at io.netty.channel.AbstractChannelHandlerContext.invokeChannelRead(AbstractChannelHandlerContext.java:333)
	at io.netty.channel.AbstractChannelHandlerContext.fireChannelRead(AbstractChannelHandlerContext.java:319)
	at io.netty.handler.traffic.AbstractTrafficShapingHandler.channelRead(AbstractTrafficShapingHandler.java:223)
	at io.netty.channel.AbstractChannelHandlerContext.invokeChannelRead(AbstractChannelHandlerContext.java:333)
	at io.netty.channel.AbstractChannelHandlerContext.fireChannelRead(AbstractChannelHandlerContext.java:319)
	at io.netty.handler.codec.MessageToMessageDecoder.channelRead(MessageToMessageDecoder.java:103)
	at io.netty.channel.AbstractChannelHandlerContext.invokeChannelRead(AbstractChannelHandlerContext.java:333)
	at io.netty.channel.AbstractChannelHandlerContext.fireChannelRead(AbstractChannelHandlerContext.java:319)
	at io.netty.handler.codec.ByteToMessageDecoder.channelRead(ByteToMessageDecoder.java:163)
	at io.netty.channel.CombinedChannelDuplexHandler.channelRead(CombinedChannelDuplexHandler.java:148)
	at io.netty.channel.AbstractChannelHandlerContext.invokeChannelRead(AbstractChannelHandlerContext.java:333)
	at io.netty.channel.AbstractChannelHandlerContext.fireChannelRead(AbstractChannelHandlerContext.java:319)
	at io.netty.channel.DefaultChannelPipeline.fireChannelRead(DefaultChannelPipeline.java:787)
	at io.netty.channel.nio.AbstractNioByteChannel$NioByteUnsafe.read(AbstractNioByteChannel.java:125)
	at io.netty.channel.nio.NioEventLoop.processSelectedKey(NioEventLoop.java:511)
	at io.netty.channel.nio.NioEventLoop.processSelectedKeysOptimized(NioEventLoop.java:468)
	at io.netty.channel.nio.NioEventLoop.processSelectedKeys(NioEventLoop.java:382)
	at io.netty.channel.nio.NioEventLoop.run(NioEventLoop.java:354)
	at io.netty.util.concurrent.SingleThreadEventExecutor$2.run(SingleThreadEventExecutor.java:116)
	at io.netty.util.concurrent.DefaultThreadFactory$DefaultRunnableDecorator.run(DefaultThreadFactory.java:137)
	at java.lang.Thread.run(Thread.java:745)
Caused by: io.selendroid.standalone.exceptions.ShellCommandException: error: device offline

	... 33 more

сен 16, 2015 4:16:13 PM io.selendroid.standalone.io.ShellCommand exec
INFO: Executing shell command: C:\Android\sdk\platform-tools\adb.exe -s emulator-5554 forward --remove tcp:5554
сен 16, 2015 4:16:13 PM io.selendroid.standalone.android.impl.AbstractDevice freeSelendroidPort
WARNING: Could not free Selendroid port
io.selendroid.standalone.exceptions.ShellCommandException: Error executing shell command: C:\Android\sdk\platform-tools\adb.exe -s emulator-5554 forward --remove tcp:5554
	at io.selendroid.standalone.io.ShellCommand.exec(ShellCommand.java:49)
	at io.selendroid.standalone.android.impl.AbstractDevice.freeSelendroidPort(AbstractDevice.java:228)
	at io.selendroid.standalone.android.impl.AbstractDevice.kill(AbstractDevice.java:212)
	at io.selendroid.standalone.server.model.DeviceStore.release(DeviceStore.java:92)
	at io.selendroid.standalone.server.model.SelendroidStandaloneDriver.createNewTestSession(SelendroidStandaloneDriver.java:301)
	at io.selendroid.standalone.server.model.SelendroidStandaloneDriver.createNewTestSession(SelendroidStandaloneDriver.java:210)
	at io.selendroid.standalone.server.handler.CreateSessionHandler.handleRequest(CreateSessionHandler.java:40)
	at io.selendroid.standalone.server.BaseSelendroidStandaloneHandler.handle(BaseSelendroidStandaloneHandler.java:45)
	at io.selendroid.standalone.server.SelendroidServlet.handleRequest(SelendroidServlet.java:131)
	at io.selendroid.server.common.BaseServlet.handleHttpRequest(BaseServlet.java:67)
	at io.selendroid.server.common.http.ServerHandler.channelRead(ServerHandler.java:53)
	at io.netty.channel.AbstractChannelHandlerContext.invokeChannelRead(AbstractChannelHandlerContext.java:333)
	at io.netty.channel.AbstractChannelHandlerContext.fireChannelRead(AbstractChannelHandlerContext.java:319)
	at io.netty.handler.traffic.AbstractTrafficShapingHandler.channelRead(AbstractTrafficShapingHandler.java:223)
	at io.netty.channel.AbstractChannelHandlerContext.invokeChannelRead(AbstractChannelHandlerContext.java:333)
	at io.netty.channel.AbstractChannelHandlerContext.fireChannelRead(AbstractChannelHandlerContext.java:319)
	at io.netty.handler.codec.MessageToMessageDecoder.channelRead(MessageToMessageDecoder.java:103)
	at io.netty.channel.AbstractChannelHandlerContext.invokeChannelRead(AbstractChannelHandlerContext.java:333)
	at io.netty.channel.AbstractChannelHandlerContext.fireChannelRead(AbstractChannelHandlerContext.java:319)
	at io.netty.handler.codec.ByteToMessageDecoder.channelRead(ByteToMessageDecoder.java:163)
	at io.netty.channel.CombinedChannelDuplexHandler.channelRead(CombinedChannelDuplexHandler.java:148)
	at io.netty.channel.AbstractChannelHandlerContext.invokeChannelRead(AbstractChannelHandlerContext.java:333)
	at io.netty.channel.AbstractChannelHandlerContext.fireChannelRead(AbstractChannelHandlerContext.java:319)
	at io.netty.channel.DefaultChannelPipeline.fireChannelRead(DefaultChannelPipeline.java:787)
	at io.netty.channel.nio.AbstractNioByteChannel$NioByteUnsafe.read(AbstractNioByteChannel.java:125)
	at io.netty.channel.nio.NioEventLoop.processSelectedKey(NioEventLoop.java:511)
	at io.netty.channel.nio.NioEventLoop.processSelectedKeysOptimized(NioEventLoop.java:468)
	at io.netty.channel.nio.NioEventLoop.processSelectedKeys(NioEventLoop.java:382)
	at io.netty.channel.nio.NioEventLoop.run(NioEventLoop.java:354)
	at io.netty.util.concurrent.SingleThreadEventExecutor$2.run(SingleThreadEventExecutor.java:116)
	at io.netty.util.concurrent.DefaultThreadFactory$DefaultRunnableDecorator.run(DefaultThreadFactory.java:137)
	at java.lang.Thread.run(Thread.java:745)
Caused by: io.selendroid.standalone.exceptions.ShellCommandException: error: device offline
error: device offline

	... 32 more

сен 16, 2015 4:16:13 PM io.selendroid.standalone.io.ShellCommand exec
INFO: Executing shell command: C:\Android\sdk\platform-tools\adb.exe -s emulator-5554 shell pm clear ru.letobank.Prometheus
сен 16, 2015 4:16:13 PM io.selendroid.standalone.android.impl.AbstractDevice executeCommandQuietly
WARNING: Could not execute command: C:\Android\sdk\platform-tools\adb.exe -s emulator-5554 shell pm clear ru.letobank.Prometheus
io.selendroid.standalone.exceptions.ShellCommandException: Error executing shell command: C:\Android\sdk\platform-tools\adb.exe -s emulator-5554 shell pm clear ru.letobank.Prometheus
	at io.selendroid.standalone.io.ShellCommand.exec(ShellCommand.java:49)
	at io.selendroid.standalone.android.impl.AbstractDevice.executeCommandQuietly(AbstractDevice.java:179)
	at io.selendroid.standalone.android.impl.AbstractDevice.executeCommandQuietly(AbstractDevice.java:174)
	at io.selendroid.standalone.android.impl.AbstractDevice.clearUserData(AbstractDevice.java:203)
	at io.selendroid.standalone.server.model.DeviceStore.release(DeviceStore.java:99)
	at io.selendroid.standalone.server.model.SelendroidStandaloneDriver.createNewTestSession(SelendroidStandaloneDriver.java:301)
	at io.selendroid.standalone.server.model.SelendroidStandaloneDriver.createNewTestSession(SelendroidStandaloneDriver.java:210)
	at io.selendroid.standalone.server.handler.CreateSessionHandler.handleRequest(CreateSessionHandler.java:40)
	at io.selendroid.standalone.server.BaseSelendroidStandaloneHandler.handle(BaseSelendroidStandaloneHandler.java:45)
	at io.selendroid.standalone.server.SelendroidServlet.handleRequest(SelendroidServlet.java:131)
	at io.selendroid.server.common.BaseServlet.handleHttpRequest(BaseServlet.java:67)
	at io.selendroid.server.common.http.ServerHandler.channelRead(ServerHandler.java:53)
	at io.netty.channel.AbstractChannelHandlerContext.invokeChannelRead(AbstractChannelHandlerContext.java:333)
	at io.netty.channel.AbstractChannelHandlerContext.fireChannelRead(AbstractChannelHandlerContext.java:319)
	at io.netty.handler.traffic.AbstractTrafficShapingHandler.channelRead(AbstractTrafficShapingHandler.java:223)
	at io.netty.channel.AbstractChannelHandlerContext.invokeChannelRead(AbstractChannelHandlerContext.java:333)
	at io.netty.channel.AbstractChannelHandlerContext.fireChannelRead(AbstractChannelHandlerContext.java:319)
	at io.netty.handler.codec.MessageToMessageDecoder.channelRead(MessageToMessageDecoder.java:103)
	at io.netty.channel.AbstractChannelHandlerContext.invokeChannelRead(AbstractChannelHandlerContext.java:333)
	at io.netty.channel.AbstractChannelHandlerContext.fireChannelRead(AbstractChannelHandlerContext.java:319)
	at io.netty.handler.codec.ByteToMessageDecoder.channelRead(ByteToMessageDecoder.java:163)
	at io.netty.channel.CombinedChannelDuplexHandler.channelRead(CombinedChannelDuplexHandler.java:148)
	at io.netty.channel.AbstractChannelHandlerContext.invokeChannelRead(AbstractChannelHandlerContext.java:333)
	at io.netty.channel.AbstractChannelHandlerContext.fireChannelRead(AbstractChannelHandlerContext.java:319)
	at io.netty.channel.DefaultChannelPipeline.fireChannelRead(DefaultChannelPipeline.java:787)
	at io.netty.channel.nio.AbstractNioByteChannel$NioByteUnsafe.read(AbstractNioByteChannel.java:125)
	at io.netty.channel.nio.NioEventLoop.processSelectedKey(NioEventLoop.java:511)
	at io.netty.channel.nio.NioEventLoop.processSelectedKeysOptimized(NioEventLoop.java:468)
	at io.netty.channel.nio.NioEventLoop.processSelectedKeys(NioEventLoop.java:382)
	at io.netty.channel.nio.NioEventLoop.run(NioEventLoop.java:354)
	at io.netty.util.concurrent.SingleThreadEventExecutor$2.run(SingleThreadEventExecutor.java:116)
	at io.netty.util.concurrent.DefaultThreadFactory$DefaultRunnableDecorator.run(DefaultThreadFactory.java:137)
	at java.lang.Thread.run(Thread.java:745)
Caused by: io.selendroid.standalone.exceptions.ShellCommandException: error: device offline

	... 33 more

сен 16, 2015 4:16:13 PM io.selendroid.standalone.server.model.SelendroidStandaloneDriver createNewTestSession
INFO: &apos;ru.letobank.Prometheus:1.2.10&apos; will be used as app under test.
сен 16, 2015 4:16:13 PM io.selendroid.standalone.io.ShellCommand exec
INFO: Executing shell command: C:\Android\sdk\platform-tools\adb.exe -s emulator-5554 shell input keyevent 82
сен 16, 2015 4:16:13 PM io.selendroid.standalone.server.model.SelendroidStandaloneDriver createNewTestSession
SEVERE: Error occurred while starting Selendroid session
io.selendroid.standalone.exceptions.AndroidDeviceException: io.selendroid.standalone.exceptions.ShellCommandException: Error executing shell command: C:\Android\sdk\platform-tools\adb.exe -s emulator-5554 shell input keyevent 82
	at io.selendroid.standalone.android.impl.DefaultAndroidEmulator.unlockEmulatorScreen(DefaultAndroidEmulator.java:383)
	at io.selendroid.standalone.server.model.SelendroidStandaloneDriver.startAndroidEmulator(SelendroidStandaloneDriver.java:369)
	at io.selendroid.standalone.server.model.SelendroidStandaloneDriver.createNewTestSession(SelendroidStandaloneDriver.java:227)
	at io.selendroid.standalone.server.model.SelendroidStandaloneDriver.createNewTestSession(SelendroidStandaloneDriver.java:210)
	at io.selendroid.standalone.server.handler.CreateSessionHandler.handleRequest(CreateSessionHandler.java:40)
	at io.selendroid.standalone.server.BaseSelendroidStandaloneHandler.handle(BaseSelendroidStandaloneHandler.java:45)
	at io.selendroid.standalone.server.SelendroidServlet.handleRequest(SelendroidServlet.java:131)
	at io.selendroid.server.common.BaseServlet.handleHttpRequest(BaseServlet.java:67)
	at io.selendroid.server.common.http.ServerHandler.channelRead(ServerHandler.java:53)
	at io.netty.channel.AbstractChannelHandlerContext.invokeChannelRead(AbstractChannelHandlerContext.java:333)
	at io.netty.channel.AbstractChannelHandlerContext.fireChannelRead(AbstractChannelHandlerContext.java:319)
	at io.netty.handler.traffic.AbstractTrafficShapingHandler.channelRead(AbstractTrafficShapingHandler.java:223)
	at io.netty.channel.AbstractChannelHandlerContext.invokeChannelRead(AbstractChannelHandlerContext.java:333)
	at io.netty.channel.AbstractChannelHandlerContext.fireChannelRead(AbstractChannelHandlerContext.java:319)
	at io.netty.handler.codec.MessageToMessageDecoder.channelRead(MessageToMessageDecoder.java:103)
	at io.netty.channel.AbstractChannelHandlerContext.invokeChannelRead(AbstractChannelHandlerContext.java:333)
	at io.netty.channel.AbstractChannelHandlerContext.fireChannelRead(AbstractChannelHandlerContext.java:319)
	at io.netty.handler.codec.ByteToMessageDecoder.channelRead(ByteToMessageDecoder.java:163)
	at io.netty.channel.CombinedChannelDuplexHandler.channelRead(CombinedChannelDuplexHandler.java:148)
	at io.netty.channel.AbstractChannelHandlerContext.invokeChannelRead(AbstractChannelHandlerContext.java:333)
	at io.netty.channel.AbstractChannelHandlerContext.fireChannelRead(AbstractChannelHandlerContext.java:319)
	at io.netty.channel.DefaultChannelPipeline.fireChannelRead(DefaultChannelPipeline.java:787)
	at io.netty.channel.nio.AbstractNioByteChannel$NioByteUnsafe.read(AbstractNioByteChannel.java:125)
	at io.netty.channel.nio.NioEventLoop.processSelectedKey(NioEventLoop.java:511)
	at io.netty.channel.nio.NioEventLoop.processSelectedKeysOptimized(NioEventLoop.java:468)
	at io.netty.channel.nio.NioEventLoop.processSelectedKeys(NioEventLoop.java:382)
	at io.netty.channel.nio.NioEventLoop.run(NioEventLoop.java:354)
	at io.netty.util.concurrent.SingleThreadEventExecutor$2.run(SingleThreadEventExecutor.java:116)
	at io.netty.util.concurrent.DefaultThreadFactory$DefaultRunnableDecorator.run(DefaultThreadFactory.java:137)
	at java.lang.Thread.run(Thread.java:745)
Caused by: io.selendroid.standalone.exceptions.ShellCommandException: Error executing shell command: C:\Android\sdk\platform-tools\adb.exe -s emulator-5554 shell input keyevent 82
	at io.selendroid.standalone.io.ShellCommand.exec(ShellCommand.java:49)
	at io.selendroid.standalone.android.impl.DefaultAndroidEmulator.unlockEmulatorScreen(DefaultAndroidEmulator.java:381)
	... 29 more
Caused by: io.selendroid.standalone.exceptions.ShellCommandException: error: device offline

	... 31 more

сен 16, 2015 4:16:13 PM io.selendroid.standalone.server.model.DeviceStore release
INFO: Releasing device AndroidEmulator [screenSize=(320, 480), targetPlatform=ANDROID19, serial=emulator-5554, avdName=Nexus5, model=Nexus 5 (Google), apiTargetType=google]
сен 16, 2015 4:16:13 PM io.selendroid.standalone.io.ShellCommand exec
INFO: Executing shell command: C:\Android\sdk\platform-tools\adb.exe -s emulator-5554 shell am force-stop ru.letobank.Prometheus
сен 16, 2015 4:16:13 PM io.selendroid.standalone.android.impl.AbstractDevice executeCommandQuietly
WARNING: Could not execute command: C:\Android\sdk\platform-tools\adb.exe -s emulator-5554 shell am force-stop ru.letobank.Prometheus
io.selendroid.standalone.exceptions.ShellCommandException: Error executing shell command: C:\Android\sdk\platform-tools\adb.exe -s emulator-5554 shell am force-stop ru.letobank.Prometheus
	at io.selendroid.standalone.io.ShellCommand.exec(ShellCommand.java:49)
	at io.selendroid.standalone.android.impl.AbstractDevice.executeCommandQuietly(AbstractDevice.java:179)
	at io.selendroid.standalone.android.impl.AbstractDevice.executeCommandQuietly(AbstractDevice.java:174)
	at io.selendroid.standalone.android.impl.AbstractDevice.kill(AbstractDevice.java:210)
	at io.selendroid.standalone.server.model.DeviceStore.release(DeviceStore.java:92)
	at io.selendroid.standalone.server.model.SelendroidStandaloneDriver.createNewTestSession(SelendroidStandaloneDriver.java:301)
	at io.selendroid.standalone.server.model.SelendroidStandaloneDriver.createNewTestSession(SelendroidStandaloneDriver.java:210)
	at io.selendroid.standalone.server.handler.CreateSessionHandler.handleRequest(CreateSessionHandler.java:40)
	at io.selendroid.standalone.server.BaseSelendroidStandaloneHandler.handle(BaseSelendroidStandaloneHandler.java:45)
	at io.selendroid.standalone.server.SelendroidServlet.handleRequest(SelendroidServlet.java:131)
	at io.selendroid.server.common.BaseServlet.handleHttpRequest(BaseServlet.java:67)
	at io.selendroid.server.common.http.ServerHandler.channelRead(ServerHandler.java:53)
	at io.netty.channel.AbstractChannelHandlerContext.invokeChannelRead(AbstractChannelHandlerContext.java:333)
	at io.netty.channel.AbstractChannelHandlerContext.fireChannelRead(AbstractChannelHandlerContext.java:319)
	at io.netty.handler.traffic.AbstractTrafficShapingHandler.channelRead(AbstractTrafficShapingHandler.java:223)
	at io.netty.channel.AbstractChannelHandlerContext.invokeChannelRead(AbstractChannelHandlerContext.java:333)
	at io.netty.channel.AbstractChannelHandlerContext.fireChannelRead(AbstractChannelHandlerContext.java:319)
	at io.netty.handler.codec.MessageToMessageDecoder.channelRead(MessageToMessageDecoder.java:103)
	at io.netty.channel.AbstractChannelHandlerContext.invokeChannelRead(AbstractChannelHandlerContext.java:333)
	at io.netty.channel.AbstractChannelHandlerContext.fireChannelRead(AbstractChannelHandlerContext.java:319)
	at io.netty.handler.codec.ByteToMessageDecoder.channelRead(ByteToMessageDecoder.java:163)
	at io.netty.channel.CombinedChannelDuplexHandler.channelRead(CombinedChannelDuplexHandler.java:148)
	at io.netty.channel.AbstractChannelHandlerContext.invokeChannelRead(AbstractChannelHandlerContext.java:333)
	at io.netty.channel.AbstractChannelHandlerContext.fireChannelRead(AbstractChannelHandlerContext.java:319)
	at io.netty.channel.DefaultChannelPipeline.fireChannelRead(DefaultChannelPipeline.java:787)
	at io.netty.channel.nio.AbstractNioByteChannel$NioByteUnsafe.read(AbstractNioByteChannel.java:125)
	at io.netty.channel.nio.NioEventLoop.processSelectedKey(NioEventLoop.java:511)
	at io.netty.channel.nio.NioEventLoop.processSelectedKeysOptimized(NioEventLoop.java:468)
	at io.netty.channel.nio.NioEventLoop.processSelectedKeys(NioEventLoop.java:382)
	at io.netty.channel.nio.NioEventLoop.run(NioEventLoop.java:354)
	at io.netty.util.concurrent.SingleThreadEventExecutor$2.run(SingleThreadEventExecutor.java:116)
	at io.netty.util.concurrent.DefaultThreadFactory$DefaultRunnableDecorator.run(DefaultThreadFactory.java:137)
	at java.lang.Thread.run(Thread.java:745)
Caused by: io.selendroid.standalone.exceptions.ShellCommandException: error: device offline

	... 33 more

сен 16, 2015 4:16:13 PM io.selendroid.standalone.io.ShellCommand exec
INFO: Executing shell command: C:\Android\sdk\platform-tools\adb.exe -s emulator-5554 forward --remove tcp:5554
сен 16, 2015 4:16:13 PM io.selendroid.standalone.android.impl.AbstractDevice freeSelendroidPort
WARNING: Could not free Selendroid port
io.selendroid.standalone.exceptions.ShellCommandException: Error executing shell command: C:\Android\sdk\platform-tools\adb.exe -s emulator-5554 forward --remove tcp:5554
	at io.selendroid.standalone.io.ShellCommand.exec(ShellCommand.java:49)
	at io.selendroid.standalone.android.impl.AbstractDevice.freeSelendroidPort(AbstractDevice.java:228)
	at io.selendroid.standalone.android.impl.AbstractDevice.kill(AbstractDevice.java:212)
	at io.selendroid.standalone.server.model.DeviceStore.release(DeviceStore.java:92)
	at io.selendroid.standalone.server.model.SelendroidStandaloneDriver.createNewTestSession(SelendroidStandaloneDriver.java:301)
	at io.selendroid.standalone.server.model.SelendroidStandaloneDriver.createNewTestSession(SelendroidStandaloneDriver.java:210)
	at io.selendroid.standalone.server.handler.CreateSessionHandler.handleRequest(CreateSessionHandler.java:40)
	at io.selendroid.standalone.server.BaseSelendroidStandaloneHandler.handle(BaseSelendroidStandaloneHandler.java:45)
	at io.selendroid.standalone.server.SelendroidServlet.handleRequest(SelendroidServlet.java:131)
	at io.selendroid.server.common.BaseServlet.handleHttpRequest(BaseServlet.java:67)
	at io.selendroid.server.common.http.ServerHandler.channelRead(ServerHandler.java:53)
	at io.netty.channel.AbstractChannelHandlerContext.invokeChannelRead(AbstractChannelHandlerContext.java:333)
	at io.netty.channel.AbstractChannelHandlerContext.fireChannelRead(AbstractChannelHandlerContext.java:319)
	at io.netty.handler.traffic.AbstractTrafficShapingHandler.channelRead(AbstractTrafficShapingHandler.java:223)
	at io.netty.channel.AbstractChannelHandlerContext.invokeChannelRead(AbstractChannelHandlerContext.java:333)
	at io.netty.channel.AbstractChannelHandlerContext.fireChannelRead(AbstractChannelHandlerContext.java:319)
	at io.netty.handler.codec.MessageToMessageDecoder.channelRead(MessageToMessageDecoder.java:103)
	at io.netty.channel.AbstractChannelHandlerContext.invokeChannelRead(AbstractChannelHandlerContext.java:333)
	at io.netty.channel.AbstractChannelHandlerContext.fireChannelRead(AbstractChannelHandlerContext.java:319)
	at io.netty.handler.codec.ByteToMessageDecoder.channelRead(ByteToMessageDecoder.java:163)
	at io.netty.channel.CombinedChannelDuplexHandler.channelRead(CombinedChannelDuplexHandler.java:148)
	at io.netty.channel.AbstractChannelHandlerContext.invokeChannelRead(AbstractChannelHandlerContext.java:333)
	at io.netty.channel.AbstractChannelHandlerContext.fireChannelRead(AbstractChannelHandlerContext.java:319)
	at io.netty.channel.DefaultChannelPipeline.fireChannelRead(DefaultChannelPipeline.java:787)
	at io.netty.channel.nio.AbstractNioByteChannel$NioByteUnsafe.read(AbstractNioByteChannel.java:125)
	at io.netty.channel.nio.NioEventLoop.processSelectedKey(NioEventLoop.java:511)
	at io.netty.channel.nio.NioEventLoop.processSelectedKeysOptimized(NioEventLoop.java:468)
	at io.netty.channel.nio.NioEventLoop.processSelectedKeys(NioEventLoop.java:382)
	at io.netty.channel.nio.NioEventLoop.run(NioEventLoop.java:354)
	at io.netty.util.concurrent.SingleThreadEventExecutor$2.run(SingleThreadEventExecutor.java:116)
	at io.netty.util.concurrent.DefaultThreadFactory$DefaultRunnableDecorator.run(DefaultThreadFactory.java:137)
	at java.lang.Thread.run(Thread.java:745)
Caused by: io.selendroid.standalone.exceptions.ShellCommandException: error: device offline
error: device offline

	... 32 more

сен 16, 2015 4:16:13 PM io.selendroid.standalone.io.ShellCommand exec
INFO: Executing shell command: C:\Android\sdk\platform-tools\adb.exe -s emulator-5554 shell pm clear ru.letobank.Prometheus
сен 16, 2015 4:16:13 PM io.selendroid.standalone.android.impl.AbstractDevice executeCommandQuietly
WARNING: Could not execute command: C:\Android\sdk\platform-tools\adb.exe -s emulator-5554 shell pm clear ru.letobank.Prometheus
io.selendroid.standalone.exceptions.ShellCommandException: Error executing shell command: C:\Android\sdk\platform-tools\adb.exe -s emulator-5554 shell pm clear ru.letobank.Prometheus
	at io.selendroid.standalone.io.ShellCommand.exec(ShellCommand.java:49)
	at io.selendroid.standalone.android.impl.AbstractDevice.executeCommandQuietly(AbstractDevice.java:179)
	at io.selendroid.standalone.android.impl.AbstractDevice.executeCommandQuietly(AbstractDevice.java:174)
	at io.selendroid.standalone.android.impl.AbstractDevice.clearUserData(AbstractDevice.java:203)
	at io.selendroid.standalone.server.model.DeviceStore.release(DeviceStore.java:99)
	at io.selendroid.standalone.server.model.SelendroidStandaloneDriver.createNewTestSession(SelendroidStandaloneDriver.java:301)
	at io.selendroid.standalone.server.model.SelendroidStandaloneDriver.createNewTestSession(SelendroidStandaloneDriver.java:210)
	at io.selendroid.standalone.server.handler.CreateSessionHandler.handleRequest(CreateSessionHandler.java:40)
	at io.selendroid.standalone.server.BaseSelendroidStandaloneHandler.handle(BaseSelendroidStandaloneHandler.java:45)
	at io.selendroid.standalone.server.SelendroidServlet.handleRequest(SelendroidServlet.java:131)
	at io.selendroid.server.common.BaseServlet.handleHttpRequest(BaseServlet.java:67)
	at io.selendroid.server.common.http.ServerHandler.channelRead(ServerHandler.java:53)
	at io.netty.channel.AbstractChannelHandlerContext.invokeChannelRead(AbstractChannelHandlerContext.java:333)
	at io.netty.channel.AbstractChannelHandlerContext.fireChannelRead(AbstractChannelHandlerContext.java:319)
	at io.netty.handler.traffic.AbstractTrafficShapingHandler.channelRead(AbstractTrafficShapingHandler.java:223)
	at io.netty.channel.AbstractChannelHandlerContext.invokeChannelRead(AbstractChannelHandlerContext.java:333)
	at io.netty.channel.AbstractChannelHandlerContext.fireChannelRead(AbstractChannelHandlerContext.java:319)
	at io.netty.handler.codec.MessageToMessageDecoder.channelRead(MessageToMessageDecoder.java:103)
	at io.netty.channel.AbstractChannelHandlerContext.invokeChannelRead(AbstractChannelHandlerContext.java:333)
	at io.netty.channel.AbstractChannelHandlerContext.fireChannelRead(AbstractChannelHandlerContext.java:319)
	at io.netty.handler.codec.ByteToMessageDecoder.channelRead(ByteToMessageDecoder.java:163)
	at io.netty.channel.CombinedChannelDuplexHandler.channelRead(CombinedChannelDuplexHandler.java:148)
	at io.netty.channel.AbstractChannelHandlerContext.invokeChannelRead(AbstractChannelHandlerContext.java:333)
	at io.netty.channel.AbstractChannelHandlerContext.fireChannelRead(AbstractChannelHandlerContext.java:319)
	at io.netty.channel.DefaultChannelPipeline.fireChannelRead(DefaultChannelPipeline.java:787)
	at io.netty.channel.nio.AbstractNioByteChannel$NioByteUnsafe.read(AbstractNioByteChannel.java:125)
	at io.netty.channel.nio.NioEventLoop.processSelectedKey(NioEventLoop.java:511)
	at io.netty.channel.nio.NioEventLoop.processSelectedKeysOptimized(NioEventLoop.java:468)
	at io.netty.channel.nio.NioEventLoop.processSelectedKeys(NioEventLoop.java:382)
	at io.netty.channel.nio.NioEventLoop.run(NioEventLoop.java:354)
	at io.netty.util.concurrent.SingleThreadEventExecutor$2.run(SingleThreadEventExecutor.java:116)
	at io.netty.util.concurrent.DefaultThreadFactory$DefaultRunnableDecorator.run(DefaultThreadFactory.java:137)
	at java.lang.Thread.run(Thread.java:745)
Caused by: io.selendroid.standalone.exceptions.ShellCommandException: error: device offline

	... 33 more

сен 16, 2015 4:16:13 PM io.selendroid.standalone.server.model.SelendroidStandaloneDriver createNewTestSession
INFO: &apos;ru.letobank.Prometheus:1.2.10&apos; will be used as app under test.
сен 16, 2015 4:16:13 PM io.selendroid.standalone.io.ShellCommand exec
INFO: Executing shell command: C:\Android\sdk\platform-tools\adb.exe -s emulator-5554 shell input keyevent 82
сен 16, 2015 4:16:13 PM io.selendroid.standalone.server.model.SelendroidStandaloneDriver createNewTestSession
SEVERE: Error occurred while starting Selendroid session
io.selendroid.standalone.exceptions.AndroidDeviceException: io.selendroid.standalone.exceptions.ShellCommandException: Error executing shell command: C:\Android\sdk\platform-tools\adb.exe -s emulator-5554 shell input keyevent 82
	at io.selendroid.standalone.android.impl.DefaultAndroidEmulator.unlockEmulatorScreen(DefaultAndroidEmulator.java:383)
	at io.selendroid.standalone.server.model.SelendroidStandaloneDriver.startAndroidEmulator(SelendroidStandaloneDriver.java:369)
	at io.selendroid.standalone.server.model.SelendroidStandaloneDriver.createNewTestSession(SelendroidStandaloneDriver.java:227)
	at io.selendroid.standalone.server.model.SelendroidStandaloneDriver.createNewTestSession(SelendroidStandaloneDriver.java:210)
	at io.selendroid.standalone.server.handler.CreateSessionHandler.handleRequest(CreateSessionHandler.java:40)
	at io.selendroid.standalone.server.BaseSelendroidStandaloneHandler.handle(BaseSelendroidStandaloneHandler.java:45)
	at io.selendroid.standalone.server.SelendroidServlet.handleRequest(SelendroidServlet.java:131)
	at io.selendroid.server.common.BaseServlet.handleHttpRequest(BaseServlet.java:67)
	at io.selendroid.server.common.http.ServerHandler.channelRead(ServerHandler.java:53)
	at io.netty.channel.AbstractChannelHandlerContext.invokeChannelRead(AbstractChannelHandlerContext.java:333)
	at io.netty.channel.AbstractChannelHandlerContext.fireChannelRead(AbstractChannelHandlerContext.java:319)
	at io.netty.handler.traffic.AbstractTrafficShapingHandler.channelRead(AbstractTrafficShapingHandler.java:223)
	at io.netty.channel.AbstractChannelHandlerContext.invokeChannelRead(AbstractChannelHandlerContext.java:333)
	at io.netty.channel.AbstractChannelHandlerContext.fireChannelRead(AbstractChannelHandlerContext.java:319)
	at io.netty.handler.codec.MessageToMessageDecoder.channelRead(MessageToMessageDecoder.java:103)
	at io.netty.channel.AbstractChannelHandlerContext.invokeChannelRead(AbstractChannelHandlerContext.java:333)
	at io.netty.channel.AbstractChannelHandlerContext.fireChannelRead(AbstractChannelHandlerContext.java:319)
	at io.netty.handler.codec.ByteToMessageDecoder.channelRead(ByteToMessageDecoder.java:163)
	at io.netty.channel.CombinedChannelDuplexHandler.channelRead(CombinedChannelDuplexHandler.java:148)
	at io.netty.channel.AbstractChannelHandlerContext.invokeChannelRead(AbstractChannelHandlerContext.java:333)
	at io.netty.channel.AbstractChannelHandlerContext.fireChannelRead(AbstractChannelHandlerContext.java:319)
	at io.netty.channel.DefaultChannelPipeline.fireChannelRead(DefaultChannelPipeline.java:787)
	at io.netty.channel.nio.AbstractNioByteChannel$NioByteUnsafe.read(AbstractNioByteChannel.java:125)
	at io.netty.channel.nio.NioEventLoop.processSelectedKey(NioEventLoop.java:511)
	at io.netty.channel.nio.NioEventLoop.processSelectedKeysOptimized(NioEventLoop.java:468)
	at io.netty.channel.nio.NioEventLoop.processSelectedKeys(NioEventLoop.java:382)
	at io.netty.channel.nio.NioEventLoop.run(NioEventLoop.java:354)
	at io.netty.util.concurrent.SingleThreadEventExecutor$2.run(SingleThreadEventExecutor.java:116)
	at io.netty.util.concurrent.DefaultThreadFactory$DefaultRunnableDecorator.run(DefaultThreadFactory.java:137)
	at java.lang.Thread.run(Thread.java:745)
Caused by: io.selendroid.standalone.exceptions.ShellCommandException: Error executing shell command: C:\Android\sdk\platform-tools\adb.exe -s emulator-5554 shell input keyevent 82
	at io.selendroid.standalone.io.ShellCommand.exec(ShellCommand.java:49)
	at io.selendroid.standalone.android.impl.DefaultAndroidEmulator.unlockEmulatorScreen(DefaultAndroidEmulator.java:381)
	... 29 more
Caused by: io.selendroid.standalone.exceptions.ShellCommandException: error: device offline

	... 31 more

сен 16, 2015 4:16:13 PM io.selendroid.standalone.server.model.DeviceStore release
INFO: Releasing device AndroidEmulator [screenSize=(320, 480), targetPlatform=ANDROID19, serial=emulator-5554, avdName=Nexus5, model=Nexus 5 (Google), apiTargetType=google]
сен 16, 2015 4:16:13 PM io.selendroid.standalone.io.ShellCommand exec
INFO: Executing shell command: C:\Android\sdk\platform-tools\adb.exe -s emulator-5554 shell am force-stop ru.letobank.Prometheus
сен 16, 2015 4:16:13 PM io.selendroid.standalone.android.impl.AbstractDevice executeCommandQuietly
WARNING: Could not execute command: C:\Android\sdk\platform-tools\adb.exe -s emulator-5554 shell am force-stop ru.letobank.Prometheus
io.selendroid.standalone.exceptions.ShellCommandException: Error executing shell command: C:\Android\sdk\platform-tools\adb.exe -s emulator-5554 shell am force-stop ru.letobank.Prometheus
	at io.selendroid.standalone.io.ShellCommand.exec(ShellCommand.java:49)
	at io.selendroid.standalone.android.impl.AbstractDevice.executeCommandQuietly(AbstractDevice.java:179)
	at io.selendroid.standalone.android.impl.AbstractDevice.executeCommandQuietly(AbstractDevice.java:174)
	at io.selendroid.standalone.android.impl.AbstractDevice.kill(AbstractDevice.java:210)
	at io.selendroid.standalone.server.model.DeviceStore.release(DeviceStore.java:92)
	at io.selendroid.standalone.server.model.SelendroidStandaloneDriver.createNewTestSession(SelendroidStandaloneDriver.java:301)
	at io.selendroid.standalone.server.model.SelendroidStandaloneDriver.createNewTestSession(SelendroidStandaloneDriver.java:210)
	at io.selendroid.standalone.server.handler.CreateSessionHandler.handleRequest(CreateSessionHandler.java:40)
	at io.selendroid.standalone.server.BaseSelendroidStandaloneHandler.handle(BaseSelendroidStandaloneHandler.java:45)
	at io.selendroid.standalone.server.SelendroidServlet.handleRequest(SelendroidServlet.java:131)
	at io.selendroid.server.common.BaseServlet.handleHttpRequest(BaseServlet.java:67)
	at io.selendroid.server.common.http.ServerHandler.channelRead(ServerHandler.java:53)
	at io.netty.channel.AbstractChannelHandlerContext.invokeChannelRead(AbstractChannelHandlerContext.java:333)
	at io.netty.channel.AbstractChannelHandlerContext.fireChannelRead(AbstractChannelHandlerContext.java:319)
	at io.netty.handler.traffic.AbstractTrafficShapingHandler.channelRead(AbstractTrafficShapingHandler.java:223)
	at io.netty.channel.AbstractChannelHandlerContext.invokeChannelRead(AbstractChannelHandlerContext.java:333)
	at io.netty.channel.AbstractChannelHandlerContext.fireChannelRead(AbstractChannelHandlerContext.java:319)
	at io.netty.handler.codec.MessageToMessageDecoder.channelRead(MessageToMessageDecoder.java:103)
	at io.netty.channel.AbstractChannelHandlerContext.invokeChannelRead(AbstractChannelHandlerContext.java:333)
	at io.netty.channel.AbstractChannelHandlerContext.fireChannelRead(AbstractChannelHandlerContext.java:319)
	at io.netty.handler.codec.ByteToMessageDecoder.channelRead(ByteToMessageDecoder.java:163)
	at io.netty.channel.CombinedChannelDuplexHandler.channelRead(CombinedChannelDuplexHandler.java:148)
	at io.netty.channel.AbstractChannelHandlerContext.invokeChannelRead(AbstractChannelHandlerContext.java:333)
	at io.netty.channel.AbstractChannelHandlerContext.fireChannelRead(AbstractChannelHandlerContext.java:319)
	at io.netty.channel.DefaultChannelPipeline.fireChannelRead(DefaultChannelPipeline.java:787)
	at io.netty.channel.nio.AbstractNioByteChannel$NioByteUnsafe.read(AbstractNioByteChannel.java:125)
	at io.netty.channel.nio.NioEventLoop.processSelectedKey(NioEventLoop.java:511)
	at io.netty.channel.nio.NioEventLoop.processSelectedKeysOptimized(NioEventLoop.java:468)
	at io.netty.channel.nio.NioEventLoop.processSelectedKeys(NioEventLoop.java:382)
	at io.netty.channel.nio.NioEventLoop.run(NioEventLoop.java:354)
	at io.netty.util.concurrent.SingleThreadEventExecutor$2.run(SingleThreadEventExecutor.java:116)
	at io.netty.util.concurrent.DefaultThreadFactory$DefaultRunnableDecorator.run(DefaultThreadFactory.java:137)
	at java.lang.Thread.run(Thread.java:745)
Caused by: io.selendroid.standalone.exceptions.ShellCommandException: error: device offline

	... 33 more

сен 16, 2015 4:16:13 PM io.selendroid.standalone.io.ShellCommand exec
INFO: Executing shell command: C:\Android\sdk\platform-tools\adb.exe -s emulator-5554 forward --remove tcp:5554
сен 16, 2015 4:16:13 PM io.selendroid.standalone.android.impl.AbstractDevice freeSelendroidPort
WARNING: Could not free Selendroid port
io.selendroid.standalone.exceptions.ShellCommandException: Error executing shell command: C:\Android\sdk\platform-tools\adb.exe -s emulator-5554 forward --remove tcp:5554
	at io.selendroid.standalone.io.ShellCommand.exec(ShellCommand.java:49)
	at io.selendroid.standalone.android.impl.AbstractDevice.freeSelendroidPort(AbstractDevice.java:228)
	at io.selendroid.standalone.android.impl.AbstractDevice.kill(AbstractDevice.java:212)
	at io.selendroid.standalone.server.model.DeviceStore.release(DeviceStore.java:92)
	at io.selendroid.standalone.server.model.SelendroidStandaloneDriver.createNewTestSession(SelendroidStandaloneDriver.java:301)
	at io.selendroid.standalone.server.model.SelendroidStandaloneDriver.createNewTestSession(SelendroidStandaloneDriver.java:210)
	at io.selendroid.standalone.server.handler.CreateSessionHandler.handleRequest(CreateSessionHandler.java:40)
	at io.selendroid.standalone.server.BaseSelendroidStandaloneHandler.handle(BaseSelendroidStandaloneHandler.java:45)
	at io.selendroid.standalone.server.SelendroidServlet.handleRequest(SelendroidServlet.java:131)
	at io.selendroid.server.common.BaseServlet.handleHttpRequest(BaseServlet.java:67)
	at io.selendroid.server.common.http.ServerHandler.channelRead(ServerHandler.java:53)
	at io.netty.channel.AbstractChannelHandlerContext.invokeChannelRead(AbstractChannelHandlerContext.java:333)
	at io.netty.channel.AbstractChannelHandlerContext.fireChannelRead(AbstractChannelHandlerContext.java:319)
	at io.netty.handler.traffic.AbstractTrafficShapingHandler.channelRead(AbstractTrafficShapingHandler.java:223)
	at io.netty.channel.AbstractChannelHandlerContext.invokeChannelRead(AbstractChannelHandlerContext.java:333)
	at io.netty.channel.AbstractChannelHandlerContext.fireChannelRead(AbstractChannelHandlerContext.java:319)
	at io.netty.handler.codec.MessageToMessageDecoder.channelRead(MessageToMessageDecoder.java:103)
	at io.netty.channel.AbstractChannelHandlerContext.invokeChannelRead(AbstractChannelHandlerContext.java:333)
	at io.netty.channel.AbstractChannelHandlerContext.fireChannelRead(AbstractChannelHandlerContext.java:319)
	at io.netty.handler.codec.ByteToMessageDecoder.channelRead(ByteToMessageDecoder.java:163)
	at io.netty.channel.CombinedChannelDuplexHandler.channelRead(CombinedChannelDuplexHandler.java:148)
	at io.netty.channel.AbstractChannelHandlerContext.invokeChannelRead(AbstractChannelHandlerContext.java:333)
	at io.netty.channel.AbstractChannelHandlerContext.fireChannelRead(AbstractChannelHandlerContext.java:319)
	at io.netty.channel.DefaultChannelPipeline.fireChannelRead(DefaultChannelPipeline.java:787)
	at io.netty.channel.nio.AbstractNioByteChannel$NioByteUnsafe.read(AbstractNioByteChannel.java:125)
	at io.netty.channel.nio.NioEventLoop.processSelectedKey(NioEventLoop.java:511)
	at io.netty.channel.nio.NioEventLoop.processSelectedKeysOptimized(NioEventLoop.java:468)
	at io.netty.channel.nio.NioEventLoop.processSelectedKeys(NioEventLoop.java:382)
	at io.netty.channel.nio.NioEventLoop.run(NioEventLoop.java:354)
	at io.netty.util.concurrent.SingleThreadEventExecutor$2.run(SingleThreadEventExecutor.java:116)
	at io.netty.util.concurrent.DefaultThreadFactory$DefaultRunnableDecorator.run(DefaultThreadFactory.java:137)
	at java.lang.Thread.run(Thread.java:745)
Caused by: io.selendroid.standalone.exceptions.ShellCommandException: error: device offline
error: device offline

	... 32 more

сен 16, 2015 4:16:13 PM io.selendroid.standalone.io.ShellCommand exec
INFO: Executing shell command: C:\Android\sdk\platform-tools\adb.exe -s emulator-5554 shell pm clear ru.letobank.Prometheus
сен 16, 2015 4:16:13 PM io.selendroid.standalone.android.impl.AbstractDevice executeCommandQuietly
WARNING: Could not execute command: C:\Android\sdk\platform-tools\adb.exe -s emulator-5554 shell pm clear ru.letobank.Prometheus
io.selendroid.standalone.exceptions.ShellCommandException: Error executing shell command: C:\Android\sdk\platform-tools\adb.exe -s emulator-5554 shell pm clear ru.letobank.Prometheus
	at io.selendroid.standalone.io.ShellCommand.exec(ShellCommand.java:49)
	at io.selendroid.standalone.android.impl.AbstractDevice.executeCommandQuietly(AbstractDevice.java:179)
	at io.selendroid.standalone.android.impl.AbstractDevice.executeCommandQuietly(AbstractDevice.java:174)
	at io.selendroid.standalone.android.impl.AbstractDevice.clearUserData(AbstractDevice.java:203)
	at io.selendroid.standalone.server.model.DeviceStore.release(DeviceStore.java:99)
	at io.selendroid.standalone.server.model.SelendroidStandaloneDriver.createNewTestSession(SelendroidStandaloneDriver.java:301)
	at io.selendroid.standalone.server.model.SelendroidStandaloneDriver.createNewTestSession(SelendroidStandaloneDriver.java:210)
	at io.selendroid.standalone.server.handler.CreateSessionHandler.handleRequest(CreateSessionHandler.java:40)
	at io.selendroid.standalone.server.BaseSelendroidStandaloneHandler.handle(BaseSelendroidStandaloneHandler.java:45)
	at io.selendroid.standalone.server.SelendroidServlet.handleRequest(SelendroidServlet.java:131)
	at io.selendroid.server.common.BaseServlet.handleHttpRequest(BaseServlet.java:67)
	at io.selendroid.server.common.http.ServerHandler.channelRead(ServerHandler.java:53)
	at io.netty.channel.AbstractChannelHandlerContext.invokeChannelRead(AbstractChannelHandlerContext.java:333)
	at io.netty.channel.AbstractChannelHandlerContext.fireChannelRead(AbstractChannelHandlerContext.java:319)
	at io.netty.handler.traffic.AbstractTrafficShapingHandler.channelRead(AbstractTrafficShapingHandler.java:223)
	at io.netty.channel.AbstractChannelHandlerContext.invokeChannelRead(AbstractChannelHandlerContext.java:333)
	at io.netty.channel.AbstractChannelHandlerContext.fireChannelRead(AbstractChannelHandlerContext.java:319)
	at io.netty.handler.codec.MessageToMessageDecoder.channelRead(MessageToMessageDecoder.java:103)
	at io.netty.channel.AbstractChannelHandlerContext.invokeChannelRead(AbstractChannelHandlerContext.java:333)
	at io.netty.channel.AbstractChannelHandlerContext.fireChannelRead(AbstractChannelHandlerContext.java:319)
	at io.netty.handler.codec.ByteToMessageDecoder.channelRead(ByteToMessageDecoder.java:163)
	at io.netty.channel.CombinedChannelDuplexHandler.channelRead(CombinedChannelDuplexHandler.java:148)
	at io.netty.channel.AbstractChannelHandlerContext.invokeChannelRead(AbstractChannelHandlerContext.java:333)
	at io.netty.channel.AbstractChannelHandlerContext.fireChannelRead(AbstractChannelHandlerContext.java:319)
	at io.netty.channel.DefaultChannelPipeline.fireChannelRead(DefaultChannelPipeline.java:787)
	at io.netty.channel.nio.AbstractNioByteChannel$NioByteUnsafe.read(AbstractNioByteChannel.java:125)
	at io.netty.channel.nio.NioEventLoop.processSelectedKey(NioEventLoop.java:511)
	at io.netty.channel.nio.NioEventLoop.processSelectedKeysOptimized(NioEventLoop.java:468)
	at io.netty.channel.nio.NioEventLoop.processSelectedKeys(NioEventLoop.java:382)
	at io.netty.channel.nio.NioEventLoop.run(NioEventLoop.java:354)
	at io.netty.util.concurrent.SingleThreadEventExecutor$2.run(SingleThreadEventExecutor.java:116)
	at io.netty.util.concurrent.DefaultThreadFactory$DefaultRunnableDecorator.run(DefaultThreadFactory.java:137)
	at java.lang.Thread.run(Thread.java:745)
Caused by: io.selendroid.standalone.exceptions.ShellCommandException: error: device offline

	... 33 more

сен 16, 2015 4:16:13 PM io.selendroid.standalone.server.model.SelendroidStandaloneDriver createNewTestSession
INFO: &apos;ru.letobank.Prometheus:1.2.10&apos; will be used as app under test.
сен 16, 2015 4:16:13 PM io.selendroid.standalone.io.ShellCommand exec
INFO: Executing shell command: C:\Android\sdk\platform-tools\adb.exe -s emulator-5554 shell input keyevent 82
сен 16, 2015 4:16:13 PM io.selendroid.standalone.server.model.SelendroidStandaloneDriver createNewTestSession
SEVERE: Error occurred while starting Selendroid session
io.selendroid.standalone.exceptions.AndroidDeviceException: io.selendroid.standalone.exceptions.ShellCommandException: Error executing shell command: C:\Android\sdk\platform-tools\adb.exe -s emulator-5554 shell input keyevent 82
	at io.selendroid.standalone.android.impl.DefaultAndroidEmulator.unlockEmulatorScreen(DefaultAndroidEmulator.java:383)
	at io.selendroid.standalone.server.model.SelendroidStandaloneDriver.startAndroidEmulator(SelendroidStandaloneDriver.java:369)
	at io.selendroid.standalone.server.model.SelendroidStandaloneDriver.createNewTestSession(SelendroidStandaloneDriver.java:227)
	at io.selendroid.standalone.server.model.SelendroidStandaloneDriver.createNewTestSession(SelendroidStandaloneDriver.java:210)
	at io.selendroid.standalone.server.handler.CreateSessionHandler.handleRequest(CreateSessionHandler.java:40)
	at io.selendroid.standalone.server.BaseSelendroidStandaloneHandler.handle(BaseSelendroidStandaloneHandler.java:45)
	at io.selendroid.standalone.server.SelendroidServlet.handleRequest(SelendroidServlet.java:131)
	at io.selendroid.server.common.BaseServlet.handleHttpRequest(BaseServlet.java:67)
	at io.selendroid.server.common.http.ServerHandler.channelRead(ServerHandler.java:53)
	at io.netty.channel.AbstractChannelHandlerContext.invokeChannelRead(AbstractChannelHandlerContext.java:333)
	at io.netty.channel.AbstractChannelHandlerContext.fireChannelRead(AbstractChannelHandlerContext.java:319)
	at io.netty.handler.traffic.AbstractTrafficShapingHandler.channelRead(AbstractTrafficShapingHandler.java:223)
	at io.netty.channel.AbstractChannelHandlerContext.invokeChannelRead(AbstractChannelHandlerContext.java:333)
	at io.netty.channel.AbstractChannelHandlerContext.fireChannelRead(AbstractChannelHandlerContext.java:319)
	at io.netty.handler.codec.MessageToMessageDecoder.channelRead(MessageToMessageDecoder.java:103)
	at io.netty.channel.AbstractChannelHandlerContext.invokeChannelRead(AbstractChannelHandlerContext.java:333)
	at io.netty.channel.AbstractChannelHandlerContext.fireChannelRead(AbstractChannelHandlerContext.java:319)
	at io.netty.handler.codec.ByteToMessageDecoder.channelRead(ByteToMessageDecoder.java:163)
	at io.netty.channel.CombinedChannelDuplexHandler.channelRead(CombinedChannelDuplexHandler.java:148)
	at io.netty.channel.AbstractChannelHandlerContext.invokeChannelRead(AbstractChannelHandlerContext.java:333)
	at io.netty.channel.AbstractChannelHandlerContext.fireChannelRead(AbstractChannelHandlerContext.java:319)
	at io.netty.channel.DefaultChannelPipeline.fireChannelRead(DefaultChannelPipeline.java:787)
	at io.netty.channel.nio.AbstractNioByteChannel$NioByteUnsafe.read(AbstractNioByteChannel.java:125)
	at io.netty.channel.nio.NioEventLoop.processSelectedKey(NioEventLoop.java:511)
	at io.netty.channel.nio.NioEventLoop.processSelectedKeysOptimized(NioEventLoop.java:468)
	at io.netty.channel.nio.NioEventLoop.processSelectedKeys(NioEventLoop.java:382)
	at io.netty.channel.nio.NioEventLoop.run(NioEventLoop.java:354)
	at io.netty.util.concurrent.SingleThreadEventExecutor$2.run(SingleThreadEventExecutor.java:116)
	at io.netty.util.concurrent.DefaultThreadFactory$DefaultRunnableDecorator.run(DefaultThreadFactory.java:137)
	at java.lang.Thread.run(Thread.java:745)
Caused by: io.selendroid.standalone.exceptions.ShellCommandException: Error executing shell command: C:\Android\sdk\platform-tools\adb.exe -s emulator-5554 shell input keyevent 82
	at io.selendroid.standalone.io.ShellCommand.exec(ShellCommand.java:49)
	at io.selendroid.standalone.android.impl.DefaultAndroidEmulator.unlockEmulatorScreen(DefaultAndroidEmulator.java:381)
	... 29 more
Caused by: io.selendroid.standalone.exceptions.ShellCommandException: error: device offline

	... 31 more

сен 16, 2015 4:16:13 PM io.selendroid.standalone.server.model.DeviceStore release
INFO: Releasing device AndroidEmulator [screenSize=(320, 480), targetPlatform=ANDROID19, serial=emulator-5554, avdName=Nexus5, model=Nexus 5 (Google), apiTargetType=google]
сен 16, 2015 4:16:13 PM io.selendroid.standalone.io.ShellCommand exec
INFO: Executing shell command: C:\Android\sdk\platform-tools\adb.exe -s emulator-5554 shell am force-stop ru.letobank.Prometheus
сен 16, 2015 4:16:13 PM io.selendroid.standalone.android.impl.AbstractDevice executeCommandQuietly
WARNING: Could not execute command: C:\Android\sdk\platform-tools\adb.exe -s emulator-5554 shell am force-stop ru.letobank.Prometheus
io.selendroid.standalone.exceptions.ShellCommandException: Error executing shell command: C:\Android\sdk\platform-tools\adb.exe -s emulator-5554 shell am force-stop ru.letobank.Prometheus
	at io.selendroid.standalone.io.ShellCommand.exec(ShellCommand.java:49)
	at io.selendroid.standalone.android.impl.AbstractDevice.executeCommandQuietly(AbstractDevice.java:179)
	at io.selendroid.standalone.android.impl.AbstractDevice.executeCommandQuietly(AbstractDevice.java:174)
	at io.selendroid.standalone.android.impl.AbstractDevice.kill(AbstractDevice.java:210)
	at io.selendroid.standalone.server.model.DeviceStore.release(DeviceStore.java:92)
	at io.selendroid.standalone.server.model.SelendroidStandaloneDriver.createNewTestSession(SelendroidStandaloneDriver.java:301)
	at io.selendroid.standalone.server.model.SelendroidStandaloneDriver.createNewTestSession(SelendroidStandaloneDriver.java:210)
	at io.selendroid.standalone.server.handler.CreateSessionHandler.handleRequest(CreateSessionHandler.java:40)
	at io.selendroid.standalone.server.BaseSelendroidStandaloneHandler.handle(BaseSelendroidStandaloneHandler.java:45)
	at io.selendroid.standalone.server.SelendroidServlet.handleRequest(SelendroidServlet.java:131)
	at io.selendroid.server.common.BaseServlet.handleHttpRequest(BaseServlet.java:67)
	at io.selendroid.server.common.http.ServerHandler.channelRead(ServerHandler.java:53)
	at io.netty.channel.AbstractChannelHandlerContext.invokeChannelRead(AbstractChannelHandlerContext.java:333)
	at io.netty.channel.AbstractChannelHandlerContext.fireChannelRead(AbstractChannelHandlerContext.java:319)
	at io.netty.handler.traffic.AbstractTrafficShapingHandler.channelRead(AbstractTrafficShapingHandler.java:223)
	at io.netty.channel.AbstractChannelHandlerContext.invokeChannelRead(AbstractChannelHandlerContext.java:333)
	at io.netty.channel.AbstractChannelHandlerContext.fireChannelRead(AbstractChannelHandlerContext.java:319)
	at io.netty.handler.codec.MessageToMessageDecoder.channelRead(MessageToMessageDecoder.java:103)
	at io.netty.channel.AbstractChannelHandlerContext.invokeChannelRead(AbstractChannelHandlerContext.java:333)
	at io.netty.channel.AbstractChannelHandlerContext.fireChannelRead(AbstractChannelHandlerContext.java:319)
	at io.netty.handler.codec.ByteToMessageDecoder.channelRead(ByteToMessageDecoder.java:163)
	at io.netty.channel.CombinedChannelDuplexHandler.channelRead(CombinedChannelDuplexHandler.java:148)
	at io.netty.channel.AbstractChannelHandlerContext.invokeChannelRead(AbstractChannelHandlerContext.java:333)
	at io.netty.channel.AbstractChannelHandlerContext.fireChannelRead(AbstractChannelHandlerContext.java:319)
	at io.netty.channel.DefaultChannelPipeline.fireChannelRead(DefaultChannelPipeline.java:787)
	at io.netty.channel.nio.AbstractNioByteChannel$NioByteUnsafe.read(AbstractNioByteChannel.java:125)
	at io.netty.channel.nio.NioEventLoop.processSelectedKey(NioEventLoop.java:511)
	at io.netty.channel.nio.NioEventLoop.processSelectedKeysOptimized(NioEventLoop.java:468)
	at io.netty.channel.nio.NioEventLoop.processSelectedKeys(NioEventLoop.java:382)
	at io.netty.channel.nio.NioEventLoop.run(NioEventLoop.java:354)
	at io.netty.util.concurrent.SingleThreadEventExecutor$2.run(SingleThreadEventExecutor.java:116)
	at io.netty.util.concurrent.DefaultThreadFactory$DefaultRunnableDecorator.run(DefaultThreadFactory.java:137)
	at java.lang.Thread.run(Thread.java:745)
Caused by: io.selendroid.standalone.exceptions.ShellCommandException: error: device offline

	... 33 more

сен 16, 2015 4:16:13 PM io.selendroid.standalone.io.ShellCommand exec
INFO: Executing shell command: C:\Android\sdk\platform-tools\adb.exe -s emulator-5554 forward --remove tcp:5554
сен 16, 2015 4:16:13 PM io.selendroid.standalone.android.impl.AbstractDevice freeSelendroidPort
WARNING: Could not free Selendroid port
io.selendroid.standalone.exceptions.ShellCommandException: Error executing shell command: C:\Android\sdk\platform-tools\adb.exe -s emulator-5554 forward --remove tcp:5554
	at io.selendroid.standalone.io.ShellCommand.exec(ShellCommand.java:49)
	at io.selendroid.standalone.android.impl.AbstractDevice.freeSelendroidPort(AbstractDevice.java:228)
	at io.selendroid.standalone.android.impl.AbstractDevice.kill(AbstractDevice.java:212)
	at io.selendroid.standalone.server.model.DeviceStore.release(DeviceStore.java:92)
	at io.selendroid.standalone.server.model.SelendroidStandaloneDriver.createNewTestSession(SelendroidStandaloneDriver.java:301)
	at io.selendroid.standalone.server.model.SelendroidStandaloneDriver.createNewTestSession(SelendroidStandaloneDriver.java:210)
	at io.selendroid.standalone.server.handler.CreateSessionHandler.handleRequest(CreateSessionHandler.java:40)
	at io.selendroid.standalone.server.BaseSelendroidStandaloneHandler.handle(BaseSelendroidStandaloneHandler.java:45)
	at io.selendroid.standalone.server.SelendroidServlet.handleRequest(SelendroidServlet.java:131)
	at io.selendroid.server.common.BaseServlet.handleHttpRequest(BaseServlet.java:67)
	at io.selendroid.server.common.http.ServerHandler.channelRead(ServerHandler.java:53)
	at io.netty.channel.AbstractChannelHandlerContext.invokeChannelRead(AbstractChannelHandlerContext.java:333)
	at io.netty.channel.AbstractChannelHandlerContext.fireChannelRead(AbstractChannelHandlerContext.java:319)
	at io.netty.handler.traffic.AbstractTrafficShapingHandler.channelRead(AbstractTrafficShapingHandler.java:223)
	at io.netty.channel.AbstractChannelHandlerContext.invokeChannelRead(AbstractChannelHandlerContext.java:333)
	at io.netty.channel.AbstractChannelHandlerContext.fireChannelRead(AbstractChannelHandlerContext.java:319)
	at io.netty.handler.codec.MessageToMessageDecoder.channelRead(MessageToMessageDecoder.java:103)
	at io.netty.channel.AbstractChannelHandlerContext.invokeChannelRead(AbstractChannelHandlerContext.java:333)
	at io.netty.channel.AbstractChannelHandlerContext.fireChannelRead(AbstractChannelHandlerContext.java:319)
	at io.netty.handler.codec.ByteToMessageDecoder.channelRead(ByteToMessageDecoder.java:163)
	at io.netty.channel.CombinedChannelDuplexHandler.channelRead(CombinedChannelDuplexHandler.java:148)
	at io.netty.channel.AbstractChannelHandlerContext.invokeChannelRead(AbstractChannelHandlerContext.java:333)
	at io.netty.channel.AbstractChannelHandlerContext.fireChannelRead(AbstractChannelHandlerContext.java:319)
	at io.netty.channel.DefaultChannelPipeline.fireChannelRead(DefaultChannelPipeline.java:787)
	at io.netty.channel.nio.AbstractNioByteChannel$NioByteUnsafe.read(AbstractNioByteChannel.java:125)
	at io.netty.channel.nio.NioEventLoop.processSelectedKey(NioEventLoop.java:511)
	at io.netty.channel.nio.NioEventLoop.processSelectedKeysOptimized(NioEventLoop.java:468)
	at io.netty.channel.nio.NioEventLoop.processSelectedKeys(NioEventLoop.java:382)
	at io.netty.channel.nio.NioEventLoop.run(NioEventLoop.java:354)
	at io.netty.util.concurrent.SingleThreadEventExecutor$2.run(SingleThreadEventExecutor.java:116)
	at io.netty.util.concurrent.DefaultThreadFactory$DefaultRunnableDecorator.run(DefaultThreadFactory.java:137)
	at java.lang.Thread.run(Thread.java:745)
Caused by: io.selendroid.standalone.exceptions.ShellCommandException: error: device offline
error: device offline

	... 32 more

сен 16, 2015 4:16:13 PM io.selendroid.standalone.io.ShellCommand exec
INFO: Executing shell command: C:\Android\sdk\platform-tools\adb.exe -s emulator-5554 shell pm clear ru.letobank.Prometheus
сен 16, 2015 4:16:13 PM io.selendroid.standalone.android.impl.AbstractDevice executeCommandQuietly
WARNING: Could not execute command: C:\Android\sdk\platform-tools\adb.exe -s emulator-5554 shell pm clear ru.letobank.Prometheus
io.selendroid.standalone.exceptions.ShellCommandException: Error executing shell command: C:\Android\sdk\platform-tools\adb.exe -s emulator-5554 shell pm clear ru.letobank.Prometheus
	at io.selendroid.standalone.io.ShellCommand.exec(ShellCommand.java:49)
	at io.selendroid.standalone.android.impl.AbstractDevice.executeCommandQuietly(AbstractDevice.java:179)
	at io.selendroid.standalone.android.impl.AbstractDevice.executeCommandQuietly(AbstractDevice.java:174)
	at io.selendroid.standalone.android.impl.AbstractDevice.clearUserData(AbstractDevice.java:203)
	at io.selendroid.standalone.server.model.DeviceStore.release(DeviceStore.java:99)
	at io.selendroid.standalone.server.model.SelendroidStandaloneDriver.createNewTestSession(SelendroidStandaloneDriver.java:301)
	at io.selendroid.standalone.server.model.SelendroidStandaloneDriver.createNewTestSession(SelendroidStandaloneDriver.java:210)
	at io.selendroid.standalone.server.handler.CreateSessionHandler.handleRequest(CreateSessionHandler.java:40)
	at io.selendroid.standalone.server.BaseSelendroidStandaloneHandler.handle(BaseSelendroidStandaloneHandler.java:45)
	at io.selendroid.standalone.server.SelendroidServlet.handleRequest(SelendroidServlet.java:131)
	at io.selendroid.server.common.BaseServlet.handleHttpRequest(BaseServlet.java:67)
	at io.selendroid.server.common.http.ServerHandler.channelRead(ServerHandler.java:53)
	at io.netty.channel.AbstractChannelHandlerContext.invokeChannelRead(AbstractChannelHandlerContext.java:333)
	at io.netty.channel.AbstractChannelHandlerContext.fireChannelRead(AbstractChannelHandlerContext.java:319)
	at io.netty.handler.traffic.AbstractTrafficShapingHandler.channelRead(AbstractTrafficShapingHandler.java:223)
	at io.netty.channel.AbstractChannelHandlerContext.invokeChannelRead(AbstractChannelHandlerContext.java:333)
	at io.netty.channel.AbstractChannelHandlerContext.fireChannelRead(AbstractChannelHandlerContext.java:319)
	at io.netty.handler.codec.MessageToMessageDecoder.channelRead(MessageToMessageDecoder.java:103)
	at io.netty.channel.AbstractChannelHandlerContext.invokeChannelRead(AbstractChannelHandlerContext.java:333)
	at io.netty.channel.AbstractChannelHandlerContext.fireChannelRead(AbstractChannelHandlerContext.java:319)
	at io.netty.handler.codec.ByteToMessageDecoder.channelRead(ByteToMessageDecoder.java:163)
	at io.netty.channel.CombinedChannelDuplexHandler.channelRead(CombinedChannelDuplexHandler.java:148)
	at io.netty.channel.AbstractChannelHandlerContext.invokeChannelRead(AbstractChannelHandlerContext.java:333)
	at io.netty.channel.AbstractChannelHandlerContext.fireChannelRead(AbstractChannelHandlerContext.java:319)
	at io.netty.channel.DefaultChannelPipeline.fireChannelRead(DefaultChannelPipeline.java:787)
	at io.netty.channel.nio.AbstractNioByteChannel$NioByteUnsafe.read(AbstractNioByteChannel.java:125)
	at io.netty.channel.nio.NioEventLoop.processSelectedKey(NioEventLoop.java:511)
	at io.netty.channel.nio.NioEventLoop.processSelectedKeysOptimized(NioEventLoop.java:468)
	at io.netty.channel.nio.NioEventLoop.processSelectedKeys(NioEventLoop.java:382)
	at io.netty.channel.nio.NioEventLoop.run(NioEventLoop.java:354)
	at io.netty.util.concurrent.SingleThreadEventExecutor$2.run(SingleThreadEventExecutor.java:116)
	at io.netty.util.concurrent.DefaultThreadFactory$DefaultRunnableDecorator.run(DefaultThreadFactory.java:137)
	at java.lang.Thread.run(Thread.java:745)
Caused by: io.selendroid.standalone.exceptions.ShellCommandException: error: device offline

	... 33 more

сен 16, 2015 4:16:13 PM io.selendroid.standalone.server.model.SelendroidStandaloneDriver createNewTestSession
INFO: &apos;ru.letobank.Prometheus:1.2.10&apos; will be used as app under test.
сен 16, 2015 4:16:13 PM io.selendroid.standalone.io.ShellCommand exec
INFO: Executing shell command: C:\Android\sdk\platform-tools\adb.exe -s emulator-5554 shell input keyevent 82
сен 16, 2015 4:16:13 PM io.selendroid.standalone.server.model.SelendroidStandaloneDriver createNewTestSession
SEVERE: Error occurred while starting Selendroid session
io.selendroid.standalone.exceptions.AndroidDeviceException: io.selendroid.standalone.exceptions.ShellCommandException: Error executing shell command: C:\Android\sdk\platform-tools\adb.exe -s emulator-5554 shell input keyevent 82
	at io.selendroid.standalone.android.impl.DefaultAndroidEmulator.unlockEmulatorScreen(DefaultAndroidEmulator.java:383)
	at io.selendroid.standalone.server.model.SelendroidStandaloneDriver.startAndroidEmulator(SelendroidStandaloneDriver.java:369)
	at io.selendroid.standalone.server.model.SelendroidStandaloneDriver.createNewTestSession(SelendroidStandaloneDriver.java:227)
	at io.selendroid.standalone.server.model.SelendroidStandaloneDriver.createNewTestSession(SelendroidStandaloneDriver.java:210)
	at io.selendroid.standalone.server.handler.CreateSessionHandler.handleRequest(CreateSessionHandler.java:40)
	at io.selendroid.standalone.server.BaseSelendroidStandaloneHandler.handle(BaseSelendroidStandaloneHandler.java:45)
	at io.selendroid.standalone.server.SelendroidServlet.handleRequest(SelendroidServlet.java:131)
	at io.selendroid.server.common.BaseServlet.handleHttpRequest(BaseServlet.java:67)
	at io.selendroid.server.common.http.ServerHandler.channelRead(ServerHandler.java:53)
	at io.netty.channel.AbstractChannelHandlerContext.invokeChannelRead(AbstractChannelHandlerContext.java:333)
	at io.netty.channel.AbstractChannelHandlerContext.fireChannelRead(AbstractChannelHandlerContext.java:319)
	at io.netty.handler.traffic.AbstractTrafficShapingHandler.channelRead(AbstractTrafficShapingHandler.java:223)
	at io.netty.channel.AbstractChannelHandlerContext.invokeChannelRead(AbstractChannelHandlerContext.java:333)
	at io.netty.channel.AbstractChannelHandlerContext.fireChannelRead(AbstractChannelHandlerContext.java:319)
	at io.netty.handler.codec.MessageToMessageDecoder.channelRead(MessageToMessageDecoder.java:103)
	at io.netty.channel.AbstractChannelHandlerContext.invokeChannelRead(AbstractChannelHandlerContext.java:333)
	at io.netty.channel.AbstractChannelHandlerContext.fireChannelRead(AbstractChannelHandlerContext.java:319)
	at io.netty.handler.codec.ByteToMessageDecoder.channelRead(ByteToMessageDecoder.java:163)
	at io.netty.channel.CombinedChannelDuplexHandler.channelRead(CombinedChannelDuplexHandler.java:148)
	at io.netty.channel.AbstractChannelHandlerContext.invokeChannelRead(AbstractChannelHandlerContext.java:333)
	at io.netty.channel.AbstractChannelHandlerContext.fireChannelRead(AbstractChannelHandlerContext.java:319)
	at io.netty.channel.DefaultChannelPipeline.fireChannelRead(DefaultChannelPipeline.java:787)
	at io.netty.channel.nio.AbstractNioByteChannel$NioByteUnsafe.read(AbstractNioByteChannel.java:125)
	at io.netty.channel.nio.NioEventLoop.processSelectedKey(NioEventLoop.java:511)
	at io.netty.channel.nio.NioEventLoop.processSelectedKeysOptimized(NioEventLoop.java:468)
	at io.netty.channel.nio.NioEventLoop.processSelectedKeys(NioEventLoop.java:382)
	at io.netty.channel.nio.NioEventLoop.run(NioEventLoop.java:354)
	at io.netty.util.concurrent.SingleThreadEventExecutor$2.run(SingleThreadEventExecutor.java:116)
	at io.netty.util.concurrent.DefaultThreadFactory$DefaultRunnableDecorator.run(DefaultThreadFactory.java:137)
	at java.lang.Thread.run(Thread.java:745)
Caused by: io.selendroid.standalone.exceptions.ShellCommandException: Error executing shell command: C:\Android\sdk\platform-tools\adb.exe -s emulator-5554 shell input keyevent 82
	at io.selendroid.standalone.io.ShellCommand.exec(ShellCommand.java:49)
	at io.selendroid.standalone.android.impl.DefaultAndroidEmulator.unlockEmulatorScreen(DefaultAndroidEmulator.java:381)
	... 29 more
Caused by: io.selendroid.standalone.exceptions.ShellCommandException: error: device offline

	... 31 more

сен 16, 2015 4:16:13 PM io.selendroid.standalone.server.model.DeviceStore release
INFO: Releasing device AndroidEmulator [screenSize=(320, 480), targetPlatform=ANDROID19, serial=emulator-5554, avdName=Nexus5, model=Nexus 5 (Google), apiTargetType=google]
сен 16, 2015 4:16:13 PM io.selendroid.standalone.io.ShellCommand exec
INFO: Executing shell command: C:\Android\sdk\platform-tools\adb.exe -s emulator-5554 shell am force-stop ru.letobank.Prometheus
сен 16, 2015 4:16:13 PM io.selendroid.standalone.android.impl.AbstractDevice executeCommandQuietly
WARNING: Could not execute command: C:\Android\sdk\platform-tools\adb.exe -s emulator-5554 shell am force-stop ru.letobank.Prometheus
io.selendroid.standalone.exceptions.ShellCommandException: Error executing shell command: C:\Android\sdk\platform-tools\adb.exe -s emulator-5554 shell am force-stop ru.letobank.Prometheus
	at io.selendroid.standalone.io.ShellCommand.exec(ShellCommand.java:49)
	at io.selendroid.standalone.android.impl.AbstractDevice.executeCommandQuietly(AbstractDevice.java:179)
	at io.selendroid.standalone.android.impl.AbstractDevice.executeCommandQuietly(AbstractDevice.java:174)
	at io.selendroid.standalone.android.impl.AbstractDevice.kill(AbstractDevice.java:210)
	at io.selendroid.standalone.server.model.DeviceStore.release(DeviceStore.java:92)
	at io.selendroid.standalone.server.model.SelendroidStandaloneDriver.createNewTestSession(SelendroidStandaloneDriver.java:301)
	at io.selendroid.standalone.server.model.SelendroidStandaloneDriver.createNewTestSession(SelendroidStandaloneDriver.java:210)
	at io.selendroid.standalone.server.handler.CreateSessionHandler.handleRequest(CreateSessionHandler.java:40)
	at io.selendroid.standalone.server.BaseSelendroidStandaloneHandler.handle(BaseSelendroidStandaloneHandler.java:45)
	at io.selendroid.standalone.server.SelendroidServlet.handleRequest(SelendroidServlet.java:131)
	at io.selendroid.server.common.BaseServlet.handleHttpRequest(BaseServlet.java:67)
	at io.selendroid.server.common.http.ServerHandler.channelRead(ServerHandler.java:53)
	at io.netty.channel.AbstractChannelHandlerContext.invokeChannelRead(AbstractChannelHandlerContext.java:333)
	at io.netty.channel.AbstractChannelHandlerContext.fireChannelRead(AbstractChannelHandlerContext.java:319)
	at io.netty.handler.traffic.AbstractTrafficShapingHandler.channelRead(AbstractTrafficShapingHandler.java:223)
	at io.netty.channel.AbstractChannelHandlerContext.invokeChannelRead(AbstractChannelHandlerContext.java:333)
	at io.netty.channel.AbstractChannelHandlerContext.fireChannelRead(AbstractChannelHandlerContext.java:319)
	at io.netty.handler.codec.MessageToMessageDecoder.channelRead(MessageToMessageDecoder.java:103)
	at io.netty.channel.AbstractChannelHandlerContext.invokeChannelRead(AbstractChannelHandlerContext.java:333)
	at io.netty.channel.AbstractChannelHandlerContext.fireChannelRead(AbstractChannelHandlerContext.java:319)
	at io.netty.handler.codec.ByteToMessageDecoder.channelRead(ByteToMessageDecoder.java:163)
	at io.netty.channel.CombinedChannelDuplexHandler.channelRead(CombinedChannelDuplexHandler.java:148)
	at io.netty.channel.AbstractChannelHandlerContext.invokeChannelRead(AbstractChannelHandlerContext.java:333)
	at io.netty.channel.AbstractChannelHandlerContext.fireChannelRead(AbstractChannelHandlerContext.java:319)
	at io.netty.channel.DefaultChannelPipeline.fireChannelRead(DefaultChannelPipeline.java:787)
	at io.netty.channel.nio.AbstractNioByteChannel$NioByteUnsafe.read(AbstractNioByteChannel.java:125)
	at io.netty.channel.nio.NioEventLoop.processSelectedKey(NioEventLoop.java:511)
	at io.netty.channel.nio.NioEventLoop.processSelectedKeysOptimized(NioEventLoop.java:468)
	at io.netty.channel.nio.NioEventLoop.processSelectedKeys(NioEventLoop.java:382)
	at io.netty.channel.nio.NioEventLoop.run(NioEventLoop.java:354)
	at io.netty.util.concurrent.SingleThreadEventExecutor$2.run(SingleThreadEventExecutor.java:116)
	at io.netty.util.concurrent.DefaultThreadFactory$DefaultRunnableDecorator.run(DefaultThreadFactory.java:137)
	at java.lang.Thread.run(Thread.java:745)
Caused by: io.selendroid.standalone.exceptions.ShellCommandException: error: device offline

	... 33 more

сен 16, 2015 4:16:13 PM io.selendroid.standalone.io.ShellCommand exec
INFO: Executing shell command: C:\Android\sdk\platform-tools\adb.exe -s emulator-5554 forward --remove tcp:5554
сен 16, 2015 4:16:13 PM io.selendroid.standalone.android.impl.AbstractDevice freeSelendroidPort
WARNING: Could not free Selendroid port
io.selendroid.standalone.exceptions.ShellCommandException: Error executing shell command: C:\Android\sdk\platform-tools\adb.exe -s emulator-5554 forward --remove tcp:5554
	at io.selendroid.standalone.io.ShellCommand.exec(ShellCommand.java:49)
	at io.selendroid.standalone.android.impl.AbstractDevice.freeSelendroidPort(AbstractDevice.java:228)
	at io.selendroid.standalone.android.impl.AbstractDevice.kill(AbstractDevice.java:212)
	at io.selendroid.standalone.server.model.DeviceStore.release(DeviceStore.java:92)
	at io.selendroid.standalone.server.model.SelendroidStandaloneDriver.createNewTestSession(SelendroidStandaloneDriver.java:301)
	at io.selendroid.standalone.server.model.SelendroidStandaloneDriver.createNewTestSession(SelendroidStandaloneDriver.java:210)
	at io.selendroid.standalone.server.handler.CreateSessionHandler.handleRequest(CreateSessionHandler.java:40)
	at io.selendroid.standalone.server.BaseSelendroidStandaloneHandler.handle(BaseSelendroidStandaloneHandler.java:45)
	at io.selendroid.standalone.server.SelendroidServlet.handleRequest(SelendroidServlet.java:131)
	at io.selendroid.server.common.BaseServlet.handleHttpRequest(BaseServlet.java:67)
	at io.selendroid.server.common.http.ServerHandler.channelRead(ServerHandler.java:53)
	at io.netty.channel.AbstractChannelHandlerContext.invokeChannelRead(AbstractChannelHandlerContext.java:333)
	at io.netty.channel.AbstractChannelHandlerContext.fireChannelRead(AbstractChannelHandlerContext.java:319)
	at io.netty.handler.traffic.AbstractTrafficShapingHandler.channelRead(AbstractTrafficShapingHandler.java:223)
	at io.netty.channel.AbstractChannelHandlerContext.invokeChannelRead(AbstractChannelHandlerContext.java:333)
	at io.netty.channel.AbstractChannelHandlerContext.fireChannelRead(AbstractChannelHandlerContext.java:319)
	at io.netty.handler.codec.MessageToMessageDecoder.channelRead(MessageToMessageDecoder.java:103)
	at io.netty.channel.AbstractChannelHandlerContext.invokeChannelRead(AbstractChannelHandlerContext.java:333)
	at io.netty.channel.AbstractChannelHandlerContext.fireChannelRead(AbstractChannelHandlerContext.java:319)
	at io.netty.handler.codec.ByteToMessageDecoder.channelRead(ByteToMessageDecoder.java:163)
	at io.netty.channel.CombinedChannelDuplexHandler.channelRead(CombinedChannelDuplexHandler.java:148)
	at io.netty.channel.AbstractChannelHandlerContext.invokeChannelRead(AbstractChannelHandlerContext.java:333)
	at io.netty.channel.AbstractChannelHandlerContext.fireChannelRead(AbstractChannelHandlerContext.java:319)
	at io.netty.channel.DefaultChannelPipeline.fireChannelRead(DefaultChannelPipeline.java:787)
	at io.netty.channel.nio.AbstractNioByteChannel$NioByteUnsafe.read(AbstractNioByteChannel.java:125)
	at io.netty.channel.nio.NioEventLoop.processSelectedKey(NioEventLoop.java:511)
	at io.netty.channel.nio.NioEventLoop.processSelectedKeysOptimized(NioEventLoop.java:468)
	at io.netty.channel.nio.NioEventLoop.processSelectedKeys(NioEventLoop.java:382)
	at io.netty.channel.nio.NioEventLoop.run(NioEventLoop.java:354)
	at io.netty.util.concurrent.SingleThreadEventExecutor$2.run(SingleThreadEventExecutor.java:116)
	at io.netty.util.concurrent.DefaultThreadFactory$DefaultRunnableDecorator.run(DefaultThreadFactory.java:137)
	at java.lang.Thread.run(Thread.java:745)
Caused by: io.selendroid.standalone.exceptions.ShellCommandException: error: device offline
error: device offline

	... 32 more

сен 16, 2015 4:16:13 PM io.selendroid.standalone.io.ShellCommand exec
INFO: Executing shell command: C:\Android\sdk\platform-tools\adb.exe -s emulator-5554 shell pm clear ru.letobank.Prometheus
сен 16, 2015 4:16:13 PM io.selendroid.standalone.android.impl.AbstractDevice executeCommandQuietly
WARNING: Could not execute command: C:\Android\sdk\platform-tools\adb.exe -s emulator-5554 shell pm clear ru.letobank.Prometheus
io.selendroid.standalone.exceptions.ShellCommandException: Error executing shell command: C:\Android\sdk\platform-tools\adb.exe -s emulator-5554 shell pm clear ru.letobank.Prometheus
	at io.selendroid.standalone.io.ShellCommand.exec(ShellCommand.java:49)
	at io.selendroid.standalone.android.impl.AbstractDevice.executeCommandQuietly(AbstractDevice.java:179)
	at io.selendroid.standalone.android.impl.AbstractDevice.executeCommandQuietly(AbstractDevice.java:174)
	at io.selendroid.standalone.android.impl.AbstractDevice.clearUserData(AbstractDevice.java:203)
	at io.selendroid.standalone.server.model.DeviceStore.release(DeviceStore.java:99)
	at io.selendroid.standalone.server.model.SelendroidStandaloneDriver.createNewTestSession(SelendroidStandaloneDriver.java:301)
	at io.selendroid.standalone.server.model.SelendroidStandaloneDriver.createNewTestSession(SelendroidStandaloneDriver.java:210)
	at io.selendroid.standalone.server.handler.CreateSessionHandler.handleRequest(CreateSessionHandler.java:40)
	at io.selendroid.standalone.server.BaseSelendroidStandaloneHandler.handle(BaseSelendroidStandaloneHandler.java:45)
	at io.selendroid.standalone.server.SelendroidServlet.handleRequest(SelendroidServlet.java:131)
	at io.selendroid.server.common.BaseServlet.handleHttpRequest(BaseServlet.java:67)
	at io.selendroid.server.common.http.ServerHandler.channelRead(ServerHandler.java:53)
	at io.netty.channel.AbstractChannelHandlerContext.invokeChannelRead(AbstractChannelHandlerContext.java:333)
	at io.netty.channel.AbstractChannelHandlerContext.fireChannelRead(AbstractChannelHandlerContext.java:319)
	at io.netty.handler.traffic.AbstractTrafficShapingHandler.channelRead(AbstractTrafficShapingHandler.java:223)
	at io.netty.channel.AbstractChannelHandlerContext.invokeChannelRead(AbstractChannelHandlerContext.java:333)
	at io.netty.channel.AbstractChannelHandlerContext.fireChannelRead(AbstractChannelHandlerContext.java:319)
	at io.netty.handler.codec.MessageToMessageDecoder.channelRead(MessageToMessageDecoder.java:103)
	at io.netty.channel.AbstractChannelHandlerContext.invokeChannelRead(AbstractChannelHandlerContext.java:333)
	at io.netty.channel.AbstractChannelHandlerContext.fireChannelRead(AbstractChannelHandlerContext.java:319)
	at io.netty.handler.codec.ByteToMessageDecoder.channelRead(ByteToMessageDecoder.java:163)
	at io.netty.channel.CombinedChannelDuplexHandler.channelRead(CombinedChannelDuplexHandler.java:148)
	at io.netty.channel.AbstractChannelHandlerContext.invokeChannelRead(AbstractChannelHandlerContext.java:333)
	at io.netty.channel.AbstractChannelHandlerContext.fireChannelRead(AbstractChannelHandlerContext.java:319)
	at io.netty.channel.DefaultChannelPipeline.fireChannelRead(DefaultChannelPipeline.java:787)
	at io.netty.channel.nio.AbstractNioByteChannel$NioByteUnsafe.read(AbstractNioByteChannel.java:125)
	at io.netty.channel.nio.NioEventLoop.processSelectedKey(NioEventLoop.java:511)
	at io.netty.channel.nio.NioEventLoop.processSelectedKeysOptimized(NioEventLoop.java:468)
	at io.netty.channel.nio.NioEventLoop.processSelectedKeys(NioEventLoop.java:382)
	at io.netty.channel.nio.NioEventLoop.run(NioEventLoop.java:354)
	at io.netty.util.concurrent.SingleThreadEventExecutor$2.run(SingleThreadEventExecutor.java:116)
	at io.netty.util.concurrent.DefaultThreadFactory$DefaultRunnableDecorator.run(DefaultThreadFactory.java:137)
	at java.lang.Thread.run(Thread.java:745)
Caused by: io.selendroid.standalone.exceptions.ShellCommandException: error: device offline

	... 33 more

сен 16, 2015 4:16:13 PM io.selendroid.standalone.server.handler.CreateSessionHandler handleRequest
SEVERE: Error while creating new session
io.selendroid.server.common.exceptions.SessionNotCreatedException: Error starting Selendroid session
	at io.selendroid.standalone.server.model.SelendroidStandaloneDriver.createNewTestSession(SelendroidStandaloneDriver.java:311)
	at io.selendroid.standalone.server.model.SelendroidStandaloneDriver.createNewTestSession(SelendroidStandaloneDriver.java:210)
	at io.selendroid.standalone.server.handler.CreateSessionHandler.handleRequest(CreateSessionHandler.java:40)
	at io.selendroid.standalone.server.BaseSelendroidStandaloneHandler.handle(BaseSelendroidStandaloneHandler.java:45)
	at io.selendroid.standalone.server.SelendroidServlet.handleRequest(SelendroidServlet.java:131)
	at io.selendroid.server.common.BaseServlet.handleHttpRequest(BaseServlet.java:67)
	at io.selendroid.server.common.http.ServerHandler.channelRead(ServerHandler.java:53)
	at io.netty.channel.AbstractChannelHandlerContext.invokeChannelRead(AbstractChannelHandlerContext.java:333)
	at io.netty.channel.AbstractChannelHandlerContext.fireChannelRead(AbstractChannelHandlerContext.java:319)
	at io.netty.handler.traffic.AbstractTrafficShapingHandler.channelRead(AbstractTrafficShapingHandler.java:223)
	at io.netty.channel.AbstractChannelHandlerContext.invokeChannelRead(AbstractChannelHandlerContext.java:333)
	at io.netty.channel.AbstractChannelHandlerContext.fireChannelRead(AbstractChannelHandlerContext.java:319)
	at io.netty.handler.codec.MessageToMessageDecoder.channelRead(MessageToMessageDecoder.java:103)
	at io.netty.channel.AbstractChannelHandlerContext.invokeChannelRead(AbstractChannelHandlerContext.java:333)
	at io.netty.channel.AbstractChannelHandlerContext.fireChannelRead(AbstractChannelHandlerContext.java:319)
	at io.netty.handler.codec.ByteToMessageDecoder.channelRead(ByteToMessageDecoder.java:163)
	at io.netty.channel.CombinedChannelDuplexHandler.channelRead(CombinedChannelDuplexHandler.java:148)
	at io.netty.channel.AbstractChannelHandlerContext.invokeChannelRead(AbstractChannelHandlerContext.java:333)
	at io.netty.channel.AbstractChannelHandlerContext.fireChannelRead(AbstractChannelHandlerContext.java:319)
	at io.netty.channel.DefaultChannelPipeline.fireChannelRead(DefaultChannelPipeline.java:787)
	at io.netty.channel.nio.AbstractNioByteChannel$NioByteUnsafe.read(AbstractNioByteChannel.java:125)
	at io.netty.channel.nio.NioEventLoop.processSelectedKey(NioEventLoop.java:511)
	at io.netty.channel.nio.NioEventLoop.processSelectedKeysOptimized(NioEventLoop.java:468)
	at io.netty.channel.nio.NioEventLoop.processSelectedKeys(NioEventLoop.java:382)
	at io.netty.channel.nio.NioEventLoop.run(NioEventLoop.java:354)
	at io.netty.util.concurrent.SingleThreadEventExecutor$2.run(SingleThreadEventExecutor.java:116)
	at io.netty.util.concurrent.DefaultThreadFactory$DefaultRunnableDecorator.run(DefaultThreadFactory.java:137)
	at java.lang.Thread.run(Thread.java:745)
Caused by: io.selendroid.standalone.exceptions.AndroidDeviceException: io.selendroid.standalone.exceptions.ShellCommandException: Error executing shell command: C:\Android\sdk\platform-tools\adb.exe -s emulator-5554 shell input keyevent 82
	at io.selendroid.standalone.android.impl.DefaultAndroidEmulator.unlockEmulatorScreen(DefaultAndroidEmulator.java:383)
	at io.selendroid.standalone.server.model.SelendroidStandaloneDriver.startAndroidEmulator(SelendroidStandaloneDriver.java:369)
	at io.selendroid.standalone.server.model.SelendroidStandaloneDriver.createNewTestSession(SelendroidStandaloneDriver.java:227)
	... 27 more
Caused by: io.selendroid.standalone.exceptions.ShellCommandException: Error executing shell command: C:\Android\sdk\platform-tools\adb.exe -s emulator-5554 shell input keyevent 82
	at io.selendroid.standalone.io.ShellCommand.exec(ShellCommand.java:49)
	at io.selendroid.standalone.android.impl.DefaultAndroidEmulator.unlockEmulatorScreen(DefaultAndroidEmulator.java:381)
	... 29 more
Caused by: io.selendroid.standalone.exceptions.ShellCommandException: error: device offline

	... 31 more

</system-err>
  </testcase>
  <testcase classname="letoapp.tests.CanceledDepositScreensTest" name="auth" time="0">
    <skipped/>
  </testcase>
  <testcase classname="letoapp.tests.CanceledDepositScreensTest" name="openDepositsListTest" time="0.003">
    <skipped/>
  </testcase>
  <testcase classname="letoapp.tests.CanceledDepositScreensTest" name="openDepositFromDepositsListTest" time="0.003">
    <skipped/>
  </testcase>
  <testcase classname="letoapp.tests.CanceledDepositScreensTest" name="depositScreenDepositTabVerify" time="0.003">
    <skipped/>
  </testcase>
  <testcase classname="letoapp.tests.CanceledDepositScreensTest" name="changeDisplayNameTest" time="0.003">
    <skipped/>
  </testcase>
  <testcase classname="letoapp.tests.CanceledDepositScreensTest" name="depositScreeenInfoTabVerify" time="0.003">
    <skipped/>
  </testcase>
  <testcase classname="letoapp.tests.CanceledDepositScreensTest" name="depositOperationsScreenTest" time="0.003">
    <skipped/>
  </testcase>
  <testcase classname="letoapp.tests.CanceledDepositScreensTest" name="exit" time="0.003">
    <skipped/>
  </testcase>
  <testcase classname="letoapp.tests.CanceledDepositScreensTest" name="tearDown" time="0.003">
    <skipped/>
  </testcase>
  <testcase classname="letoapp.tests.CanceledDepositScreensTest" name="tearDownServer" time="0.016">
    <skipped/>
  </testcase>
</testsuite>