<?xml version="1.0" encoding="UTF-8"?>
<!-- Generated by org.testng.reporters.JUnitReportReporter -->
<testsuite hostname="WS-QA-08" name="letoapp.tests.CardScreensTest" tests="25" failures="0" timestamp="17 Sep 2015 11:48:20 GMT" time="358.296" errors="0">
  <testcase name="cardScreeenInfoTabVerify" time="9.608" classname="letoapp.tests.CardScreensTest"/>
  <testcase name="howWorksBlockFundsScreenTest" time="2.368" classname="letoapp.tests.CardScreensTest"/>
  <testcase name="openPaymentSystemsTerminalsScreenTest" time="16.843" classname="letoapp.tests.CardScreensTest"/>
  <testcase name="cardOperationsFromInfoTabTest" time="19.665" classname="letoapp.tests.CardScreensTest"/>
  <testcase name="blockFundsTest" time="10.350" classname="letoapp.tests.CardScreensTest"/>
  <testcase name="changePaymentDateTest" time="34.513" classname="letoapp.tests.CardScreensTest"/>
  <testcase name="changeDisplayNameTest" time="28.993" classname="letoapp.tests.CardScreensTest"/>
  <testcase name="getQRCodeTest" time="6.805" classname="letoapp.tests.CardScreensTest"/>
  <testcase name="cardScreenManagementTabVerify" time="6.508" classname="letoapp.tests.CardScreensTest"/>
  <testcase name="openCardTest" time="9.686" classname="letoapp.tests.CardScreensTest"/>
  <testcase name="whatIfScreenTest" time="10.917" classname="letoapp.tests.CardScreensTest"/>
  <testcase name="connectingServicesScreenTest" time="25.160" classname="letoapp.tests.CardScreensTest"/>
  <testcase name="cardOperationsScreenTest" time="27.034" classname="letoapp.tests.CardScreensTest"/>
  <testcase name="howWorksBlockFundsScreenFromManagementTabTest" time="3.153" classname="letoapp.tests.CardScreensTest"/>
  <testcase name="mandatoryPaymentClickabilityTest" time="15.289" classname="letoapp.tests.CardScreensTest"/>
  <testcase name="exit" time="7.646" classname="letoapp.tests.CardScreensTest"/>
  <testcase name="openInLetoBankOfficesScreenTest" time="16.566" classname="letoapp.tests.CardScreensTest"/>
  <testcase name="openAnotherBankPaymentScreenTest" time="16.531" classname="letoapp.tests.CardScreensTest"/>
  <testcase name="cardScreenCardTabVerify" time="1.924" classname="letoapp.tests.CardScreensTest"/>
  <testcase name="unblockFundsTest" time="15.200" classname="letoapp.tests.CardScreensTest"/>
  <testcase name="blockedFundsScreenTest" time="35.682" classname="letoapp.tests.CardScreensTest"/>
  <testcase name="auth" time="17.325" classname="letoapp.tests.CardScreensTest"/>
  <testcase name="howToUseCardScreenTest" time="2.203" classname="letoapp.tests.CardScreensTest"/>
  <testcase name="unblockFundsFromManagementTabTest" time="10.361" classname="letoapp.tests.CardScreensTest"/>
  <testcase name="blockFundsFromManagementTabTest" time="7.966" classname="letoapp.tests.CardScreensTest"/>
</testsuite> <!-- letoapp.tests.CardScreensTest -->
