<?xml version="1.0" encoding="UTF-8"?>
<!-- Generated by org.testng.reporters.JUnitReportReporter -->
<testsuite hostname="WS-QA-08" name="letoapp.tests.DevelopTest" tests="8" failures="0" timestamp="16 Sep 2015 12:28:37 GMT" time="156.226" errors="0">
  <testcase name="depositScreeenInfoTabVerify" time="5.307" classname="letoapp.tests.DevelopTest"/>
  <testcase name="auth" time="73.247" classname="letoapp.tests.DevelopTest"/>
  <testcase name="changeDisplayNameTest" time="22.659" classname="letoapp.tests.DevelopTest"/>
  <testcase name="openDepositsListTest" time="15.175" classname="letoapp.tests.DevelopTest"/>
  <testcase name="openDepositFromDepositsListTest" time="6.794" classname="letoapp.tests.DevelopTest"/>
  <testcase name="depositOperationsScreenTest" time="22.873" classname="letoapp.tests.DevelopTest"/>
  <testcase name="depositScreenDepositTabVerify" time="1.796" classname="letoapp.tests.DevelopTest"/>
  <testcase name="exit" time="8.375" classname="letoapp.tests.DevelopTest"/>
</testsuite> <!-- letoapp.tests.DevelopTest -->
